13:54:01.935 [main                     ] DEBUG Logger               - Configured Logger
13:54:01.945 [main                     ] DEBUG GameApplication      - Logging settings
Title: Flappy Bird
Version: 
Width: 1600
Height: 900
Fullscreen: false
Intro: false
Profiling: false
Single step:false
App Mode: DEVELOPER
Menu Key: ESCAPE
Stage Style: DECORATED
Scene Factory: class com.almasb.fxgl.app.scene.SceneFactory

13:54:02.584 [JavaFX Application Thread] DEBUG FXGLApplication      - Initializing FXGL
13:54:02.588 [JavaFX Application Thread] INFO  Engine               - FXGL-dev-SNAPSHOT (14.03.2021 13.40) on WINDOWS (J:14.0.2 FX:15)
13:54:02.589 [JavaFX Application Thread] DEBUG Engine               - JRE Vendor Name: Oracle Corporation
13:54:02.589 [JavaFX Application Thread] DEBUG Engine               - Running on OS: Windows 10 version 10.0
13:54:02.589 [JavaFX Application Thread] DEBUG Engine               - Architecture: amd64
13:54:02.589 [JavaFX Application Thread] INFO  Engine               - Source code and latest versions at: https://github.com/AlmasB/FXGL
13:54:02.589 [JavaFX Application Thread] INFO  Engine               -              Join the FXGL chat at: https://gitter.im/AlmasB/FXGL
13:54:02.901 [JavaFX Application Thread] DEBUG PrimaryStageWindow   - Creating a JavaFX scene
13:54:03.003 [JavaFX Application Thread] DEBUG PrimaryStageWindow   - Target settings size: 1600.0 x 900.0
13:54:03.004 [JavaFX Application Thread] DEBUG PrimaryStageWindow   - Scaled scene size:    1600.0 x 900.0
13:54:03.005 [JavaFX Application Thread] DEBUG PrimaryStageWindow   - Scaled ratio: (1.0, 1.0)
13:54:03.006 [JavaFX Application Thread] DEBUG PrimaryStageWindow   - Set initial scene to FXGLStartupScene
13:54:03.016 [JavaFX Application Thread] DEBUG PrimaryStageWindow   - Opening main window
13:54:03.161 [JavaFX Application Thread] DEBUG PrimaryStageWindow   - Window border size: (16.0, 39.0)
13:54:03.162 [JavaFX Application Thread] DEBUG PrimaryStageWindow   - Scaled size: 1600.0 x 900.0
13:54:03.163 [JavaFX Application Thread] DEBUG PrimaryStageWindow   - Scaled ratio: (1.0, 1.0)
13:54:03.163 [JavaFX Application Thread] DEBUG PrimaryStageWindow   - Scene size: 1600.0 x 900.0
13:54:03.163 [JavaFX Application Thread] DEBUG PrimaryStageWindow   - Stage size: 1616.0 x 939.0
13:54:03.381 [FXGL Background Thread 1 ] DEBUG Engine               - Initializing environment variables
13:54:03.481 [FXGL Background Thread 1 ] DEBUG FXGLAssetLoaderServi - User app class for loading assets: class com.almasb.fxglgames.flappy.FlappyBirdApp
13:54:03.481 [FXGL Background Thread 1 ] DEBUG GameApplicationServi - Applying CSS: fxgl_dark.css
13:54:03.482 [FXGL Background Thread 1 ] DEBUG FXGLAssetLoaderServi - Loading from file system: jar:file:/C:/Users/Karan/.m2/repository/com/github/almasb/fxgl/dev-SNAPSHOT/fxgl-dev-20210314.134109-1706.jar!/fxglassets/ui/css/fxgl_dark.css
13:54:03.583 [FXGL Background Thread 1 ] DEBUG GameApplicationServi - Initializing application scenes
13:54:03.725 [FXGL Background Thread 1 ] DEBUG GameWorld            - Game world initialized
13:54:04.023 [FXGL Background Thread 1 ] DEBUG PhysicsWorld         - Physics world initialized: appHeight=900, physics.ppm=50.0
13:54:04.024 [FXGL Background Thread 1 ] DEBUG PhysicsWorld         - Using strategy: BRUTE_FORCE
13:54:04.030 [FXGL Background Thread 1 ] DEBUG GameScene            - Game scene initialized: 1600x900
13:54:04.094 [FXGL Background Thread 1 ] DEBUG FXGLAssetLoaderServi - Loading from file system: jar:file:/C:/Users/Karan/.m2/repository/com/github/almasb/fxgl/dev-SNAPSHOT/fxgl-dev-20210314.134109-1706.jar!/fxglassets/textures/particles/trace_horizontal.png
13:54:04.207 [FXGL Background Thread 1 ] DEBUG FXGL.DefaultMenu     - createMenuBodyMainMenu()
13:54:04.250 [FXGL Background Thread 1 ] DEBUG FXGL.DefaultMenu     - createOptionsMenu()
13:54:04.260 [FXGL Background Thread 1 ] DEBUG FXGLAssetLoaderServi - Loading from file system: jar:file:/C:/Users/Karan/.m2/repository/com/github/almasb/fxgl/dev-SNAPSHOT/fxgl-dev-20210314.134109-1706.jar!/fxglassets/textures/particles/smoke.png
13:54:04.341 [FXGL Background Thread 1 ] DEBUG FXGL.DefaultMenu     - createMenuBodyGameMenu()
13:54:04.343 [FXGL Background Thread 1 ] DEBUG FXGL.DefaultMenu     - createOptionsMenu()
13:54:04.366 [FXGL Background Thread 1 ] DEBUG GameApplicationServi - Application scenes initialized
13:54:04.384 [FXGL Background Thread 1 ] DEBUG SystemBundleService  - Loading FXGL system data
13:54:04.390 [FXGL Background Thread 1 ] DEBUG FileSystemAccess     - Reading from: C:\Users\Karan\Documents\School\M359\Animation Project\system\fxgl.bundle
13:54:04.399 [FXGL Background Thread 1 ] DEBUG SystemBundleService  - Bundle FXGL: {}
13:54:04.399 [FXGL Background Thread 1 ] DEBUG UpdaterService       - Checking for updates
13:54:04.405 [FXGL Background Thread 4 ] DEBUG FXGLApplication      - Loading fonts
13:54:04.406 [FXGL Background Thread 1 ] DEBUG FXGLApplication      - Loading default localization
13:54:04.406 [FXGL Background Thread 1 ] DEBUG FXGLAssetLoaderServi - Loading from file system: jar:file:/C:/Users/Karan/.m2/repository/com/github/almasb/fxgl/dev-SNAPSHOT/fxgl-dev-20210314.134109-1706.jar!/fxglassets/languages/english.lang
13:54:04.406 [FXGL Background Thread 4 ] DEBUG FXGLAssetLoaderServi - Loading from file system: jar:file:/C:/Users/Karan/.m2/repository/com/github/almasb/fxgl/dev-SNAPSHOT/fxgl-dev-20210314.134109-1706.jar!/fxglassets/ui/fonts/VarelaRound-Regular.ttf
13:54:04.429 [FXGL Background Thread 1 ] INFO  FXGLApplication      - FXGL initialization took: 1.048 sec
13:54:04.442 [JavaFX Application Thread] DEBUG Input                - Registered new binding: Jump - Up
13:54:04.442 [JavaFX Application Thread] DEBUG FXGLAssetLoaderServi - Loading from file system: file:/C:/Users/Karan/Documents/School/M359/Animation%20Project/target/classes/assets/music/bgm.mp3
13:54:04.646 [FXGL Background Thread 4 ] DEBUG FXGLAssetLoaderServi - Loading from file system: jar:file:/C:/Users/Karan/.m2/repository/com/github/almasb/fxgl/dev-SNAPSHOT/fxgl-dev-20210314.134109-1706.jar!/fxglassets/ui/fonts/Abel-Regular.ttf
13:54:04.650 [FXGL Background Thread 4 ] DEBUG FXGLAssetLoaderServi - Loading from file system: jar:file:/C:/Users/Karan/.m2/repository/com/github/almasb/fxgl/dev-SNAPSHOT/fxgl-dev-20210314.134109-1706.jar!/fxglassets/ui/fonts/lucida_console.ttf
13:54:04.655 [FXGL Background Thread 4 ] DEBUG FXGLAssetLoaderServi - Loading from file system: jar:file:/C:/Users/Karan/.m2/repository/com/github/almasb/fxgl/dev-SNAPSHOT/fxgl-dev-20210314.134109-1706.jar!/fxglassets/ui/fonts/Courier-Prime.ttf
13:54:04.735 [JavaFX Application Thread] DEBUG AudioPlayer          - Playing music com.almasb.fxgl.audio.Music@48b4fc9b
13:54:04.739 [JavaFX Application Thread] DEBUG FXGLAssetLoaderServi - Loading from file system: jar:file:/C:/Users/Karan/.m2/repository/com/github/almasb/fxgl/dev-SNAPSHOT/fxgl-dev-20210314.134109-1706.jar!/fxglassets/textures/fxgl_icon.png
13:54:04.766 [JavaFX Application Thread] DEBUG FXGLAssetLoaderServi - Loading from file system: jar:file:/C:/Users/Karan/.m2/repository/com/github/almasb/fxgl/dev-SNAPSHOT/fxgl-dev-20210314.134109-1706.jar!/fxglassets/ui/cursors/fxgl_default.png
13:54:04.768 [JavaFX Application Thread] DEBUG Input                - Registered new binding: Screenshot - P
13:54:04.768 [JavaFX Application Thread] DEBUG Input                - Registered new binding: System info dump - CTRL+9
13:54:04.769 [JavaFX Application Thread] DEBUG Input                - Registered new binding: Restart - CTRL+R
13:54:04.769 [JavaFX Application Thread] DEBUG Input                - Registered new binding: Toggle Debug Camera - CTRL+C
13:54:04.772 [JavaFX Application Thread] DEBUG LoopRunner           - Starting loop
13:54:04.772 [JavaFX Application Thread] DEBUG LoopRunner           - Initializing JavaFX AnimationTimerLoop
13:54:04.776 [JavaFX Application Thread] DEBUG Input                - Clearing active input actions
13:54:04.796 [JavaFX Application Thread] DEBUG GameApplicationServi - Removing overlay from FXGLStartupScene and adding to FXGLMainMenuDummyScene
13:54:04.797 [JavaFX Application Thread] DEBUG PrimaryStageWindow   - FXGLStartupScene -> FXGLMainMenuDummyScene
13:54:04.797 [JavaFX Application Thread] DEBUG PrimaryStageWindow   - Push state: FXGLDefaultMenu
13:54:04.802 [JavaFX Application Thread] DEBUG Input                - Clearing active input actions
13:54:04.821 [JavaFX Application Thread] DEBUG GameApplicationServi - Removing overlay from FXGLMainMenuDummyScene and adding to FXGLDefaultMenu
13:54:04.822 [JavaFX Application Thread] DEBUG PrimaryStageWindow   - FXGLMainMenuDummyScene -> FXGLDefaultMenu
13:54:04.826 [JavaFX Application Thread] DEBUG FXGLApplication      - Registering font factories with UI factory
13:54:05.045 [FXGL Background Thread 2 ] INFO  UpdaterService       - Your current version:  dev-SNAPSHOT
13:54:05.045 [FXGL Background Thread 2 ] INFO  UpdaterService       - Latest stable version: 11.14
13:54:07.429 [FXGL Background Thread 3 ] DEBUG Engine               - Logging environment variables
13:54:07.434 [FXGL Background Thread 3 ] DEBUG Engine               - achievements: []
13:54:07.434 [FXGL Background Thread 3 ] DEBUG Engine               - actualHeight: 900.0
13:54:07.434 [FXGL Background Thread 3 ] DEBUG Engine               - actualHeightProperty: ReadOnlyDoubleProperty [value: 900.0]
13:54:07.434 [FXGL Background Thread 3 ] DEBUG Engine               - actualWidth: 1600.0
13:54:07.435 [FXGL Background Thread 3 ] DEBUG Engine               - actualWidthProperty: ReadOnlyDoubleProperty [value: 1600.0]
13:54:07.435 [FXGL Background Thread 3 ] DEBUG Engine               - appIcon: fxgl_icon.png
13:54:07.435 [FXGL Background Thread 3 ] DEBUG Engine               - applicationMode: DEVELOPER
13:54:07.435 [FXGL Background Thread 3 ] DEBUG Engine               - cSSList: [fxgl_dark.css]
13:54:07.435 [FXGL Background Thread 3 ] DEBUG Engine               - collisionDetectionStrategy: BRUTE_FORCE
13:54:07.435 [FXGL Background Thread 3 ] DEBUG Engine               - configClass: Optional.empty
13:54:07.435 [FXGL Background Thread 3 ] DEBUG Engine               - credits: []
13:54:07.436 [FXGL Background Thread 3 ] DEBUG Engine               - devBBoxColorProperty: ObjectProperty [value: 0xff0000ff]
13:54:07.436 [FXGL Background Thread 3 ] DEBUG Engine               - devEnableDebugCameraProperty: BooleanProperty [value: false]
13:54:07.436 [FXGL Background Thread 3 ] DEBUG Engine               - devSensorColorProperty: ObjectProperty [value: 0xffff00ff]
13:54:07.436 [FXGL Background Thread 3 ] DEBUG Engine               - devShowBBoxProperty: BooleanProperty [value: false]
13:54:07.436 [FXGL Background Thread 3 ] DEBUG Engine               - devShowPositionProperty: BooleanProperty [value: false]
13:54:07.436 [FXGL Background Thread 3 ] DEBUG Engine               - enabledMenuItems: []
13:54:07.436 [FXGL Background Thread 3 ] DEBUG Engine               - engineServices: [class com.almasb.fxgl.app.services.FXGLAssetLoaderService, class com.almasb.fxgl.app.FXGLApplication$GameApplicationService, class com.almasb.fxgl.app.services.FXGLDialogService, class com.almasb.fxgl.app.services.IOTaskExecutorService, class com.almasb.fxgl.event.EventBusService, class com.almasb.fxgl.io.FileSystemService, class com.almasb.fxgl.localization.LocalizationService, class com.almasb.fxgl.app.services.SystemBundleService, class com.almasb.fxgl.profile.SaveLoadService, class com.almasb.fxgl.ui.FXGLUIFactoryServiceProvider, class com.almasb.fxgl.ui.FXGLDialogFactoryServiceProvider, class com.almasb.fxgl.audio.AudioPlayer, class com.almasb.fxgl.notification.impl.NotificationServiceProvider, class com.almasb.fxgl.achievement.AchievementService, class com.almasb.fxgl.cutscene.CutsceneService, class com.almasb.fxgl.minigames.MiniGameService, class com.almasb.fxgl.net.NetService, class com.almasb.fxgl.app.services.UpdaterService, class com.almasb.fxgl.dev.DevService]
13:54:07.436 [FXGL Background Thread 3 ] DEBUG Engine               - fontGame: Abel-Regular.ttf
13:54:07.436 [FXGL Background Thread 3 ] DEBUG Engine               - fontMono: lucida_console.ttf
13:54:07.436 [FXGL Background Thread 3 ] DEBUG Engine               - fontText: Courier-Prime.ttf
13:54:07.436 [FXGL Background Thread 3 ] DEBUG Engine               - fontUI: VarelaRound-Regular.ttf
13:54:07.437 [FXGL Background Thread 3 ] DEBUG Engine               - fullScreen: BooleanProperty [value: false]
13:54:07.437 [FXGL Background Thread 3 ] DEBUG Engine               - gameDifficulty: MEDIUM
13:54:07.437 [FXGL Background Thread 3 ] DEBUG Engine               - gameDifficultyProperty: ObjectProperty [value: MEDIUM]
13:54:07.437 [FXGL Background Thread 3 ] DEBUG Engine               - globalMusicVolume: 0.5
13:54:07.437 [FXGL Background Thread 3 ] DEBUG Engine               - globalMusicVolumeProperty: DoubleProperty [value: 0.5]
13:54:07.437 [FXGL Background Thread 3 ] DEBUG Engine               - globalSoundVolume: 0.5
13:54:07.437 [FXGL Background Thread 3 ] DEBUG Engine               - globalSoundVolumeProperty: DoubleProperty [value: 0.5]
13:54:07.437 [FXGL Background Thread 3 ] DEBUG Engine               - height: 900
13:54:07.437 [FXGL Background Thread 3 ] DEBUG Engine               - isAndroid: false
13:54:07.437 [FXGL Background Thread 3 ] DEBUG Engine               - isBrowser: false
13:54:07.437 [FXGL Background Thread 3 ] DEBUG Engine               - isClickFeedbackEnabled: false
13:54:07.439 [FXGL Background Thread 3 ] DEBUG Engine               - isCloseConfirmation: false
13:54:07.439 [FXGL Background Thread 3 ] DEBUG Engine               - isDesktop: true
13:54:07.439 [FXGL Background Thread 3 ] DEBUG Engine               - isDeveloperMenuEnabled: false
13:54:07.439 [FXGL Background Thread 3 ] DEBUG Engine               - isEntityPreloadEnabled: true
13:54:07.439 [FXGL Background Thread 3 ] DEBUG Engine               - isExperimental3D: false
13:54:07.439 [FXGL Background Thread 3 ] DEBUG Engine               - isExperimentalNative: false
13:54:07.439 [FXGL Background Thread 3 ] DEBUG Engine               - isExperimentalTiledLargeMap: false
13:54:07.439 [FXGL Background Thread 3 ] DEBUG Engine               - isFileSystemWriteAllowed: true
13:54:07.439 [FXGL Background Thread 3 ] DEBUG Engine               - isFullScreenAllowed: false
13:54:07.439 [FXGL Background Thread 3 ] DEBUG Engine               - isFullScreenFromStart: false
13:54:07.440 [FXGL Background Thread 3 ] DEBUG Engine               - isGameMenuEnabled: true
13:54:07.440 [FXGL Background Thread 3 ] DEBUG Engine               - isIOS: false
13:54:07.440 [FXGL Background Thread 3 ] DEBUG Engine               - isIntroEnabled: false
13:54:07.440 [FXGL Background Thread 3 ] DEBUG Engine               - isLinux: false
13:54:07.440 [FXGL Background Thread 3 ] DEBUG Engine               - isMac: false
13:54:07.440 [FXGL Background Thread 3 ] DEBUG Engine               - isMainMenuEnabled: true
13:54:07.441 [FXGL Background Thread 3 ] DEBUG Engine               - isManualResizeEnabled: false
13:54:07.441 [FXGL Background Thread 3 ] DEBUG Engine               - isMobile: false
13:54:07.441 [FXGL Background Thread 3 ] DEBUG Engine               - isPreserveResizeRatio: false
13:54:07.441 [FXGL Background Thread 3 ] DEBUG Engine               - isProfilingEnabled: false
13:54:07.441 [FXGL Background Thread 3 ] DEBUG Engine               - isScaleAffectedOnResize: true
13:54:07.441 [FXGL Background Thread 3 ] DEBUG Engine               - isSingleStep: false
13:54:07.441 [FXGL Background Thread 3 ] DEBUG Engine               - isUserProfileEnabled: false
13:54:07.441 [FXGL Background Thread 3 ] DEBUG Engine               - isWindows: true
13:54:07.441 [FXGL Background Thread 3 ] DEBUG Engine               - language: ObjectProperty [value: ENGLISH]
13:54:07.441 [FXGL Background Thread 3 ] DEBUG Engine               - menuKey: ESCAPE
13:54:07.441 [FXGL Background Thread 3 ] DEBUG Engine               - notificationViewClass: class com.almasb.fxgl.notification.view.XboxNotificationView
13:54:07.441 [FXGL Background Thread 3 ] DEBUG Engine               - pixelsPerMeter: 50.0
13:54:07.442 [FXGL Background Thread 3 ] DEBUG Engine               - platform: WINDOWS
13:54:07.442 [FXGL Background Thread 3 ] DEBUG Engine               - prefHeightProperty: ReadOnlyDoubleProperty [value: 900.0]
13:54:07.442 [FXGL Background Thread 3 ] DEBUG Engine               - prefWidthProperty: ReadOnlyDoubleProperty [value: 1600.0]
13:54:07.442 [FXGL Background Thread 3 ] DEBUG Engine               - profileDir: profiles/
13:54:07.442 [FXGL Background Thread 3 ] DEBUG Engine               - profileName: StringProperty [value: DEFAULT]
13:54:07.442 [FXGL Background Thread 3 ] DEBUG Engine               - randomSeed: -1
13:54:07.442 [FXGL Background Thread 3 ] DEBUG Engine               - runtimeInfo: RuntimeInfo(platform=WINDOWS, version=dev-SNAPSHOT, build=14.03.2021 13.40)
13:54:07.442 [FXGL Background Thread 3 ] DEBUG Engine               - saveFileExt: sav
13:54:07.442 [FXGL Background Thread 3 ] DEBUG Engine               - scaledHeightProp$fxgl: DoubleProperty [bound, value: 900.0]
13:54:07.442 [FXGL Background Thread 3 ] DEBUG Engine               - scaledWidthProp$fxgl: DoubleProperty [bound, value: 1600.0]
13:54:07.442 [FXGL Background Thread 3 ] DEBUG Engine               - sceneFactory: com.almasb.fxgl.app.scene.SceneFactory@67528d81
13:54:07.442 [FXGL Background Thread 3 ] DEBUG Engine               - secondsIn24h: 60
13:54:07.442 [FXGL Background Thread 3 ] DEBUG Engine               - soundMenuBack: menu/back.wav
13:54:07.442 [FXGL Background Thread 3 ] DEBUG Engine               - soundMenuPress: menu/press.wav
13:54:07.443 [FXGL Background Thread 3 ] DEBUG Engine               - soundMenuSelect: menu/select.wav
13:54:07.443 [FXGL Background Thread 3 ] DEBUG Engine               - soundNotification: core/notification.wav
13:54:07.443 [FXGL Background Thread 3 ] DEBUG Engine               - stageStyle: DECORATED
13:54:07.443 [FXGL Background Thread 3 ] DEBUG Engine               - supportedLanguages: [ENGLISH, FRENCH, GERMAN, HUNGARIAN, RUSSIAN]
13:54:07.443 [FXGL Background Thread 3 ] DEBUG Engine               - ticksPerSecond: -1
13:54:07.443 [FXGL Background Thread 3 ] DEBUG Engine               - title: Flappy Bird
13:54:07.443 [FXGL Background Thread 3 ] DEBUG Engine               - urlGithub: https://github.com/AlmasB/FXGL
13:54:07.443 [FXGL Background Thread 3 ] DEBUG Engine               - urlLeaderboard: http://fxgl-top.herokuapp.com/
13:54:07.443 [FXGL Background Thread 3 ] DEBUG Engine               - urlPOM: https://raw.githubusercontent.com/AlmasB/FXGL/release/README.md
13:54:07.443 [FXGL Background Thread 3 ] DEBUG Engine               - userAppClass: class com.almasb.fxglgames.flappy.FlappyBirdApp
13:54:07.443 [FXGL Background Thread 3 ] DEBUG Engine               - version: 
13:54:07.443 [FXGL Background Thread 3 ] DEBUG Engine               - versionCheckDays: 7
13:54:07.443 [FXGL Background Thread 3 ] DEBUG Engine               - width: 1600
13:54:07.443 [FXGL Background Thread 3 ] DEBUG Engine               - Logging services
13:54:07.443 [FXGL Background Thread 3 ] DEBUG Engine               - class com.almasb.fxgl.app.services.FXGLAssetLoaderService
13:54:07.443 [FXGL Background Thread 3 ] DEBUG Engine               - class com.almasb.fxgl.app.FXGLApplication$GameApplicationService
13:54:07.443 [FXGL Background Thread 3 ] DEBUG Engine               - class com.almasb.fxgl.app.services.FXGLDialogService
13:54:07.444 [FXGL Background Thread 3 ] DEBUG Engine               - class com.almasb.fxgl.app.services.IOTaskExecutorService
13:54:07.444 [FXGL Background Thread 3 ] DEBUG Engine               - class com.almasb.fxgl.event.EventBusService
13:54:07.444 [FXGL Background Thread 3 ] DEBUG Engine               - class com.almasb.fxgl.io.FileSystemService
13:54:07.444 [FXGL Background Thread 3 ] DEBUG Engine               - class com.almasb.fxgl.localization.LocalizationService
13:54:07.444 [FXGL Background Thread 3 ] DEBUG Engine               - class com.almasb.fxgl.app.services.SystemBundleService
13:54:07.444 [FXGL Background Thread 3 ] DEBUG Engine               - class com.almasb.fxgl.profile.SaveLoadService
13:54:07.444 [FXGL Background Thread 3 ] DEBUG Engine               - class com.almasb.fxgl.ui.FXGLUIFactoryServiceProvider
13:54:07.444 [FXGL Background Thread 3 ] DEBUG Engine               - class com.almasb.fxgl.ui.FXGLDialogFactoryServiceProvider
13:54:07.444 [FXGL Background Thread 3 ] DEBUG Engine               - class com.almasb.fxgl.audio.AudioPlayer
13:54:07.444 [FXGL Background Thread 3 ] DEBUG Engine               - class com.almasb.fxgl.notification.impl.NotificationServiceProvider
13:54:07.444 [FXGL Background Thread 3 ] DEBUG Engine               - class com.almasb.fxgl.achievement.AchievementService
13:54:07.444 [FXGL Background Thread 3 ] DEBUG Engine               - class com.almasb.fxgl.cutscene.CutsceneService
13:54:07.444 [FXGL Background Thread 3 ] DEBUG Engine               - class com.almasb.fxgl.minigames.MiniGameService
13:54:07.444 [FXGL Background Thread 3 ] DEBUG Engine               - class com.almasb.fxgl.net.NetService
13:54:07.444 [FXGL Background Thread 3 ] DEBUG Engine               - class com.almasb.fxgl.app.services.UpdaterService
13:54:07.444 [FXGL Background Thread 3 ] DEBUG Engine               - class com.almasb.fxgl.dev.DevService
13:54:14.895 [JavaFX Application Thread] DEBUG Menu                 - fireNewGame()
13:54:14.895 [JavaFX Application Thread] DEBUG GameApplicationServi - Starting new game
13:54:14.897 [JavaFX Application Thread] DEBUG PrimaryStageWindow   - Pop state: FXGLDefaultMenu
13:54:14.897 [JavaFX Application Thread] DEBUG Input                - Clearing active input actions
13:54:14.899 [JavaFX Application Thread] DEBUG GameApplicationServi - Removing overlay from FXGLDefaultMenu and adding to FXGLMainMenuDummyScene
13:54:14.899 [JavaFX Application Thread] DEBUG PrimaryStageWindow   - FXGLMainMenuDummyScene <- FXGLDefaultMenu
13:54:14.899 [JavaFX Application Thread] DEBUG Input                - Clearing active input actions
13:54:14.907 [JavaFX Application Thread] DEBUG GameApplicationServi - Removing overlay from FXGLMainMenuDummyScene and adding to FXGLLoadingScene
13:54:14.907 [JavaFX Application Thread] DEBUG PrimaryStageWindow   - FXGLMainMenuDummyScene -> FXGLLoadingScene
13:54:14.907 [JavaFX Application Thread] DEBUG GameApplicationServi - Clearing previous game
13:54:14.907 [JavaFX Application Thread] DEBUG GameScene            - Clearing game scene
13:54:14.907 [JavaFX Application Thread] DEBUG GameWorld            - Clearing game world
13:54:14.907 [JavaFX Application Thread] DEBUG PhysicsWorld         - Clearing physics world
13:54:14.910 [FXGL Background Thread 2 ] DEBUG FXGLApplication      - Initializing game
13:54:14.924 [FXGL Background Thread 2 ] DEBUG FXGLAssetLoaderServi - Loading from file system: file:/C:/Users/Karan/Documents/School/M359/Animation%20Project/target/classes/assets/textures/bird.png
13:54:14.957 [FXGL Background Thread 2 ] DEBUG FXGLAssetLoaderServi - Loading from file system: file:/C:/Users/Karan/Documents/School/M359/Animation%20Project/target/classes/assets/textures/life.png
13:54:15.029 [FXGL Background Thread 2 ] INFO  FXGLApplication      - Game initialization took: 0.119 sec
13:54:15.074 [JavaFX Application Thread] DEBUG Input                - Clearing active input actions
13:54:15.083 [JavaFX Application Thread] DEBUG GameApplicationServi - Removing overlay from FXGLLoadingScene and adding to GameScene
13:54:15.083 [JavaFX Application Thread] DEBUG PrimaryStageWindow   - FXGLLoadingScene -> GameScene
13:54:15.095 [JavaFX Application Thread] DEBUG FXGLAssetLoaderServi - Loading from file system: file:/C:/Users/Karan/Documents/School/M359/Animation%20Project/target/classes/assets/textures/slow.png
13:54:15.137 [JavaFX Application Thread] DEBUG FXGLAssetLoaderServi - Loading from file system: file:/C:/Users/Karan/Documents/School/M359/Animation%20Project/target/classes/assets/textures/finish.jpg
13:54:15.166 [JavaFX Application Thread] DEBUG PrimaryStageWindow   - Push state: DialogSubScene
13:54:15.166 [JavaFX Application Thread] DEBUG Input                - Clearing active input actions
13:54:15.167 [JavaFX Application Thread] DEBUG GameApplicationServi - Removing overlay from GameScene and adding to DialogSubScene
13:54:15.167 [JavaFX Application Thread] DEBUG PrimaryStageWindow   - GameScene -> DialogSubScene
13:54:15.786 [JavaFX Application Thread] DEBUG PrimaryStageWindow   - Pop state: DialogSubScene
13:54:15.787 [JavaFX Application Thread] DEBUG Input                - Clearing active input actions
13:54:15.787 [JavaFX Application Thread] DEBUG GameApplicationServi - Removing overlay from DialogSubScene and adding to GameScene
13:54:15.787 [JavaFX Application Thread] DEBUG PrimaryStageWindow   - GameScene <- DialogSubScene
13:54:15.788 [JavaFX Application Thread] DEBUG LoopRunner           - Resuming loop
13:54:16.512 [JavaFX Application Thread] DEBUG FXGLAssetLoaderServi - Loading from file system: file:/C:/Users/Karan/Documents/School/M359/Animation%20Project/target/classes/assets/sounds/jump.wav
13:54:18.176 [JavaFX Application Thread] DEBUG PrimaryStageWindow   - Push state: DialogSubScene
13:54:18.176 [JavaFX Application Thread] DEBUG Input                - Clearing active input actions
13:54:18.176 [JavaFX Application Thread] DEBUG GameApplicationServi - Removing overlay from GameScene and adding to DialogSubScene
13:54:18.176 [JavaFX Application Thread] DEBUG PrimaryStageWindow   - GameScene -> DialogSubScene
13:54:18.383 [JavaFX Application Thread] DEBUG FXGLApplication      - Exiting FXGL
13:54:18.383 [JavaFX Application Thread] DEBUG LoopRunner           - Stopping loop
13:54:18.383 [JavaFX Application Thread] DEBUG SystemBundleService  - Saving FXGL system data
13:54:18.385 [JavaFX Application Thread] DEBUG FileSystemAccess     - Writing to: C:\Users\Karan\Documents\School\M359\Animation Project\system\fxgl.bundle
13:54:18.387 [JavaFX Application Thread] DEBUG Async                - Shutting down background threads
13:54:18.387 [JavaFX Application Thread] DEBUG PrimaryStageWindow   - Closing main window
13:54:18.412 [JavaFX Application Thread] DEBUG Logger               - Closing Logger
