14:14:24.756 [main                     ] DEBUG Logger               - Configured Logger
14:14:24.765 [main                     ] DEBUG GameApplication      - Logging settings
Title: Flappy Bird
Version: 
Width: 1600
Height: 900
Fullscreen: false
Intro: false
Profiling: false
Single step:false
App Mode: DEVELOPER
Menu Key: ESCAPE
Stage Style: DECORATED
Scene Factory: class com.almasb.fxgl.app.scene.SceneFactory

14:14:25.497 [JavaFX Application Thread] DEBUG FXGLApplication      - Initializing FXGL
14:14:25.501 [JavaFX Application Thread] INFO  Engine               - FXGL-dev-SNAPSHOT (14.03.2021 13.40) on WINDOWS (J:14.0.2 FX:15)
14:14:25.503 [JavaFX Application Thread] DEBUG Engine               - JRE Vendor Name: Oracle Corporation
14:14:25.504 [JavaFX Application Thread] DEBUG Engine               - Running on OS: Windows 10 version 10.0
14:14:25.504 [JavaFX Application Thread] DEBUG Engine               - Architecture: amd64
14:14:25.504 [JavaFX Application Thread] INFO  Engine               - Source code and latest versions at: https://github.com/AlmasB/FXGL
14:14:25.504 [JavaFX Application Thread] INFO  Engine               -              Join the FXGL chat at: https://gitter.im/AlmasB/FXGL
14:14:25.768 [JavaFX Application Thread] DEBUG PrimaryStageWindow   - Creating a JavaFX scene
14:14:25.911 [JavaFX Application Thread] DEBUG PrimaryStageWindow   - Target settings size: 1600.0 x 900.0
14:14:25.911 [JavaFX Application Thread] DEBUG PrimaryStageWindow   - Scaled scene size:    1600.0 x 900.0
14:14:25.912 [JavaFX Application Thread] DEBUG PrimaryStageWindow   - Scaled ratio: (1.0, 1.0)
14:14:25.913 [JavaFX Application Thread] DEBUG PrimaryStageWindow   - Set initial scene to FXGLStartupScene
14:14:25.926 [JavaFX Application Thread] DEBUG PrimaryStageWindow   - Opening main window
14:14:26.087 [JavaFX Application Thread] DEBUG PrimaryStageWindow   - Window border size: (16.0, 39.0)
14:14:26.087 [JavaFX Application Thread] DEBUG PrimaryStageWindow   - Scaled size: 1600.0 x 900.0
14:14:26.087 [JavaFX Application Thread] DEBUG PrimaryStageWindow   - Scaled ratio: (1.0, 1.0)
14:14:26.088 [JavaFX Application Thread] DEBUG PrimaryStageWindow   - Scene size: 1600.0 x 900.0
14:14:26.088 [JavaFX Application Thread] DEBUG PrimaryStageWindow   - Stage size: 1616.0 x 939.0
14:14:26.241 [FXGL Background Thread 1 ] DEBUG Engine               - Initializing environment variables
14:14:26.480 [FXGL Background Thread 1 ] DEBUG FXGLAssetLoaderServi - User app class for loading assets: class com.almasb.fxglgames.flappy.FlappyBirdApp
14:14:26.480 [FXGL Background Thread 1 ] DEBUG GameApplicationServi - Applying CSS: fxgl_dark.css
14:14:26.482 [FXGL Background Thread 1 ] DEBUG FXGLAssetLoaderServi - Loading from file system: jar:file:/C:/Users/Karan/.m2/repository/com/github/almasb/fxgl/dev-SNAPSHOT/fxgl-dev-20210314.134109-1706.jar!/fxglassets/ui/css/fxgl_dark.css
14:14:26.720 [FXGL Background Thread 1 ] DEBUG GameApplicationServi - Initializing application scenes
14:14:26.829 [FXGL Background Thread 1 ] DEBUG GameWorld            - Game world initialized
14:14:26.914 [FXGL Background Thread 1 ] DEBUG PhysicsWorld         - Physics world initialized: appHeight=900, physics.ppm=50.0
14:14:26.914 [FXGL Background Thread 1 ] DEBUG PhysicsWorld         - Using strategy: BRUTE_FORCE
14:14:26.918 [FXGL Background Thread 1 ] DEBUG GameScene            - Game scene initialized: 1600x900
14:14:26.972 [FXGL Background Thread 1 ] DEBUG FXGLAssetLoaderServi - Loading from file system: jar:file:/C:/Users/Karan/.m2/repository/com/github/almasb/fxgl/dev-SNAPSHOT/fxgl-dev-20210314.134109-1706.jar!/fxglassets/textures/particles/trace_horizontal.png
14:14:27.215 [FXGL Background Thread 1 ] DEBUG FXGL.DefaultMenu     - createMenuBodyMainMenu()
14:14:27.312 [FXGL Background Thread 1 ] DEBUG FXGL.DefaultMenu     - createOptionsMenu()
14:14:27.354 [FXGL Background Thread 1 ] DEBUG FXGLAssetLoaderServi - Loading from file system: jar:file:/C:/Users/Karan/.m2/repository/com/github/almasb/fxgl/dev-SNAPSHOT/fxgl-dev-20210314.134109-1706.jar!/fxglassets/textures/particles/smoke.png
14:14:27.482 [FXGL Background Thread 1 ] DEBUG FXGL.DefaultMenu     - createMenuBodyGameMenu()
14:14:27.483 [FXGL Background Thread 1 ] DEBUG FXGL.DefaultMenu     - createOptionsMenu()
14:14:27.504 [FXGL Background Thread 1 ] DEBUG GameApplicationServi - Application scenes initialized
14:14:27.522 [FXGL Background Thread 1 ] DEBUG SystemBundleService  - Loading FXGL system data
14:14:27.527 [FXGL Background Thread 1 ] DEBUG FileSystemAccess     - Reading from: C:\Users\Karan\Documents\School\M359\Animation Project\system\fxgl.bundle
14:14:27.536 [FXGL Background Thread 1 ] DEBUG SystemBundleService  - Bundle FXGL: {}
14:14:27.536 [FXGL Background Thread 1 ] DEBUG UpdaterService       - Checking for updates
14:14:27.543 [FXGL Background Thread 1 ] DEBUG FXGLApplication      - Loading default localization
14:14:27.544 [FXGL Background Thread 1 ] DEBUG FXGLAssetLoaderServi - Loading from file system: jar:file:/C:/Users/Karan/.m2/repository/com/github/almasb/fxgl/dev-SNAPSHOT/fxgl-dev-20210314.134109-1706.jar!/fxglassets/languages/english.lang
14:14:27.563 [FXGL Background Thread 1 ] INFO  FXGLApplication      - FXGL initialization took: 1.332 sec
14:14:27.576 [JavaFX Application Thread] DEBUG Input                - Registered new binding: Jump - Up
14:14:27.577 [JavaFX Application Thread] DEBUG FXGLAssetLoaderServi - Loading from file system: file:/C:/Users/Karan/Documents/School/M359/Animation%20Project/target/classes/assets/music/bgm.mp3
14:14:27.579 [FXGL Background Thread 4 ] DEBUG FXGLApplication      - Loading fonts
14:14:27.580 [FXGL Background Thread 4 ] DEBUG FXGLAssetLoaderServi - Loading from file system: jar:file:/C:/Users/Karan/.m2/repository/com/github/almasb/fxgl/dev-SNAPSHOT/fxgl-dev-20210314.134109-1706.jar!/fxglassets/ui/fonts/VarelaRound-Regular.ttf
14:14:27.913 [FXGL Background Thread 4 ] DEBUG FXGLAssetLoaderServi - Loading from file system: jar:file:/C:/Users/Karan/.m2/repository/com/github/almasb/fxgl/dev-SNAPSHOT/fxgl-dev-20210314.134109-1706.jar!/fxglassets/ui/fonts/Abel-Regular.ttf
14:14:27.918 [FXGL Background Thread 4 ] DEBUG FXGLAssetLoaderServi - Loading from file system: jar:file:/C:/Users/Karan/.m2/repository/com/github/almasb/fxgl/dev-SNAPSHOT/fxgl-dev-20210314.134109-1706.jar!/fxglassets/ui/fonts/lucida_console.ttf
14:14:27.924 [FXGL Background Thread 4 ] DEBUG FXGLAssetLoaderServi - Loading from file system: jar:file:/C:/Users/Karan/.m2/repository/com/github/almasb/fxgl/dev-SNAPSHOT/fxgl-dev-20210314.134109-1706.jar!/fxglassets/ui/fonts/Courier-Prime.ttf
14:14:27.968 [JavaFX Application Thread] DEBUG AudioPlayer          - Playing music com.almasb.fxgl.audio.Music@11d7e528
14:14:27.969 [JavaFX Application Thread] DEBUG FXGLAssetLoaderServi - Loading from file system: jar:file:/C:/Users/Karan/.m2/repository/com/github/almasb/fxgl/dev-SNAPSHOT/fxgl-dev-20210314.134109-1706.jar!/fxglassets/textures/fxgl_icon.png
14:14:28.014 [JavaFX Application Thread] DEBUG FXGLAssetLoaderServi - Loading from file system: jar:file:/C:/Users/Karan/.m2/repository/com/github/almasb/fxgl/dev-SNAPSHOT/fxgl-dev-20210314.134109-1706.jar!/fxglassets/ui/cursors/fxgl_default.png
14:14:28.017 [JavaFX Application Thread] DEBUG Input                - Registered new binding: Screenshot - P
14:14:28.017 [JavaFX Application Thread] DEBUG Input                - Registered new binding: System info dump - CTRL+9
14:14:28.018 [JavaFX Application Thread] DEBUG Input                - Registered new binding: Restart - CTRL+R
14:14:28.019 [JavaFX Application Thread] DEBUG Input                - Registered new binding: Toggle Debug Camera - CTRL+C
14:14:28.022 [JavaFX Application Thread] DEBUG LoopRunner           - Starting loop
14:14:28.022 [JavaFX Application Thread] DEBUG LoopRunner           - Initializing JavaFX AnimationTimerLoop
14:14:28.026 [JavaFX Application Thread] DEBUG Input                - Clearing active input actions
14:14:28.034 [JavaFX Application Thread] DEBUG GameApplicationServi - Removing overlay from FXGLStartupScene and adding to FXGLMainMenuDummyScene
14:14:28.034 [JavaFX Application Thread] DEBUG PrimaryStageWindow   - FXGLStartupScene -> FXGLMainMenuDummyScene
14:14:28.035 [JavaFX Application Thread] DEBUG PrimaryStageWindow   - Push state: FXGLDefaultMenu
14:14:28.040 [JavaFX Application Thread] DEBUG Input                - Clearing active input actions
14:14:28.056 [JavaFX Application Thread] DEBUG GameApplicationServi - Removing overlay from FXGLMainMenuDummyScene and adding to FXGLDefaultMenu
14:14:28.057 [JavaFX Application Thread] DEBUG PrimaryStageWindow   - FXGLMainMenuDummyScene -> FXGLDefaultMenu
14:14:28.063 [JavaFX Application Thread] DEBUG FXGLApplication      - Registering font factories with UI factory
14:14:28.357 [FXGL Background Thread 2 ] INFO  UpdaterService       - Your current version:  dev-SNAPSHOT
14:14:28.357 [FXGL Background Thread 2 ] INFO  UpdaterService       - Latest stable version: 11.14
14:14:30.548 [FXGL Background Thread 3 ] DEBUG Engine               - Logging environment variables
14:14:30.549 [FXGL Background Thread 3 ] DEBUG Engine               - achievements: []
14:14:30.549 [FXGL Background Thread 3 ] DEBUG Engine               - actualHeight: 900.0
14:14:30.549 [FXGL Background Thread 3 ] DEBUG Engine               - actualHeightProperty: ReadOnlyDoubleProperty [value: 900.0]
14:14:30.550 [FXGL Background Thread 3 ] DEBUG Engine               - actualWidth: 1600.0
14:14:30.550 [FXGL Background Thread 3 ] DEBUG Engine               - actualWidthProperty: ReadOnlyDoubleProperty [value: 1600.0]
14:14:30.550 [FXGL Background Thread 3 ] DEBUG Engine               - appIcon: fxgl_icon.png
14:14:30.550 [FXGL Background Thread 3 ] DEBUG Engine               - applicationMode: DEVELOPER
14:14:30.550 [FXGL Background Thread 3 ] DEBUG Engine               - cSSList: [fxgl_dark.css]
14:14:30.550 [FXGL Background Thread 3 ] DEBUG Engine               - collisionDetectionStrategy: BRUTE_FORCE
14:14:30.550 [FXGL Background Thread 3 ] DEBUG Engine               - configClass: Optional.empty
14:14:30.550 [FXGL Background Thread 3 ] DEBUG Engine               - credits: []
14:14:30.550 [FXGL Background Thread 3 ] DEBUG Engine               - devBBoxColorProperty: ObjectProperty [value: 0xff0000ff]
14:14:30.550 [FXGL Background Thread 3 ] DEBUG Engine               - devEnableDebugCameraProperty: BooleanProperty [value: false]
14:14:30.550 [FXGL Background Thread 3 ] DEBUG Engine               - devSensorColorProperty: ObjectProperty [value: 0xffff00ff]
14:14:30.551 [FXGL Background Thread 3 ] DEBUG Engine               - devShowBBoxProperty: BooleanProperty [value: false]
14:14:30.551 [FXGL Background Thread 3 ] DEBUG Engine               - devShowPositionProperty: BooleanProperty [value: false]
14:14:30.551 [FXGL Background Thread 3 ] DEBUG Engine               - enabledMenuItems: []
14:14:30.551 [FXGL Background Thread 3 ] DEBUG Engine               - engineServices: [class com.almasb.fxgl.app.services.FXGLAssetLoaderService, class com.almasb.fxgl.app.FXGLApplication$GameApplicationService, class com.almasb.fxgl.app.services.FXGLDialogService, class com.almasb.fxgl.app.services.IOTaskExecutorService, class com.almasb.fxgl.event.EventBusService, class com.almasb.fxgl.io.FileSystemService, class com.almasb.fxgl.localization.LocalizationService, class com.almasb.fxgl.app.services.SystemBundleService, class com.almasb.fxgl.profile.SaveLoadService, class com.almasb.fxgl.ui.FXGLUIFactoryServiceProvider, class com.almasb.fxgl.ui.FXGLDialogFactoryServiceProvider, class com.almasb.fxgl.audio.AudioPlayer, class com.almasb.fxgl.notification.impl.NotificationServiceProvider, class com.almasb.fxgl.achievement.AchievementService, class com.almasb.fxgl.cutscene.CutsceneService, class com.almasb.fxgl.minigames.MiniGameService, class com.almasb.fxgl.net.NetService, class com.almasb.fxgl.app.services.UpdaterService, class com.almasb.fxgl.dev.DevService]
14:14:30.551 [FXGL Background Thread 3 ] DEBUG Engine               - fontGame: Abel-Regular.ttf
14:14:30.551 [FXGL Background Thread 3 ] DEBUG Engine               - fontMono: lucida_console.ttf
14:14:30.551 [FXGL Background Thread 3 ] DEBUG Engine               - fontText: Courier-Prime.ttf
14:14:30.551 [FXGL Background Thread 3 ] DEBUG Engine               - fontUI: VarelaRound-Regular.ttf
14:14:30.551 [FXGL Background Thread 3 ] DEBUG Engine               - fullScreen: BooleanProperty [value: false]
14:14:30.551 [FXGL Background Thread 3 ] DEBUG Engine               - gameDifficulty: MEDIUM
14:14:30.551 [FXGL Background Thread 3 ] DEBUG Engine               - gameDifficultyProperty: ObjectProperty [value: MEDIUM]
14:14:30.551 [FXGL Background Thread 3 ] DEBUG Engine               - globalMusicVolume: 0.5
14:14:30.551 [FXGL Background Thread 3 ] DEBUG Engine               - globalMusicVolumeProperty: DoubleProperty [value: 0.5]
14:14:30.552 [FXGL Background Thread 3 ] DEBUG Engine               - globalSoundVolume: 0.5
14:14:30.552 [FXGL Background Thread 3 ] DEBUG Engine               - globalSoundVolumeProperty: DoubleProperty [value: 0.5]
14:14:30.552 [FXGL Background Thread 3 ] DEBUG Engine               - height: 900
14:14:30.552 [FXGL Background Thread 3 ] DEBUG Engine               - isAndroid: false
14:14:30.552 [FXGL Background Thread 3 ] DEBUG Engine               - isBrowser: false
14:14:30.552 [FXGL Background Thread 3 ] DEBUG Engine               - isClickFeedbackEnabled: false
14:14:30.552 [FXGL Background Thread 3 ] DEBUG Engine               - isCloseConfirmation: false
14:14:30.553 [FXGL Background Thread 3 ] DEBUG Engine               - isDesktop: true
14:14:30.553 [FXGL Background Thread 3 ] DEBUG Engine               - isDeveloperMenuEnabled: false
14:14:30.553 [FXGL Background Thread 3 ] DEBUG Engine               - isEntityPreloadEnabled: true
14:14:30.553 [FXGL Background Thread 3 ] DEBUG Engine               - isExperimental3D: false
14:14:30.553 [FXGL Background Thread 3 ] DEBUG Engine               - isExperimentalNative: false
14:14:30.553 [FXGL Background Thread 3 ] DEBUG Engine               - isExperimentalTiledLargeMap: false
14:14:30.553 [FXGL Background Thread 3 ] DEBUG Engine               - isFileSystemWriteAllowed: true
14:14:30.553 [FXGL Background Thread 3 ] DEBUG Engine               - isFullScreenAllowed: false
14:14:30.553 [FXGL Background Thread 3 ] DEBUG Engine               - isFullScreenFromStart: false
14:14:30.553 [FXGL Background Thread 3 ] DEBUG Engine               - isGameMenuEnabled: true
14:14:30.554 [FXGL Background Thread 3 ] DEBUG Engine               - isIOS: false
14:14:30.554 [FXGL Background Thread 3 ] DEBUG Engine               - isIntroEnabled: false
14:14:30.554 [FXGL Background Thread 3 ] DEBUG Engine               - isLinux: false
14:14:30.554 [FXGL Background Thread 3 ] DEBUG Engine               - isMac: false
14:14:30.554 [FXGL Background Thread 3 ] DEBUG Engine               - isMainMenuEnabled: true
14:14:30.554 [FXGL Background Thread 3 ] DEBUG Engine               - isManualResizeEnabled: false
14:14:30.554 [FXGL Background Thread 3 ] DEBUG Engine               - isMobile: false
14:14:30.554 [FXGL Background Thread 3 ] DEBUG Engine               - isPreserveResizeRatio: false
14:14:30.555 [FXGL Background Thread 3 ] DEBUG Engine               - isProfilingEnabled: false
14:14:30.556 [FXGL Background Thread 3 ] DEBUG Engine               - isScaleAffectedOnResize: true
14:14:30.556 [FXGL Background Thread 3 ] DEBUG Engine               - isSingleStep: false
14:14:30.556 [FXGL Background Thread 3 ] DEBUG Engine               - isUserProfileEnabled: false
14:14:30.565 [FXGL Background Thread 3 ] DEBUG Engine               - isWindows: true
14:14:30.565 [FXGL Background Thread 3 ] DEBUG Engine               - language: ObjectProperty [value: ENGLISH]
14:14:30.566 [FXGL Background Thread 3 ] DEBUG Engine               - menuKey: ESCAPE
14:14:30.566 [FXGL Background Thread 3 ] DEBUG Engine               - notificationViewClass: class com.almasb.fxgl.notification.view.XboxNotificationView
14:14:30.566 [FXGL Background Thread 3 ] DEBUG Engine               - pixelsPerMeter: 50.0
14:14:30.566 [FXGL Background Thread 3 ] DEBUG Engine               - platform: WINDOWS
14:14:30.566 [FXGL Background Thread 3 ] DEBUG Engine               - prefHeightProperty: ReadOnlyDoubleProperty [value: 900.0]
14:14:30.566 [FXGL Background Thread 3 ] DEBUG Engine               - prefWidthProperty: ReadOnlyDoubleProperty [value: 1600.0]
14:14:30.566 [FXGL Background Thread 3 ] DEBUG Engine               - profileDir: profiles/
14:14:30.566 [FXGL Background Thread 3 ] DEBUG Engine               - profileName: StringProperty [value: DEFAULT]
14:14:30.566 [FXGL Background Thread 3 ] DEBUG Engine               - randomSeed: -1
14:14:30.566 [FXGL Background Thread 3 ] DEBUG Engine               - runtimeInfo: RuntimeInfo(platform=WINDOWS, version=dev-SNAPSHOT, build=14.03.2021 13.40)
14:14:30.566 [FXGL Background Thread 3 ] DEBUG Engine               - saveFileExt: sav
14:14:30.566 [FXGL Background Thread 3 ] DEBUG Engine               - scaledHeightProp$fxgl: DoubleProperty [bound, value: 900.0]
14:14:30.566 [FXGL Background Thread 3 ] DEBUG Engine               - scaledWidthProp$fxgl: DoubleProperty [bound, value: 1600.0]
14:14:30.566 [FXGL Background Thread 3 ] DEBUG Engine               - sceneFactory: com.almasb.fxgl.app.scene.SceneFactory@7b05d701
14:14:30.566 [FXGL Background Thread 3 ] DEBUG Engine               - secondsIn24h: 60
14:14:30.567 [FXGL Background Thread 3 ] DEBUG Engine               - soundMenuBack: menu/back.wav
14:14:30.567 [FXGL Background Thread 3 ] DEBUG Engine               - soundMenuPress: menu/press.wav
14:14:30.567 [FXGL Background Thread 3 ] DEBUG Engine               - soundMenuSelect: menu/select.wav
14:14:30.567 [FXGL Background Thread 3 ] DEBUG Engine               - soundNotification: core/notification.wav
14:14:30.567 [FXGL Background Thread 3 ] DEBUG Engine               - stageStyle: DECORATED
14:14:30.567 [FXGL Background Thread 3 ] DEBUG Engine               - supportedLanguages: [ENGLISH, FRENCH, GERMAN, HUNGARIAN, RUSSIAN]
14:14:30.567 [FXGL Background Thread 3 ] DEBUG Engine               - ticksPerSecond: -1
14:14:30.567 [FXGL Background Thread 3 ] DEBUG Engine               - title: Flappy Bird
14:14:30.567 [FXGL Background Thread 3 ] DEBUG Engine               - urlGithub: https://github.com/AlmasB/FXGL
14:14:30.567 [FXGL Background Thread 3 ] DEBUG Engine               - urlLeaderboard: http://fxgl-top.herokuapp.com/
14:14:30.567 [FXGL Background Thread 3 ] DEBUG Engine               - urlPOM: https://raw.githubusercontent.com/AlmasB/FXGL/release/README.md
14:14:30.567 [FXGL Background Thread 3 ] DEBUG Engine               - userAppClass: class com.almasb.fxglgames.flappy.FlappyBirdApp
14:14:30.567 [FXGL Background Thread 3 ] DEBUG Engine               - version: 
14:14:30.567 [FXGL Background Thread 3 ] DEBUG Engine               - versionCheckDays: 7
14:14:30.567 [FXGL Background Thread 3 ] DEBUG Engine               - width: 1600
14:14:30.567 [FXGL Background Thread 3 ] DEBUG Engine               - Logging services
14:14:30.567 [FXGL Background Thread 3 ] DEBUG Engine               - class com.almasb.fxgl.app.services.FXGLAssetLoaderService
14:14:30.567 [FXGL Background Thread 3 ] DEBUG Engine               - class com.almasb.fxgl.app.FXGLApplication$GameApplicationService
14:14:30.567 [FXGL Background Thread 3 ] DEBUG Engine               - class com.almasb.fxgl.app.services.FXGLDialogService
14:14:30.568 [FXGL Background Thread 3 ] DEBUG Engine               - class com.almasb.fxgl.app.services.IOTaskExecutorService
14:14:30.568 [FXGL Background Thread 3 ] DEBUG Engine               - class com.almasb.fxgl.event.EventBusService
14:14:30.568 [FXGL Background Thread 3 ] DEBUG Engine               - class com.almasb.fxgl.io.FileSystemService
14:14:30.568 [FXGL Background Thread 3 ] DEBUG Engine               - class com.almasb.fxgl.localization.LocalizationService
14:14:30.568 [FXGL Background Thread 3 ] DEBUG Engine               - class com.almasb.fxgl.app.services.SystemBundleService
14:14:30.568 [FXGL Background Thread 3 ] DEBUG Engine               - class com.almasb.fxgl.profile.SaveLoadService
14:14:30.568 [FXGL Background Thread 3 ] DEBUG Engine               - class com.almasb.fxgl.ui.FXGLUIFactoryServiceProvider
14:14:30.568 [FXGL Background Thread 3 ] DEBUG Engine               - class com.almasb.fxgl.ui.FXGLDialogFactoryServiceProvider
14:14:30.568 [FXGL Background Thread 3 ] DEBUG Engine               - class com.almasb.fxgl.audio.AudioPlayer
14:14:30.568 [FXGL Background Thread 3 ] DEBUG Engine               - class com.almasb.fxgl.notification.impl.NotificationServiceProvider
14:14:30.568 [FXGL Background Thread 3 ] DEBUG Engine               - class com.almasb.fxgl.achievement.AchievementService
14:14:30.568 [FXGL Background Thread 3 ] DEBUG Engine               - class com.almasb.fxgl.cutscene.CutsceneService
14:14:30.568 [FXGL Background Thread 3 ] DEBUG Engine               - class com.almasb.fxgl.minigames.MiniGameService
14:14:30.568 [FXGL Background Thread 3 ] DEBUG Engine               - class com.almasb.fxgl.net.NetService
14:14:30.568 [FXGL Background Thread 3 ] DEBUG Engine               - class com.almasb.fxgl.app.services.UpdaterService
14:14:30.568 [FXGL Background Thread 3 ] DEBUG Engine               - class com.almasb.fxgl.dev.DevService
14:14:32.194 [JavaFX Application Thread] DEBUG Menu                 - fireNewGame()
14:14:32.196 [JavaFX Application Thread] DEBUG GameApplicationServi - Starting new game
14:14:32.201 [JavaFX Application Thread] DEBUG PrimaryStageWindow   - Pop state: FXGLDefaultMenu
14:14:32.201 [JavaFX Application Thread] DEBUG Input                - Clearing active input actions
14:14:32.204 [JavaFX Application Thread] DEBUG GameApplicationServi - Removing overlay from FXGLDefaultMenu and adding to FXGLMainMenuDummyScene
14:14:32.205 [JavaFX Application Thread] DEBUG PrimaryStageWindow   - FXGLMainMenuDummyScene <- FXGLDefaultMenu
14:14:32.206 [JavaFX Application Thread] DEBUG Input                - Clearing active input actions
14:14:32.224 [JavaFX Application Thread] DEBUG GameApplicationServi - Removing overlay from FXGLMainMenuDummyScene and adding to FXGLLoadingScene
14:14:32.224 [JavaFX Application Thread] DEBUG PrimaryStageWindow   - FXGLMainMenuDummyScene -> FXGLLoadingScene
14:14:32.224 [JavaFX Application Thread] DEBUG GameApplicationServi - Clearing previous game
14:14:32.225 [JavaFX Application Thread] DEBUG GameScene            - Clearing game scene
14:14:32.225 [JavaFX Application Thread] DEBUG GameWorld            - Clearing game world
14:14:32.225 [JavaFX Application Thread] DEBUG PhysicsWorld         - Clearing physics world
14:14:32.226 [FXGL Background Thread 2 ] DEBUG FXGLApplication      - Initializing game
14:14:32.235 [FXGL Background Thread 2 ] DEBUG FXGLAssetLoaderServi - Loading from file system: file:/C:/Users/Karan/Documents/School/M359/Animation%20Project/target/classes/assets/textures/bird.png
14:14:32.255 [FXGL Background Thread 2 ] DEBUG FXGLAssetLoaderServi - Loading from file system: file:/C:/Users/Karan/Documents/School/M359/Animation%20Project/target/classes/assets/textures/life.png
14:14:32.369 [FXGL Background Thread 2 ] INFO  FXGLApplication      - Game initialization took: 0.143 sec
14:14:32.370 [JavaFX Application Thread] DEBUG Input                - Clearing active input actions
14:14:32.394 [JavaFX Application Thread] DEBUG GameApplicationServi - Removing overlay from FXGLLoadingScene and adding to GameScene
14:14:32.395 [JavaFX Application Thread] DEBUG PrimaryStageWindow   - FXGLLoadingScene -> GameScene
14:14:32.409 [JavaFX Application Thread] DEBUG FXGLAssetLoaderServi - Loading from file system: file:/C:/Users/Karan/Documents/School/M359/Animation%20Project/target/classes/assets/textures/slow.png
14:14:32.424 [JavaFX Application Thread] DEBUG FXGLAssetLoaderServi - Loading from file system: file:/C:/Users/Karan/Documents/School/M359/Animation%20Project/target/classes/assets/textures/finish.jpg
14:14:32.471 [JavaFX Application Thread] DEBUG PrimaryStageWindow   - Push state: DialogSubScene
14:14:32.471 [JavaFX Application Thread] DEBUG Input                - Clearing active input actions
14:14:32.472 [JavaFX Application Thread] DEBUG GameApplicationServi - Removing overlay from GameScene and adding to DialogSubScene
14:14:32.472 [JavaFX Application Thread] DEBUG PrimaryStageWindow   - GameScene -> DialogSubScene
14:14:33.272 [JavaFX Application Thread] DEBUG PrimaryStageWindow   - Pop state: DialogSubScene
14:14:33.273 [JavaFX Application Thread] DEBUG Input                - Clearing active input actions
14:14:33.275 [JavaFX Application Thread] DEBUG GameApplicationServi - Removing overlay from DialogSubScene and adding to GameScene
14:14:33.277 [JavaFX Application Thread] DEBUG PrimaryStageWindow   - GameScene <- DialogSubScene
14:14:33.278 [JavaFX Application Thread] DEBUG LoopRunner           - Resuming loop
14:14:34.131 [JavaFX Application Thread] DEBUG FXGLAssetLoaderServi - Loading from file system: file:/C:/Users/Karan/Documents/School/M359/Animation%20Project/target/classes/assets/sounds/jump.wav
14:14:38.869 [JavaFX Application Thread] DEBUG PrimaryStageWindow   - Push state: DialogSubScene
14:14:38.869 [JavaFX Application Thread] DEBUG Input                - Clearing active input actions
14:14:38.870 [JavaFX Application Thread] DEBUG GameApplicationServi - Removing overlay from GameScene and adding to DialogSubScene
14:14:38.870 [JavaFX Application Thread] DEBUG PrimaryStageWindow   - GameScene -> DialogSubScene
14:14:40.197 [JavaFX Application Thread] DEBUG PrimaryStageWindow   - Pop state: DialogSubScene
14:14:40.197 [JavaFX Application Thread] DEBUG Input                - Clearing active input actions
14:14:40.198 [JavaFX Application Thread] DEBUG GameApplicationServi - Removing overlay from DialogSubScene and adding to GameScene
14:14:40.198 [JavaFX Application Thread] DEBUG PrimaryStageWindow   - GameScene <- DialogSubScene
14:14:40.198 [JavaFX Application Thread] DEBUG GameApplicationServi - Starting new game
14:14:40.198 [JavaFX Application Thread] DEBUG Input                - Clearing active input actions
14:14:40.203 [JavaFX Application Thread] DEBUG GameApplicationServi - Removing overlay from GameScene and adding to FXGLLoadingScene
14:14:40.204 [JavaFX Application Thread] DEBUG PrimaryStageWindow   - GameScene -> FXGLLoadingScene
14:14:40.204 [JavaFX Application Thread] DEBUG GameApplicationServi - Clearing previous game
14:14:40.204 [JavaFX Application Thread] DEBUG GameScene            - Clearing game scene
14:14:40.204 [JavaFX Application Thread] DEBUG GameWorld            - Clearing game world
14:14:40.208 [JavaFX Application Thread] DEBUG PhysicsWorld         - Clearing physics world
14:14:40.210 [FXGL Background Thread 2 ] DEBUG FXGLApplication      - Initializing game
14:14:40.216 [FXGL Background Thread 2 ] INFO  FXGLApplication      - Game initialization took: 0.006 sec
14:14:40.217 [JavaFX Application Thread] DEBUG Input                - Clearing active input actions
14:14:40.226 [JavaFX Application Thread] DEBUG GameApplicationServi - Removing overlay from FXGLLoadingScene and adding to GameScene
14:14:40.227 [JavaFX Application Thread] DEBUG PrimaryStageWindow   - FXGLLoadingScene -> GameScene
14:14:42.291 [JavaFX Application Thread] DEBUG PrimaryStageWindow   - Push state: DialogSubScene
14:14:42.292 [JavaFX Application Thread] DEBUG Input                - Clearing active input actions
14:14:42.296 [JavaFX Application Thread] DEBUG GameApplicationServi - Removing overlay from GameScene and adding to DialogSubScene
14:14:42.297 [JavaFX Application Thread] DEBUG PrimaryStageWindow   - GameScene -> DialogSubScene
14:14:43.216 [JavaFX Application Thread] DEBUG FXGLApplication      - Exiting FXGL
14:14:43.217 [JavaFX Application Thread] DEBUG LoopRunner           - Stopping loop
14:14:43.217 [JavaFX Application Thread] DEBUG SystemBundleService  - Saving FXGL system data
14:14:43.219 [JavaFX Application Thread] DEBUG FileSystemAccess     - Writing to: C:\Users\Karan\Documents\School\M359\Animation Project\system\fxgl.bundle
14:14:43.221 [JavaFX Application Thread] DEBUG Async                - Shutting down background threads
14:14:43.221 [JavaFX Application Thread] DEBUG PrimaryStageWindow   - Closing main window
14:14:43.235 [JavaFX Application Thread] DEBUG Logger               - Closing Logger
