14:09:47.337 [main                     ] DEBUG Logger               - Configured Logger
14:09:47.361 [main                     ] DEBUG GameApplication      - Logging settings
Title: Flappy Bird
Version: 
Width: 1600
Height: 900
Fullscreen: false
Intro: false
Profiling: false
Single step:false
App Mode: DEVELOPER
Menu Key: ESCAPE
Stage Style: DECORATED
Scene Factory: class com.almasb.fxgl.app.scene.SceneFactory

14:09:49.074 [JavaFX Application Thread] DEBUG FXGLApplication      - Initializing FXGL
14:09:49.108 [JavaFX Application Thread] INFO  Engine               - FXGL-dev-SNAPSHOT (14.03.2021 13.40) on WINDOWS (J:14.0.2 FX:15)
14:09:49.109 [JavaFX Application Thread] DEBUG Engine               - JRE Vendor Name: Oracle Corporation
14:09:49.110 [JavaFX Application Thread] DEBUG Engine               - Running on OS: Windows 10 version 10.0
14:09:49.111 [JavaFX Application Thread] DEBUG Engine               - Architecture: amd64
14:09:49.113 [JavaFX Application Thread] INFO  Engine               - Source code and latest versions at: https://github.com/AlmasB/FXGL
14:09:49.125 [JavaFX Application Thread] INFO  Engine               -              Join the FXGL chat at: https://gitter.im/AlmasB/FXGL
14:09:49.867 [JavaFX Application Thread] DEBUG PrimaryStageWindow   - Creating a JavaFX scene
14:09:50.144 [JavaFX Application Thread] DEBUG PrimaryStageWindow   - Target settings size: 1600.0 x 900.0
14:09:50.144 [JavaFX Application Thread] DEBUG PrimaryStageWindow   - Scaled scene size:    1600.0 x 900.0
14:09:50.144 [JavaFX Application Thread] DEBUG PrimaryStageWindow   - Scaled ratio: (1.0, 1.0)
14:09:50.146 [JavaFX Application Thread] DEBUG PrimaryStageWindow   - Set initial scene to FXGLStartupScene
14:09:50.157 [JavaFX Application Thread] DEBUG PrimaryStageWindow   - Opening main window
14:09:50.343 [JavaFX Application Thread] DEBUG PrimaryStageWindow   - Window border size: (16.0, 39.0)
14:09:50.344 [JavaFX Application Thread] DEBUG PrimaryStageWindow   - Scaled size: 1600.0 x 900.0
14:09:50.344 [JavaFX Application Thread] DEBUG PrimaryStageWindow   - Scaled ratio: (1.0, 1.0)
14:09:50.344 [JavaFX Application Thread] DEBUG PrimaryStageWindow   - Scene size: 1600.0 x 900.0
14:09:50.345 [JavaFX Application Thread] DEBUG PrimaryStageWindow   - Stage size: 1616.0 x 939.0
14:09:50.405 [FXGL Background Thread 1 ] DEBUG Engine               - Initializing environment variables
14:09:50.717 [FXGL Background Thread 1 ] DEBUG FXGLAssetLoaderServi - User app class for loading assets: class com.almasb.fxglgames.flappy.FlappyBirdApp
14:09:50.718 [FXGL Background Thread 1 ] DEBUG GameApplicationServi - Applying CSS: fxgl_dark.css
14:09:50.724 [FXGL Background Thread 1 ] DEBUG FXGLAssetLoaderServi - Loading from file system: jar:file:/C:/Users/Karan/.m2/repository/com/github/almasb/fxgl/dev-SNAPSHOT/fxgl-dev-20210314.134109-1706.jar!/fxglassets/ui/css/fxgl_dark.css
14:09:50.973 [FXGL Background Thread 1 ] DEBUG GameApplicationServi - Initializing application scenes
14:09:51.261 [FXGL Background Thread 1 ] DEBUG GameWorld            - Game world initialized
14:09:51.384 [FXGL Background Thread 1 ] DEBUG PhysicsWorld         - Physics world initialized: appHeight=900, physics.ppm=50.0
14:09:51.385 [FXGL Background Thread 1 ] DEBUG PhysicsWorld         - Using strategy: BRUTE_FORCE
14:09:51.388 [FXGL Background Thread 1 ] DEBUG GameScene            - Game scene initialized: 1600x900
14:09:51.483 [FXGL Background Thread 1 ] DEBUG FXGLAssetLoaderServi - Loading from file system: jar:file:/C:/Users/Karan/.m2/repository/com/github/almasb/fxgl/dev-SNAPSHOT/fxgl-dev-20210314.134109-1706.jar!/fxglassets/textures/particles/trace_horizontal.png
14:09:51.578 [FXGL Background Thread 1 ] DEBUG FXGL.DefaultMenu     - createMenuBodyMainMenu()
14:09:51.622 [FXGL Background Thread 1 ] DEBUG FXGL.DefaultMenu     - createOptionsMenu()
14:09:51.631 [FXGL Background Thread 1 ] DEBUG FXGLAssetLoaderServi - Loading from file system: jar:file:/C:/Users/Karan/.m2/repository/com/github/almasb/fxgl/dev-SNAPSHOT/fxgl-dev-20210314.134109-1706.jar!/fxglassets/textures/particles/smoke.png
14:09:51.747 [FXGL Background Thread 1 ] DEBUG FXGL.DefaultMenu     - createMenuBodyGameMenu()
14:09:51.748 [FXGL Background Thread 1 ] DEBUG FXGL.DefaultMenu     - createOptionsMenu()
14:09:51.777 [FXGL Background Thread 1 ] DEBUG GameApplicationServi - Application scenes initialized
14:09:51.797 [FXGL Background Thread 1 ] DEBUG SystemBundleService  - Loading FXGL system data
14:09:51.821 [FXGL Background Thread 1 ] DEBUG FileSystemAccess     - Reading from: C:\Users\Karan\Documents\School\M359\Animation Project\system\fxgl.bundle
14:09:51.831 [FXGL Background Thread 1 ] DEBUG SystemBundleService  - Bundle FXGL: {}
14:09:51.831 [FXGL Background Thread 1 ] DEBUG UpdaterService       - Checking for updates
14:09:51.840 [FXGL Background Thread 1 ] DEBUG FXGLApplication      - Loading default localization
14:09:51.841 [FXGL Background Thread 1 ] DEBUG FXGLAssetLoaderServi - Loading from file system: jar:file:/C:/Users/Karan/.m2/repository/com/github/almasb/fxgl/dev-SNAPSHOT/fxgl-dev-20210314.134109-1706.jar!/fxglassets/languages/english.lang
14:09:51.861 [FXGL Background Thread 1 ] INFO  FXGLApplication      - FXGL initialization took: 1.456 sec
14:09:51.872 [JavaFX Application Thread] DEBUG Input                - Registered new binding: Jump - Up
14:09:51.873 [JavaFX Application Thread] DEBUG FXGLAssetLoaderServi - Loading from file system: file:/C:/Users/Karan/Documents/School/M359/Animation%20Project/target/classes/assets/music/bgm.mp3
14:09:51.891 [FXGL Background Thread 4 ] DEBUG FXGLApplication      - Loading fonts
14:09:51.893 [FXGL Background Thread 4 ] DEBUG FXGLAssetLoaderServi - Loading from file system: jar:file:/C:/Users/Karan/.m2/repository/com/github/almasb/fxgl/dev-SNAPSHOT/fxgl-dev-20210314.134109-1706.jar!/fxglassets/ui/fonts/VarelaRound-Regular.ttf
14:09:52.139 [FXGL Background Thread 4 ] DEBUG FXGLAssetLoaderServi - Loading from file system: jar:file:/C:/Users/Karan/.m2/repository/com/github/almasb/fxgl/dev-SNAPSHOT/fxgl-dev-20210314.134109-1706.jar!/fxglassets/ui/fonts/Abel-Regular.ttf
14:09:52.143 [FXGL Background Thread 4 ] DEBUG FXGLAssetLoaderServi - Loading from file system: jar:file:/C:/Users/Karan/.m2/repository/com/github/almasb/fxgl/dev-SNAPSHOT/fxgl-dev-20210314.134109-1706.jar!/fxglassets/ui/fonts/lucida_console.ttf
14:09:52.149 [FXGL Background Thread 4 ] DEBUG FXGLAssetLoaderServi - Loading from file system: jar:file:/C:/Users/Karan/.m2/repository/com/github/almasb/fxgl/dev-SNAPSHOT/fxgl-dev-20210314.134109-1706.jar!/fxglassets/ui/fonts/Courier-Prime.ttf
14:09:52.221 [JavaFX Application Thread] DEBUG AudioPlayer          - Playing music com.almasb.fxgl.audio.Music@69ab3a19
14:09:52.223 [JavaFX Application Thread] DEBUG FXGLAssetLoaderServi - Loading from file system: jar:file:/C:/Users/Karan/.m2/repository/com/github/almasb/fxgl/dev-SNAPSHOT/fxgl-dev-20210314.134109-1706.jar!/fxglassets/textures/fxgl_icon.png
14:09:52.293 [JavaFX Application Thread] DEBUG FXGLAssetLoaderServi - Loading from file system: jar:file:/C:/Users/Karan/.m2/repository/com/github/almasb/fxgl/dev-SNAPSHOT/fxgl-dev-20210314.134109-1706.jar!/fxglassets/ui/cursors/fxgl_default.png
14:09:52.295 [JavaFX Application Thread] DEBUG Input                - Registered new binding: Screenshot - P
14:09:52.296 [JavaFX Application Thread] DEBUG Input                - Registered new binding: System info dump - CTRL+9
14:09:52.297 [JavaFX Application Thread] DEBUG Input                - Registered new binding: Restart - CTRL+R
14:09:52.298 [JavaFX Application Thread] DEBUG Input                - Registered new binding: Toggle Debug Camera - CTRL+C
14:09:52.300 [JavaFX Application Thread] DEBUG LoopRunner           - Starting loop
14:09:52.301 [JavaFX Application Thread] DEBUG LoopRunner           - Initializing JavaFX AnimationTimerLoop
14:09:52.305 [JavaFX Application Thread] DEBUG Input                - Clearing active input actions
14:09:52.318 [JavaFX Application Thread] DEBUG GameApplicationServi - Removing overlay from FXGLStartupScene and adding to FXGLMainMenuDummyScene
14:09:52.318 [JavaFX Application Thread] DEBUG PrimaryStageWindow   - FXGLStartupScene -> FXGLMainMenuDummyScene
14:09:52.319 [JavaFX Application Thread] DEBUG PrimaryStageWindow   - Push state: FXGLDefaultMenu
14:09:52.325 [JavaFX Application Thread] DEBUG Input                - Clearing active input actions
14:09:52.352 [JavaFX Application Thread] DEBUG GameApplicationServi - Removing overlay from FXGLMainMenuDummyScene and adding to FXGLDefaultMenu
14:09:52.353 [JavaFX Application Thread] DEBUG PrimaryStageWindow   - FXGLMainMenuDummyScene -> FXGLDefaultMenu
14:09:52.362 [JavaFX Application Thread] DEBUG FXGLApplication      - Registering font factories with UI factory
14:09:52.491 [FXGL Background Thread 2 ] INFO  UpdaterService       - Your current version:  dev-SNAPSHOT
14:09:52.491 [FXGL Background Thread 2 ] INFO  UpdaterService       - Latest stable version: 11.14
14:09:53.877 [JavaFX Application Thread] DEBUG Menu                 - fireNewGame()
14:09:53.878 [JavaFX Application Thread] DEBUG GameApplicationServi - Starting new game
14:09:53.882 [JavaFX Application Thread] DEBUG PrimaryStageWindow   - Pop state: FXGLDefaultMenu
14:09:53.883 [JavaFX Application Thread] DEBUG Input                - Clearing active input actions
14:09:53.889 [JavaFX Application Thread] DEBUG GameApplicationServi - Removing overlay from FXGLDefaultMenu and adding to FXGLMainMenuDummyScene
14:09:53.891 [JavaFX Application Thread] DEBUG PrimaryStageWindow   - FXGLMainMenuDummyScene <- FXGLDefaultMenu
14:09:53.893 [JavaFX Application Thread] DEBUG Input                - Clearing active input actions
14:09:53.908 [JavaFX Application Thread] DEBUG GameApplicationServi - Removing overlay from FXGLMainMenuDummyScene and adding to FXGLLoadingScene
14:09:53.908 [JavaFX Application Thread] DEBUG PrimaryStageWindow   - FXGLMainMenuDummyScene -> FXGLLoadingScene
14:09:53.908 [JavaFX Application Thread] DEBUG GameApplicationServi - Clearing previous game
14:09:53.908 [JavaFX Application Thread] DEBUG GameScene            - Clearing game scene
14:09:53.909 [JavaFX Application Thread] DEBUG GameWorld            - Clearing game world
14:09:53.909 [JavaFX Application Thread] DEBUG PhysicsWorld         - Clearing physics world
14:09:53.913 [FXGL Background Thread 2 ] DEBUG FXGLApplication      - Initializing game
14:09:53.925 [FXGL Background Thread 2 ] DEBUG FXGLAssetLoaderServi - Loading from file system: file:/C:/Users/Karan/Documents/School/M359/Animation%20Project/target/classes/assets/textures/bird.png
14:09:53.957 [FXGL Background Thread 2 ] DEBUG FXGLAssetLoaderServi - Loading from file system: file:/C:/Users/Karan/Documents/School/M359/Animation%20Project/target/classes/assets/textures/life.png
14:09:54.047 [FXGL Background Thread 2 ] INFO  FXGLApplication      - Game initialization took: 0.134 sec
14:09:54.055 [JavaFX Application Thread] DEBUG Input                - Clearing active input actions
14:09:54.078 [JavaFX Application Thread] DEBUG GameApplicationServi - Removing overlay from FXGLLoadingScene and adding to GameScene
14:09:54.078 [JavaFX Application Thread] DEBUG PrimaryStageWindow   - FXGLLoadingScene -> GameScene
14:09:54.088 [JavaFX Application Thread] DEBUG FXGLAssetLoaderServi - Loading from file system: file:/C:/Users/Karan/Documents/School/M359/Animation%20Project/target/classes/assets/textures/slow.png
14:09:54.125 [JavaFX Application Thread] DEBUG FXGLAssetLoaderServi - Loading from file system: file:/C:/Users/Karan/Documents/School/M359/Animation%20Project/target/classes/assets/textures/finish.jpg
14:09:54.266 [JavaFX Application Thread] DEBUG PrimaryStageWindow   - Push state: DialogSubScene
14:09:54.266 [JavaFX Application Thread] DEBUG Input                - Clearing active input actions
14:09:54.267 [JavaFX Application Thread] DEBUG GameApplicationServi - Removing overlay from GameScene and adding to DialogSubScene
14:09:54.267 [JavaFX Application Thread] DEBUG PrimaryStageWindow   - GameScene -> DialogSubScene
14:09:54.837 [FXGL Background Thread 3 ] DEBUG Engine               - Logging environment variables
14:09:54.838 [FXGL Background Thread 3 ] DEBUG Engine               - achievements: []
14:09:54.838 [FXGL Background Thread 3 ] DEBUG Engine               - actualHeight: 900.0
14:09:54.838 [FXGL Background Thread 3 ] DEBUG Engine               - actualHeightProperty: ReadOnlyDoubleProperty [value: 900.0]
14:09:54.838 [FXGL Background Thread 3 ] DEBUG Engine               - actualWidth: 1600.0
14:09:54.839 [FXGL Background Thread 3 ] DEBUG Engine               - actualWidthProperty: ReadOnlyDoubleProperty [value: 1600.0]
14:09:54.839 [FXGL Background Thread 3 ] DEBUG Engine               - appIcon: fxgl_icon.png
14:09:54.839 [FXGL Background Thread 3 ] DEBUG Engine               - applicationMode: DEVELOPER
14:09:54.839 [FXGL Background Thread 3 ] DEBUG Engine               - cSSList: [fxgl_dark.css]
14:09:54.839 [FXGL Background Thread 3 ] DEBUG Engine               - collisionDetectionStrategy: BRUTE_FORCE
14:09:54.839 [FXGL Background Thread 3 ] DEBUG Engine               - configClass: Optional.empty
14:09:54.839 [FXGL Background Thread 3 ] DEBUG Engine               - credits: []
14:09:54.839 [FXGL Background Thread 3 ] DEBUG Engine               - devBBoxColorProperty: ObjectProperty [value: 0xff0000ff]
14:09:54.840 [FXGL Background Thread 3 ] DEBUG Engine               - devEnableDebugCameraProperty: BooleanProperty [value: false]
14:09:54.840 [FXGL Background Thread 3 ] DEBUG Engine               - devSensorColorProperty: ObjectProperty [value: 0xffff00ff]
14:09:54.840 [FXGL Background Thread 3 ] DEBUG Engine               - devShowBBoxProperty: BooleanProperty [value: false]
14:09:54.840 [FXGL Background Thread 3 ] DEBUG Engine               - devShowPositionProperty: BooleanProperty [value: false]
14:09:54.840 [FXGL Background Thread 3 ] DEBUG Engine               - enabledMenuItems: []
14:09:54.840 [FXGL Background Thread 3 ] DEBUG Engine               - engineServices: [class com.almasb.fxgl.app.services.FXGLAssetLoaderService, class com.almasb.fxgl.app.FXGLApplication$GameApplicationService, class com.almasb.fxgl.app.services.FXGLDialogService, class com.almasb.fxgl.app.services.IOTaskExecutorService, class com.almasb.fxgl.event.EventBusService, class com.almasb.fxgl.io.FileSystemService, class com.almasb.fxgl.localization.LocalizationService, class com.almasb.fxgl.app.services.SystemBundleService, class com.almasb.fxgl.profile.SaveLoadService, class com.almasb.fxgl.ui.FXGLUIFactoryServiceProvider, class com.almasb.fxgl.ui.FXGLDialogFactoryServiceProvider, class com.almasb.fxgl.audio.AudioPlayer, class com.almasb.fxgl.notification.impl.NotificationServiceProvider, class com.almasb.fxgl.achievement.AchievementService, class com.almasb.fxgl.cutscene.CutsceneService, class com.almasb.fxgl.minigames.MiniGameService, class com.almasb.fxgl.net.NetService, class com.almasb.fxgl.app.services.UpdaterService, class com.almasb.fxgl.dev.DevService]
14:09:54.840 [FXGL Background Thread 3 ] DEBUG Engine               - fontGame: Abel-Regular.ttf
14:09:54.840 [FXGL Background Thread 3 ] DEBUG Engine               - fontMono: lucida_console.ttf
14:09:54.840 [FXGL Background Thread 3 ] DEBUG Engine               - fontText: Courier-Prime.ttf
14:09:54.840 [FXGL Background Thread 3 ] DEBUG Engine               - fontUI: VarelaRound-Regular.ttf
14:09:54.840 [FXGL Background Thread 3 ] DEBUG Engine               - fullScreen: BooleanProperty [value: false]
14:09:54.840 [FXGL Background Thread 3 ] DEBUG Engine               - gameDifficulty: MEDIUM
14:09:54.840 [FXGL Background Thread 3 ] DEBUG Engine               - gameDifficultyProperty: ObjectProperty [value: MEDIUM]
14:09:54.841 [FXGL Background Thread 3 ] DEBUG Engine               - globalMusicVolume: 0.5
14:09:54.841 [FXGL Background Thread 3 ] DEBUG Engine               - globalMusicVolumeProperty: DoubleProperty [value: 0.5]
14:09:54.841 [FXGL Background Thread 3 ] DEBUG Engine               - globalSoundVolume: 0.5
14:09:54.841 [FXGL Background Thread 3 ] DEBUG Engine               - globalSoundVolumeProperty: DoubleProperty [value: 0.5]
14:09:54.841 [FXGL Background Thread 3 ] DEBUG Engine               - height: 900
14:09:54.841 [FXGL Background Thread 3 ] DEBUG Engine               - isAndroid: false
14:09:54.841 [FXGL Background Thread 3 ] DEBUG Engine               - isBrowser: false
14:09:54.841 [FXGL Background Thread 3 ] DEBUG Engine               - isClickFeedbackEnabled: false
14:09:54.841 [FXGL Background Thread 3 ] DEBUG Engine               - isCloseConfirmation: false
14:09:54.841 [FXGL Background Thread 3 ] DEBUG Engine               - isDesktop: true
14:09:54.841 [FXGL Background Thread 3 ] DEBUG Engine               - isDeveloperMenuEnabled: false
14:09:54.842 [FXGL Background Thread 3 ] DEBUG Engine               - isEntityPreloadEnabled: true
14:09:54.842 [FXGL Background Thread 3 ] DEBUG Engine               - isExperimental3D: false
14:09:54.842 [FXGL Background Thread 3 ] DEBUG Engine               - isExperimentalNative: false
14:09:54.842 [FXGL Background Thread 3 ] DEBUG Engine               - isExperimentalTiledLargeMap: false
14:09:54.842 [FXGL Background Thread 3 ] DEBUG Engine               - isFileSystemWriteAllowed: true
14:09:54.842 [FXGL Background Thread 3 ] DEBUG Engine               - isFullScreenAllowed: false
14:09:54.842 [FXGL Background Thread 3 ] DEBUG Engine               - isFullScreenFromStart: false
14:09:54.842 [FXGL Background Thread 3 ] DEBUG Engine               - isGameMenuEnabled: true
14:09:54.842 [FXGL Background Thread 3 ] DEBUG Engine               - isIOS: false
14:09:54.842 [FXGL Background Thread 3 ] DEBUG Engine               - isIntroEnabled: false
14:09:54.842 [FXGL Background Thread 3 ] DEBUG Engine               - isLinux: false
14:09:54.842 [FXGL Background Thread 3 ] DEBUG Engine               - isMac: false
14:09:54.843 [FXGL Background Thread 3 ] DEBUG Engine               - isMainMenuEnabled: true
14:09:54.843 [FXGL Background Thread 3 ] DEBUG Engine               - isManualResizeEnabled: false
14:09:54.843 [FXGL Background Thread 3 ] DEBUG Engine               - isMobile: false
14:09:54.843 [FXGL Background Thread 3 ] DEBUG Engine               - isPreserveResizeRatio: false
14:09:54.843 [FXGL Background Thread 3 ] DEBUG Engine               - isProfilingEnabled: false
14:09:54.843 [FXGL Background Thread 3 ] DEBUG Engine               - isScaleAffectedOnResize: true
14:09:54.843 [FXGL Background Thread 3 ] DEBUG Engine               - isSingleStep: false
14:09:54.843 [FXGL Background Thread 3 ] DEBUG Engine               - isUserProfileEnabled: false
14:09:54.843 [FXGL Background Thread 3 ] DEBUG Engine               - isWindows: true
14:09:54.843 [FXGL Background Thread 3 ] DEBUG Engine               - language: ObjectProperty [value: ENGLISH]
14:09:54.843 [FXGL Background Thread 3 ] DEBUG Engine               - menuKey: ESCAPE
14:09:54.843 [FXGL Background Thread 3 ] DEBUG Engine               - notificationViewClass: class com.almasb.fxgl.notification.view.XboxNotificationView
14:09:54.843 [FXGL Background Thread 3 ] DEBUG Engine               - pixelsPerMeter: 50.0
14:09:54.844 [FXGL Background Thread 3 ] DEBUG Engine               - platform: WINDOWS
14:09:54.844 [FXGL Background Thread 3 ] DEBUG Engine               - prefHeightProperty: ReadOnlyDoubleProperty [value: 900.0]
14:09:54.844 [FXGL Background Thread 3 ] DEBUG Engine               - prefWidthProperty: ReadOnlyDoubleProperty [value: 1600.0]
14:09:54.844 [FXGL Background Thread 3 ] DEBUG Engine               - profileDir: profiles/
14:09:54.844 [FXGL Background Thread 3 ] DEBUG Engine               - profileName: StringProperty [value: DEFAULT]
14:09:54.844 [FXGL Background Thread 3 ] DEBUG Engine               - randomSeed: -1
14:09:54.844 [FXGL Background Thread 3 ] DEBUG Engine               - runtimeInfo: RuntimeInfo(platform=WINDOWS, version=dev-SNAPSHOT, build=14.03.2021 13.40)
14:09:54.844 [FXGL Background Thread 3 ] DEBUG Engine               - saveFileExt: sav
14:09:54.844 [FXGL Background Thread 3 ] DEBUG Engine               - scaledHeightProp$fxgl: DoubleProperty [bound, value: 900.0]
14:09:54.844 [FXGL Background Thread 3 ] DEBUG Engine               - scaledWidthProp$fxgl: DoubleProperty [bound, value: 1600.0]
14:09:54.844 [FXGL Background Thread 3 ] DEBUG Engine               - sceneFactory: com.almasb.fxgl.app.scene.SceneFactory@2b3ad85f
14:09:54.844 [FXGL Background Thread 3 ] DEBUG Engine               - secondsIn24h: 60
14:09:54.844 [FXGL Background Thread 3 ] DEBUG Engine               - soundMenuBack: menu/back.wav
14:09:54.844 [FXGL Background Thread 3 ] DEBUG Engine               - soundMenuPress: menu/press.wav
14:09:54.845 [FXGL Background Thread 3 ] DEBUG Engine               - soundMenuSelect: menu/select.wav
14:09:54.845 [FXGL Background Thread 3 ] DEBUG Engine               - soundNotification: core/notification.wav
14:09:54.845 [FXGL Background Thread 3 ] DEBUG Engine               - stageStyle: DECORATED
14:09:54.845 [FXGL Background Thread 3 ] DEBUG Engine               - supportedLanguages: [ENGLISH, FRENCH, GERMAN, HUNGARIAN, RUSSIAN]
14:09:54.845 [FXGL Background Thread 3 ] DEBUG Engine               - ticksPerSecond: -1
14:09:54.845 [FXGL Background Thread 3 ] DEBUG Engine               - title: Flappy Bird
14:09:54.845 [FXGL Background Thread 3 ] DEBUG Engine               - urlGithub: https://github.com/AlmasB/FXGL
14:09:54.845 [FXGL Background Thread 3 ] DEBUG Engine               - urlLeaderboard: http://fxgl-top.herokuapp.com/
14:09:54.845 [FXGL Background Thread 3 ] DEBUG Engine               - urlPOM: https://raw.githubusercontent.com/AlmasB/FXGL/release/README.md
14:09:54.845 [FXGL Background Thread 3 ] DEBUG Engine               - userAppClass: class com.almasb.fxglgames.flappy.FlappyBirdApp
14:09:54.845 [FXGL Background Thread 3 ] DEBUG Engine               - version: 
14:09:54.845 [FXGL Background Thread 3 ] DEBUG Engine               - versionCheckDays: 7
14:09:54.845 [FXGL Background Thread 3 ] DEBUG Engine               - width: 1600
14:09:54.845 [FXGL Background Thread 3 ] DEBUG Engine               - Logging services
14:09:54.845 [FXGL Background Thread 3 ] DEBUG Engine               - class com.almasb.fxgl.app.services.FXGLAssetLoaderService
14:09:54.845 [FXGL Background Thread 3 ] DEBUG Engine               - class com.almasb.fxgl.app.FXGLApplication$GameApplicationService
14:09:54.845 [FXGL Background Thread 3 ] DEBUG Engine               - class com.almasb.fxgl.app.services.FXGLDialogService
14:09:54.845 [FXGL Background Thread 3 ] DEBUG Engine               - class com.almasb.fxgl.app.services.IOTaskExecutorService
14:09:54.845 [FXGL Background Thread 3 ] DEBUG Engine               - class com.almasb.fxgl.event.EventBusService
14:09:54.845 [FXGL Background Thread 3 ] DEBUG Engine               - class com.almasb.fxgl.io.FileSystemService
14:09:54.845 [FXGL Background Thread 3 ] DEBUG Engine               - class com.almasb.fxgl.localization.LocalizationService
14:09:54.846 [FXGL Background Thread 3 ] DEBUG Engine               - class com.almasb.fxgl.app.services.SystemBundleService
14:09:54.846 [FXGL Background Thread 3 ] DEBUG Engine               - class com.almasb.fxgl.profile.SaveLoadService
14:09:54.846 [FXGL Background Thread 3 ] DEBUG Engine               - class com.almasb.fxgl.ui.FXGLUIFactoryServiceProvider
14:09:54.846 [FXGL Background Thread 3 ] DEBUG Engine               - class com.almasb.fxgl.ui.FXGLDialogFactoryServiceProvider
14:09:54.846 [FXGL Background Thread 3 ] DEBUG Engine               - class com.almasb.fxgl.audio.AudioPlayer
14:09:54.846 [FXGL Background Thread 3 ] DEBUG Engine               - class com.almasb.fxgl.notification.impl.NotificationServiceProvider
14:09:54.846 [FXGL Background Thread 3 ] DEBUG Engine               - class com.almasb.fxgl.achievement.AchievementService
14:09:54.846 [FXGL Background Thread 3 ] DEBUG Engine               - class com.almasb.fxgl.cutscene.CutsceneService
14:09:54.846 [FXGL Background Thread 3 ] DEBUG Engine               - class com.almasb.fxgl.minigames.MiniGameService
14:09:54.846 [FXGL Background Thread 3 ] DEBUG Engine               - class com.almasb.fxgl.net.NetService
14:09:54.846 [FXGL Background Thread 3 ] DEBUG Engine               - class com.almasb.fxgl.app.services.UpdaterService
14:09:54.846 [FXGL Background Thread 3 ] DEBUG Engine               - class com.almasb.fxgl.dev.DevService
14:09:55.084 [JavaFX Application Thread] DEBUG PrimaryStageWindow   - Pop state: DialogSubScene
14:09:55.084 [JavaFX Application Thread] DEBUG Input                - Clearing active input actions
14:09:55.085 [JavaFX Application Thread] DEBUG GameApplicationServi - Removing overlay from DialogSubScene and adding to GameScene
14:09:55.086 [JavaFX Application Thread] DEBUG PrimaryStageWindow   - GameScene <- DialogSubScene
14:09:55.086 [JavaFX Application Thread] DEBUG LoopRunner           - Resuming loop
14:09:55.909 [JavaFX Application Thread] DEBUG FXGLAssetLoaderServi - Loading from file system: file:/C:/Users/Karan/Documents/School/M359/Animation%20Project/target/classes/assets/sounds/jump.wav
14:10:01.935 [JavaFX Application Thread] DEBUG PrimaryStageWindow   - Push state: DialogSubScene
14:10:01.935 [JavaFX Application Thread] DEBUG Input                - Clearing active input actions
14:10:01.936 [JavaFX Application Thread] DEBUG GameApplicationServi - Removing overlay from GameScene and adding to DialogSubScene
14:10:01.936 [JavaFX Application Thread] DEBUG PrimaryStageWindow   - GameScene -> DialogSubScene
14:10:02.027 [JavaFX Application Thread] DEBUG FXGLApplication      - Exiting FXGL
14:10:02.027 [JavaFX Application Thread] DEBUG LoopRunner           - Stopping loop
14:10:02.028 [JavaFX Application Thread] DEBUG SystemBundleService  - Saving FXGL system data
14:10:02.032 [JavaFX Application Thread] DEBUG FileSystemAccess     - Writing to: C:\Users\Karan\Documents\School\M359\Animation Project\system\fxgl.bundle
14:10:02.039 [JavaFX Application Thread] DEBUG Async                - Shutting down background threads
14:10:02.039 [JavaFX Application Thread] DEBUG PrimaryStageWindow   - Closing main window
14:10:02.152 [JavaFX Application Thread] DEBUG Logger               - Closing Logger
