14:18:08.187 [main                     ] DEBUG Logger               - Configured Logger
14:18:08.195 [main                     ] DEBUG GameApplication      - Logging settings
Title: Flappy Bird
Version: 
Width: 1600
Height: 900
Fullscreen: false
Intro: false
Profiling: false
Single step:false
App Mode: DEVELOPER
Menu Key: ESCAPE
Stage Style: DECORATED
Scene Factory: class com.almasb.fxgl.app.scene.SceneFactory

14:18:08.761 [JavaFX Application Thread] DEBUG FXGLApplication      - Initializing FXGL
14:18:08.764 [JavaFX Application Thread] INFO  Engine               - FXGL-dev-SNAPSHOT (14.03.2021 13.40) on WINDOWS (J:14.0.2 FX:15)
14:18:08.765 [JavaFX Application Thread] DEBUG Engine               - JRE Vendor Name: Oracle Corporation
14:18:08.765 [JavaFX Application Thread] DEBUG Engine               - Running on OS: Windows 10 version 10.0
14:18:08.765 [JavaFX Application Thread] DEBUG Engine               - Architecture: amd64
14:18:08.766 [JavaFX Application Thread] INFO  Engine               - Source code and latest versions at: https://github.com/AlmasB/FXGL
14:18:08.766 [JavaFX Application Thread] INFO  Engine               -              Join the FXGL chat at: https://gitter.im/AlmasB/FXGL
14:18:08.989 [JavaFX Application Thread] DEBUG PrimaryStageWindow   - Creating a JavaFX scene
14:18:09.089 [JavaFX Application Thread] DEBUG PrimaryStageWindow   - Target settings size: 1600.0 x 900.0
14:18:09.090 [JavaFX Application Thread] DEBUG PrimaryStageWindow   - Scaled scene size:    1600.0 x 900.0
14:18:09.090 [JavaFX Application Thread] DEBUG PrimaryStageWindow   - Scaled ratio: (1.0, 1.0)
14:18:09.091 [JavaFX Application Thread] DEBUG PrimaryStageWindow   - Set initial scene to FXGLStartupScene
14:18:09.101 [JavaFX Application Thread] DEBUG PrimaryStageWindow   - Opening main window
14:18:09.246 [JavaFX Application Thread] DEBUG PrimaryStageWindow   - Window border size: (16.0, 39.0)
14:18:09.246 [JavaFX Application Thread] DEBUG PrimaryStageWindow   - Scaled size: 1600.0 x 900.0
14:18:09.247 [JavaFX Application Thread] DEBUG PrimaryStageWindow   - Scaled ratio: (1.0, 1.0)
14:18:09.247 [JavaFX Application Thread] DEBUG PrimaryStageWindow   - Scene size: 1600.0 x 900.0
14:18:09.247 [JavaFX Application Thread] DEBUG PrimaryStageWindow   - Stage size: 1616.0 x 939.0
14:18:09.381 [FXGL Background Thread 1 ] DEBUG Engine               - Initializing environment variables
14:18:09.448 [FXGL Background Thread 1 ] DEBUG FXGLAssetLoaderServi - User app class for loading assets: class com.almasb.fxglgames.flappy.FlappyBirdApp
14:18:09.449 [FXGL Background Thread 1 ] DEBUG GameApplicationServi - Applying CSS: fxgl_dark.css
14:18:09.450 [FXGL Background Thread 1 ] DEBUG FXGLAssetLoaderServi - Loading from file system: jar:file:/C:/Users/Karan/.m2/repository/com/github/almasb/fxgl/dev-SNAPSHOT/fxgl-dev-20210314.134109-1706.jar!/fxglassets/ui/css/fxgl_dark.css
14:18:09.539 [FXGL Background Thread 1 ] DEBUG GameApplicationServi - Initializing application scenes
14:18:09.691 [FXGL Background Thread 1 ] DEBUG GameWorld            - Game world initialized
14:18:09.780 [FXGL Background Thread 1 ] DEBUG PhysicsWorld         - Physics world initialized: appHeight=900, physics.ppm=50.0
14:18:09.781 [FXGL Background Thread 1 ] DEBUG PhysicsWorld         - Using strategy: BRUTE_FORCE
14:18:09.784 [FXGL Background Thread 1 ] DEBUG GameScene            - Game scene initialized: 1600x900
14:18:09.827 [FXGL Background Thread 1 ] DEBUG FXGLAssetLoaderServi - Loading from file system: jar:file:/C:/Users/Karan/.m2/repository/com/github/almasb/fxgl/dev-SNAPSHOT/fxgl-dev-20210314.134109-1706.jar!/fxglassets/textures/particles/trace_horizontal.png
14:18:09.887 [FXGL Background Thread 1 ] DEBUG FXGL.DefaultMenu     - createMenuBodyMainMenu()
14:18:09.910 [FXGL Background Thread 1 ] DEBUG FXGL.DefaultMenu     - createOptionsMenu()
14:18:09.919 [FXGL Background Thread 1 ] DEBUG FXGLAssetLoaderServi - Loading from file system: jar:file:/C:/Users/Karan/.m2/repository/com/github/almasb/fxgl/dev-SNAPSHOT/fxgl-dev-20210314.134109-1706.jar!/fxglassets/textures/particles/smoke.png
14:18:09.983 [FXGL Background Thread 1 ] DEBUG FXGL.DefaultMenu     - createMenuBodyGameMenu()
14:18:09.984 [FXGL Background Thread 1 ] DEBUG FXGL.DefaultMenu     - createOptionsMenu()
14:18:10.006 [FXGL Background Thread 1 ] DEBUG GameApplicationServi - Application scenes initialized
14:18:10.023 [FXGL Background Thread 1 ] DEBUG SystemBundleService  - Loading FXGL system data
14:18:10.027 [FXGL Background Thread 1 ] DEBUG FileSystemAccess     - Reading from: C:\Users\Karan\Documents\School\M359\Animation Project\system\fxgl.bundle
14:18:10.034 [FXGL Background Thread 1 ] DEBUG SystemBundleService  - Bundle FXGL: {}
14:18:10.034 [FXGL Background Thread 1 ] DEBUG UpdaterService       - Checking for updates
14:18:10.040 [FXGL Background Thread 1 ] DEBUG FXGLApplication      - Loading default localization
14:18:10.041 [FXGL Background Thread 1 ] DEBUG FXGLAssetLoaderServi - Loading from file system: jar:file:/C:/Users/Karan/.m2/repository/com/github/almasb/fxgl/dev-SNAPSHOT/fxgl-dev-20210314.134109-1706.jar!/fxglassets/languages/english.lang
14:18:10.046 [FXGL Background Thread 4 ] DEBUG FXGLApplication      - Loading fonts
14:18:10.046 [FXGL Background Thread 4 ] DEBUG FXGLAssetLoaderServi - Loading from file system: jar:file:/C:/Users/Karan/.m2/repository/com/github/almasb/fxgl/dev-SNAPSHOT/fxgl-dev-20210314.134109-1706.jar!/fxglassets/ui/fonts/VarelaRound-Regular.ttf
14:18:10.073 [FXGL Background Thread 1 ] INFO  FXGLApplication      - FXGL initialization took: 0.692 sec
14:18:10.085 [JavaFX Application Thread] DEBUG Input                - Registered new binding: Jump - Up
14:18:10.085 [JavaFX Application Thread] DEBUG FXGLAssetLoaderServi - Loading from file system: file:/C:/Users/Karan/Documents/School/M359/Animation%20Project/target/classes/assets/music/bgm.mp3
14:18:10.113 [FXGL Background Thread 4 ] DEBUG FXGLAssetLoaderServi - Loading from file system: jar:file:/C:/Users/Karan/.m2/repository/com/github/almasb/fxgl/dev-SNAPSHOT/fxgl-dev-20210314.134109-1706.jar!/fxglassets/ui/fonts/Abel-Regular.ttf
14:18:10.153 [FXGL Background Thread 4 ] DEBUG FXGLAssetLoaderServi - Loading from file system: jar:file:/C:/Users/Karan/.m2/repository/com/github/almasb/fxgl/dev-SNAPSHOT/fxgl-dev-20210314.134109-1706.jar!/fxglassets/ui/fonts/lucida_console.ttf
14:18:10.160 [FXGL Background Thread 4 ] DEBUG FXGLAssetLoaderServi - Loading from file system: jar:file:/C:/Users/Karan/.m2/repository/com/github/almasb/fxgl/dev-SNAPSHOT/fxgl-dev-20210314.134109-1706.jar!/fxglassets/ui/fonts/Courier-Prime.ttf
14:18:10.328 [JavaFX Application Thread] DEBUG AudioPlayer          - Playing music com.almasb.fxgl.audio.Music@65a98f12
14:18:10.330 [JavaFX Application Thread] DEBUG FXGLAssetLoaderServi - Loading from file system: jar:file:/C:/Users/Karan/.m2/repository/com/github/almasb/fxgl/dev-SNAPSHOT/fxgl-dev-20210314.134109-1706.jar!/fxglassets/textures/fxgl_icon.png
14:18:10.354 [JavaFX Application Thread] DEBUG FXGLAssetLoaderServi - Loading from file system: jar:file:/C:/Users/Karan/.m2/repository/com/github/almasb/fxgl/dev-SNAPSHOT/fxgl-dev-20210314.134109-1706.jar!/fxglassets/ui/cursors/fxgl_default.png
14:18:10.356 [JavaFX Application Thread] DEBUG Input                - Registered new binding: Screenshot - P
14:18:10.357 [JavaFX Application Thread] DEBUG Input                - Registered new binding: System info dump - CTRL+9
14:18:10.357 [JavaFX Application Thread] DEBUG Input                - Registered new binding: Restart - CTRL+R
14:18:10.358 [JavaFX Application Thread] DEBUG Input                - Registered new binding: Toggle Debug Camera - CTRL+C
14:18:10.362 [JavaFX Application Thread] DEBUG LoopRunner           - Starting loop
14:18:10.362 [JavaFX Application Thread] DEBUG LoopRunner           - Initializing JavaFX AnimationTimerLoop
14:18:10.365 [JavaFX Application Thread] DEBUG Input                - Clearing active input actions
14:18:10.372 [JavaFX Application Thread] DEBUG GameApplicationServi - Removing overlay from FXGLStartupScene and adding to FXGLMainMenuDummyScene
14:18:10.373 [JavaFX Application Thread] DEBUG PrimaryStageWindow   - FXGLStartupScene -> FXGLMainMenuDummyScene
14:18:10.373 [JavaFX Application Thread] DEBUG PrimaryStageWindow   - Push state: FXGLDefaultMenu
14:18:10.379 [JavaFX Application Thread] DEBUG Input                - Clearing active input actions
14:18:10.390 [JavaFX Application Thread] DEBUG GameApplicationServi - Removing overlay from FXGLMainMenuDummyScene and adding to FXGLDefaultMenu
14:18:10.392 [JavaFX Application Thread] DEBUG PrimaryStageWindow   - FXGLMainMenuDummyScene -> FXGLDefaultMenu
14:18:10.392 [JavaFX Application Thread] DEBUG FXGLApplication      - Registering font factories with UI factory
14:18:10.584 [FXGL Background Thread 2 ] INFO  UpdaterService       - Your current version:  dev-SNAPSHOT
14:18:10.585 [FXGL Background Thread 2 ] INFO  UpdaterService       - Latest stable version: 11.14
14:18:13.038 [FXGL Background Thread 3 ] DEBUG Engine               - Logging environment variables
14:18:13.038 [FXGL Background Thread 3 ] DEBUG Engine               - achievements: []
14:18:13.038 [FXGL Background Thread 3 ] DEBUG Engine               - actualHeight: 900.0
14:18:13.039 [FXGL Background Thread 3 ] DEBUG Engine               - actualHeightProperty: ReadOnlyDoubleProperty [value: 900.0]
14:18:13.039 [FXGL Background Thread 3 ] DEBUG Engine               - actualWidth: 1600.0
14:18:13.039 [FXGL Background Thread 3 ] DEBUG Engine               - actualWidthProperty: ReadOnlyDoubleProperty [value: 1600.0]
14:18:13.039 [FXGL Background Thread 3 ] DEBUG Engine               - appIcon: fxgl_icon.png
14:18:13.039 [FXGL Background Thread 3 ] DEBUG Engine               - applicationMode: DEVELOPER
14:18:13.039 [FXGL Background Thread 3 ] DEBUG Engine               - cSSList: [fxgl_dark.css]
14:18:13.039 [FXGL Background Thread 3 ] DEBUG Engine               - collisionDetectionStrategy: BRUTE_FORCE
14:18:13.039 [FXGL Background Thread 3 ] DEBUG Engine               - configClass: Optional.empty
14:18:13.039 [FXGL Background Thread 3 ] DEBUG Engine               - credits: []
14:18:13.040 [FXGL Background Thread 3 ] DEBUG Engine               - devBBoxColorProperty: ObjectProperty [value: 0xff0000ff]
14:18:13.040 [FXGL Background Thread 3 ] DEBUG Engine               - devEnableDebugCameraProperty: BooleanProperty [value: false]
14:18:13.040 [FXGL Background Thread 3 ] DEBUG Engine               - devSensorColorProperty: ObjectProperty [value: 0xffff00ff]
14:18:13.040 [FXGL Background Thread 3 ] DEBUG Engine               - devShowBBoxProperty: BooleanProperty [value: false]
14:18:13.040 [FXGL Background Thread 3 ] DEBUG Engine               - devShowPositionProperty: BooleanProperty [value: false]
14:18:13.040 [FXGL Background Thread 3 ] DEBUG Engine               - enabledMenuItems: []
14:18:13.040 [FXGL Background Thread 3 ] DEBUG Engine               - engineServices: [class com.almasb.fxgl.app.services.FXGLAssetLoaderService, class com.almasb.fxgl.app.FXGLApplication$GameApplicationService, class com.almasb.fxgl.app.services.FXGLDialogService, class com.almasb.fxgl.app.services.IOTaskExecutorService, class com.almasb.fxgl.event.EventBusService, class com.almasb.fxgl.io.FileSystemService, class com.almasb.fxgl.localization.LocalizationService, class com.almasb.fxgl.app.services.SystemBundleService, class com.almasb.fxgl.profile.SaveLoadService, class com.almasb.fxgl.ui.FXGLUIFactoryServiceProvider, class com.almasb.fxgl.ui.FXGLDialogFactoryServiceProvider, class com.almasb.fxgl.audio.AudioPlayer, class com.almasb.fxgl.notification.impl.NotificationServiceProvider, class com.almasb.fxgl.achievement.AchievementService, class com.almasb.fxgl.cutscene.CutsceneService, class com.almasb.fxgl.minigames.MiniGameService, class com.almasb.fxgl.net.NetService, class com.almasb.fxgl.app.services.UpdaterService, class com.almasb.fxgl.dev.DevService]
14:18:13.040 [FXGL Background Thread 3 ] DEBUG Engine               - fontGame: Abel-Regular.ttf
14:18:13.041 [FXGL Background Thread 3 ] DEBUG Engine               - fontMono: lucida_console.ttf
14:18:13.041 [FXGL Background Thread 3 ] DEBUG Engine               - fontText: Courier-Prime.ttf
14:18:13.041 [FXGL Background Thread 3 ] DEBUG Engine               - fontUI: VarelaRound-Regular.ttf
14:18:13.041 [FXGL Background Thread 3 ] DEBUG Engine               - fullScreen: BooleanProperty [value: false]
14:18:13.041 [FXGL Background Thread 3 ] DEBUG Engine               - gameDifficulty: MEDIUM
14:18:13.041 [FXGL Background Thread 3 ] DEBUG Engine               - gameDifficultyProperty: ObjectProperty [value: MEDIUM]
14:18:13.041 [FXGL Background Thread 3 ] DEBUG Engine               - globalMusicVolume: 0.5
14:18:13.041 [FXGL Background Thread 3 ] DEBUG Engine               - globalMusicVolumeProperty: DoubleProperty [value: 0.5]
14:18:13.041 [FXGL Background Thread 3 ] DEBUG Engine               - globalSoundVolume: 0.5
14:18:13.041 [FXGL Background Thread 3 ] DEBUG Engine               - globalSoundVolumeProperty: DoubleProperty [value: 0.5]
14:18:13.041 [FXGL Background Thread 3 ] DEBUG Engine               - height: 900
14:18:13.041 [FXGL Background Thread 3 ] DEBUG Engine               - isAndroid: false
14:18:13.042 [FXGL Background Thread 3 ] DEBUG Engine               - isBrowser: false
14:18:13.042 [FXGL Background Thread 3 ] DEBUG Engine               - isClickFeedbackEnabled: false
14:18:13.042 [FXGL Background Thread 3 ] DEBUG Engine               - isCloseConfirmation: false
14:18:13.042 [FXGL Background Thread 3 ] DEBUG Engine               - isDesktop: true
14:18:13.042 [FXGL Background Thread 3 ] DEBUG Engine               - isDeveloperMenuEnabled: false
14:18:13.042 [FXGL Background Thread 3 ] DEBUG Engine               - isEntityPreloadEnabled: true
14:18:13.042 [FXGL Background Thread 3 ] DEBUG Engine               - isExperimental3D: false
14:18:13.042 [FXGL Background Thread 3 ] DEBUG Engine               - isExperimentalNative: false
14:18:13.042 [FXGL Background Thread 3 ] DEBUG Engine               - isExperimentalTiledLargeMap: false
14:18:13.042 [FXGL Background Thread 3 ] DEBUG Engine               - isFileSystemWriteAllowed: true
14:18:13.042 [FXGL Background Thread 3 ] DEBUG Engine               - isFullScreenAllowed: false
14:18:13.043 [FXGL Background Thread 3 ] DEBUG Engine               - isFullScreenFromStart: false
14:18:13.043 [FXGL Background Thread 3 ] DEBUG Engine               - isGameMenuEnabled: true
14:18:13.043 [FXGL Background Thread 3 ] DEBUG Engine               - isIOS: false
14:18:13.043 [FXGL Background Thread 3 ] DEBUG Engine               - isIntroEnabled: false
14:18:13.043 [FXGL Background Thread 3 ] DEBUG Engine               - isLinux: false
14:18:13.043 [FXGL Background Thread 3 ] DEBUG Engine               - isMac: false
14:18:13.043 [FXGL Background Thread 3 ] DEBUG Engine               - isMainMenuEnabled: true
14:18:13.043 [FXGL Background Thread 3 ] DEBUG Engine               - isManualResizeEnabled: false
14:18:13.043 [FXGL Background Thread 3 ] DEBUG Engine               - isMobile: false
14:18:13.043 [FXGL Background Thread 3 ] DEBUG Engine               - isPreserveResizeRatio: false
14:18:13.043 [FXGL Background Thread 3 ] DEBUG Engine               - isProfilingEnabled: false
14:18:13.043 [FXGL Background Thread 3 ] DEBUG Engine               - isScaleAffectedOnResize: true
14:18:13.043 [FXGL Background Thread 3 ] DEBUG Engine               - isSingleStep: false
14:18:13.043 [FXGL Background Thread 3 ] DEBUG Engine               - isUserProfileEnabled: false
14:18:13.043 [FXGL Background Thread 3 ] DEBUG Engine               - isWindows: true
14:18:13.044 [FXGL Background Thread 3 ] DEBUG Engine               - language: ObjectProperty [value: ENGLISH]
14:18:13.044 [FXGL Background Thread 3 ] DEBUG Engine               - menuKey: ESCAPE
14:18:13.044 [FXGL Background Thread 3 ] DEBUG Engine               - notificationViewClass: class com.almasb.fxgl.notification.view.XboxNotificationView
14:18:13.044 [FXGL Background Thread 3 ] DEBUG Engine               - pixelsPerMeter: 50.0
14:18:13.044 [FXGL Background Thread 3 ] DEBUG Engine               - platform: WINDOWS
14:18:13.044 [FXGL Background Thread 3 ] DEBUG Engine               - prefHeightProperty: ReadOnlyDoubleProperty [value: 900.0]
14:18:13.044 [FXGL Background Thread 3 ] DEBUG Engine               - prefWidthProperty: ReadOnlyDoubleProperty [value: 1600.0]
14:18:13.044 [FXGL Background Thread 3 ] DEBUG Engine               - profileDir: profiles/
14:18:13.044 [FXGL Background Thread 3 ] DEBUG Engine               - profileName: StringProperty [value: DEFAULT]
14:18:13.044 [FXGL Background Thread 3 ] DEBUG Engine               - randomSeed: -1
14:18:13.044 [FXGL Background Thread 3 ] DEBUG Engine               - runtimeInfo: RuntimeInfo(platform=WINDOWS, version=dev-SNAPSHOT, build=14.03.2021 13.40)
14:18:13.045 [FXGL Background Thread 3 ] DEBUG Engine               - saveFileExt: sav
14:18:13.045 [FXGL Background Thread 3 ] DEBUG Engine               - scaledHeightProp$fxgl: DoubleProperty [bound, value: 900.0]
14:18:13.045 [FXGL Background Thread 3 ] DEBUG Engine               - scaledWidthProp$fxgl: DoubleProperty [bound, value: 1600.0]
14:18:13.045 [FXGL Background Thread 3 ] DEBUG Engine               - sceneFactory: com.almasb.fxgl.app.scene.SceneFactory@6ab7894c
14:18:13.045 [FXGL Background Thread 3 ] DEBUG Engine               - secondsIn24h: 60
14:18:13.045 [FXGL Background Thread 3 ] DEBUG Engine               - soundMenuBack: menu/back.wav
14:18:13.045 [FXGL Background Thread 3 ] DEBUG Engine               - soundMenuPress: menu/press.wav
14:18:13.045 [FXGL Background Thread 3 ] DEBUG Engine               - soundMenuSelect: menu/select.wav
14:18:13.045 [FXGL Background Thread 3 ] DEBUG Engine               - soundNotification: core/notification.wav
14:18:13.045 [FXGL Background Thread 3 ] DEBUG Engine               - stageStyle: DECORATED
14:18:13.045 [FXGL Background Thread 3 ] DEBUG Engine               - supportedLanguages: [ENGLISH, FRENCH, GERMAN, HUNGARIAN, RUSSIAN]
14:18:13.045 [FXGL Background Thread 3 ] DEBUG Engine               - ticksPerSecond: -1
14:18:13.045 [FXGL Background Thread 3 ] DEBUG Engine               - title: Flappy Bird
14:18:13.045 [FXGL Background Thread 3 ] DEBUG Engine               - urlGithub: https://github.com/AlmasB/FXGL
14:18:13.045 [FXGL Background Thread 3 ] DEBUG Engine               - urlLeaderboard: http://fxgl-top.herokuapp.com/
14:18:13.046 [FXGL Background Thread 3 ] DEBUG Engine               - urlPOM: https://raw.githubusercontent.com/AlmasB/FXGL/release/README.md
14:18:13.046 [FXGL Background Thread 3 ] DEBUG Engine               - userAppClass: class com.almasb.fxglgames.flappy.FlappyBirdApp
14:18:13.046 [FXGL Background Thread 3 ] DEBUG Engine               - version: 
14:18:13.046 [FXGL Background Thread 3 ] DEBUG Engine               - versionCheckDays: 7
14:18:13.046 [FXGL Background Thread 3 ] DEBUG Engine               - width: 1600
14:18:13.046 [FXGL Background Thread 3 ] DEBUG Engine               - Logging services
14:18:13.046 [FXGL Background Thread 3 ] DEBUG Engine               - class com.almasb.fxgl.app.services.FXGLAssetLoaderService
14:18:13.046 [FXGL Background Thread 3 ] DEBUG Engine               - class com.almasb.fxgl.app.FXGLApplication$GameApplicationService
14:18:13.046 [FXGL Background Thread 3 ] DEBUG Engine               - class com.almasb.fxgl.app.services.FXGLDialogService
14:18:13.046 [FXGL Background Thread 3 ] DEBUG Engine               - class com.almasb.fxgl.app.services.IOTaskExecutorService
14:18:13.046 [FXGL Background Thread 3 ] DEBUG Engine               - class com.almasb.fxgl.event.EventBusService
14:18:13.046 [FXGL Background Thread 3 ] DEBUG Engine               - class com.almasb.fxgl.io.FileSystemService
14:18:13.046 [FXGL Background Thread 3 ] DEBUG Engine               - class com.almasb.fxgl.localization.LocalizationService
14:18:13.046 [FXGL Background Thread 3 ] DEBUG Engine               - class com.almasb.fxgl.app.services.SystemBundleService
14:18:13.046 [FXGL Background Thread 3 ] DEBUG Engine               - class com.almasb.fxgl.profile.SaveLoadService
14:18:13.046 [FXGL Background Thread 3 ] DEBUG Engine               - class com.almasb.fxgl.ui.FXGLUIFactoryServiceProvider
14:18:13.046 [FXGL Background Thread 3 ] DEBUG Engine               - class com.almasb.fxgl.ui.FXGLDialogFactoryServiceProvider
14:18:13.047 [FXGL Background Thread 3 ] DEBUG Engine               - class com.almasb.fxgl.audio.AudioPlayer
14:18:13.047 [FXGL Background Thread 3 ] DEBUG Engine               - class com.almasb.fxgl.notification.impl.NotificationServiceProvider
14:18:13.047 [FXGL Background Thread 3 ] DEBUG Engine               - class com.almasb.fxgl.achievement.AchievementService
14:18:13.047 [FXGL Background Thread 3 ] DEBUG Engine               - class com.almasb.fxgl.cutscene.CutsceneService
14:18:13.047 [FXGL Background Thread 3 ] DEBUG Engine               - class com.almasb.fxgl.minigames.MiniGameService
14:18:13.047 [FXGL Background Thread 3 ] DEBUG Engine               - class com.almasb.fxgl.net.NetService
14:18:13.047 [FXGL Background Thread 3 ] DEBUG Engine               - class com.almasb.fxgl.app.services.UpdaterService
14:18:13.047 [FXGL Background Thread 3 ] DEBUG Engine               - class com.almasb.fxgl.dev.DevService
14:18:20.325 [JavaFX Application Thread] DEBUG Menu                 - fireNewGame()
14:18:20.326 [JavaFX Application Thread] DEBUG GameApplicationServi - Starting new game
14:18:20.331 [JavaFX Application Thread] DEBUG PrimaryStageWindow   - Pop state: FXGLDefaultMenu
14:18:20.331 [JavaFX Application Thread] DEBUG Input                - Clearing active input actions
14:18:20.332 [JavaFX Application Thread] DEBUG GameApplicationServi - Removing overlay from FXGLDefaultMenu and adding to FXGLMainMenuDummyScene
14:18:20.333 [JavaFX Application Thread] DEBUG PrimaryStageWindow   - FXGLMainMenuDummyScene <- FXGLDefaultMenu
14:18:20.333 [JavaFX Application Thread] DEBUG Input                - Clearing active input actions
14:18:20.341 [JavaFX Application Thread] DEBUG GameApplicationServi - Removing overlay from FXGLMainMenuDummyScene and adding to FXGLLoadingScene
14:18:20.342 [JavaFX Application Thread] DEBUG PrimaryStageWindow   - FXGLMainMenuDummyScene -> FXGLLoadingScene
14:18:20.342 [JavaFX Application Thread] DEBUG GameApplicationServi - Clearing previous game
14:18:20.342 [JavaFX Application Thread] DEBUG GameScene            - Clearing game scene
14:18:20.342 [JavaFX Application Thread] DEBUG GameWorld            - Clearing game world
14:18:20.342 [JavaFX Application Thread] DEBUG PhysicsWorld         - Clearing physics world
14:18:20.348 [FXGL Background Thread 2 ] DEBUG FXGLApplication      - Initializing game
14:18:20.357 [FXGL Background Thread 2 ] DEBUG FXGLAssetLoaderServi - Loading from file system: file:/C:/Users/Karan/Documents/School/M359/Animation%20Project/target/classes/assets/textures/bird.png
14:18:20.374 [FXGL Background Thread 2 ] DEBUG FXGLAssetLoaderServi - Loading from file system: file:/C:/Users/Karan/Documents/School/M359/Animation%20Project/target/classes/assets/textures/life.png
14:18:20.509 [FXGL Background Thread 2 ] INFO  FXGLApplication      - Game initialization took: 0.157 sec
14:18:20.510 [JavaFX Application Thread] DEBUG Input                - Clearing active input actions
14:18:20.522 [JavaFX Application Thread] DEBUG GameApplicationServi - Removing overlay from FXGLLoadingScene and adding to GameScene
14:18:20.523 [JavaFX Application Thread] DEBUG PrimaryStageWindow   - FXGLLoadingScene -> GameScene
14:18:20.538 [JavaFX Application Thread] DEBUG FXGLAssetLoaderServi - Loading from file system: file:/C:/Users/Karan/Documents/School/M359/Animation%20Project/target/classes/assets/textures/slow.png
14:18:20.551 [JavaFX Application Thread] DEBUG FXGLAssetLoaderServi - Loading from file system: file:/C:/Users/Karan/Documents/School/M359/Animation%20Project/target/classes/assets/textures/finish.jpg
14:18:20.583 [JavaFX Application Thread] DEBUG PrimaryStageWindow   - Push state: DialogSubScene
14:18:20.583 [JavaFX Application Thread] DEBUG Input                - Clearing active input actions
14:18:20.584 [JavaFX Application Thread] DEBUG GameApplicationServi - Removing overlay from GameScene and adding to DialogSubScene
14:18:20.584 [JavaFX Application Thread] DEBUG PrimaryStageWindow   - GameScene -> DialogSubScene
14:18:28.387 [JavaFX Application Thread] DEBUG PrimaryStageWindow   - Pop state: DialogSubScene
14:18:28.387 [JavaFX Application Thread] DEBUG Input                - Clearing active input actions
14:18:28.387 [JavaFX Application Thread] DEBUG GameApplicationServi - Removing overlay from DialogSubScene and adding to GameScene
14:18:28.387 [JavaFX Application Thread] DEBUG PrimaryStageWindow   - GameScene <- DialogSubScene
14:18:28.387 [JavaFX Application Thread] DEBUG LoopRunner           - Resuming loop
14:18:29.107 [JavaFX Application Thread] DEBUG FXGLAssetLoaderServi - Loading from file system: file:/C:/Users/Karan/Documents/School/M359/Animation%20Project/target/classes/assets/sounds/jump.wav
14:18:37.542 [JavaFX Application Thread] DEBUG PrimaryStageWindow   - Push state: DialogSubScene
14:18:37.543 [JavaFX Application Thread] DEBUG Input                - Clearing active input actions
14:18:37.543 [JavaFX Application Thread] DEBUG GameApplicationServi - Removing overlay from GameScene and adding to DialogSubScene
14:18:37.544 [JavaFX Application Thread] DEBUG PrimaryStageWindow   - GameScene -> DialogSubScene
14:18:42.162 [JavaFX Application Thread] DEBUG PrimaryStageWindow   - Pop state: DialogSubScene
14:18:42.162 [JavaFX Application Thread] DEBUG Input                - Clearing active input actions
14:18:42.163 [JavaFX Application Thread] DEBUG GameApplicationServi - Removing overlay from DialogSubScene and adding to GameScene
14:18:42.163 [JavaFX Application Thread] DEBUG PrimaryStageWindow   - GameScene <- DialogSubScene
14:18:42.163 [JavaFX Application Thread] DEBUG GameApplicationServi - Starting new game
14:18:42.163 [JavaFX Application Thread] DEBUG Input                - Clearing active input actions
14:18:42.168 [JavaFX Application Thread] DEBUG GameApplicationServi - Removing overlay from GameScene and adding to FXGLLoadingScene
14:18:42.168 [JavaFX Application Thread] DEBUG PrimaryStageWindow   - GameScene -> FXGLLoadingScene
14:18:42.168 [JavaFX Application Thread] DEBUG GameApplicationServi - Clearing previous game
14:18:42.168 [JavaFX Application Thread] DEBUG GameScene            - Clearing game scene
14:18:42.168 [JavaFX Application Thread] DEBUG GameWorld            - Clearing game world
14:18:42.171 [JavaFX Application Thread] DEBUG PhysicsWorld         - Clearing physics world
14:18:42.174 [FXGL Background Thread 2 ] DEBUG FXGLApplication      - Initializing game
14:18:42.177 [FXGL Background Thread 2 ] INFO  FXGLApplication      - Game initialization took: 0.003 sec
14:18:42.177 [JavaFX Application Thread] DEBUG Input                - Clearing active input actions
14:18:42.183 [JavaFX Application Thread] DEBUG GameApplicationServi - Removing overlay from FXGLLoadingScene and adding to GameScene
14:18:42.183 [JavaFX Application Thread] DEBUG PrimaryStageWindow   - FXGLLoadingScene -> GameScene
14:18:43.807 [JavaFX Application Thread] DEBUG PrimaryStageWindow   - Push state: DialogSubScene
14:18:43.807 [JavaFX Application Thread] DEBUG Input                - Clearing active input actions
14:18:43.808 [JavaFX Application Thread] DEBUG GameApplicationServi - Removing overlay from GameScene and adding to DialogSubScene
14:18:43.809 [JavaFX Application Thread] DEBUG PrimaryStageWindow   - GameScene -> DialogSubScene
14:18:49.093 [JavaFX Application Thread] DEBUG PrimaryStageWindow   - Pop state: DialogSubScene
14:18:49.093 [JavaFX Application Thread] DEBUG Input                - Clearing active input actions
14:18:49.093 [JavaFX Application Thread] DEBUG GameApplicationServi - Removing overlay from DialogSubScene and adding to GameScene
14:18:49.094 [JavaFX Application Thread] DEBUG PrimaryStageWindow   - GameScene <- DialogSubScene
14:18:49.094 [JavaFX Application Thread] DEBUG GameApplicationServi - Starting new game
14:18:49.094 [JavaFX Application Thread] DEBUG Input                - Clearing active input actions
14:18:49.097 [JavaFX Application Thread] DEBUG GameApplicationServi - Removing overlay from GameScene and adding to FXGLLoadingScene
14:18:49.098 [JavaFX Application Thread] DEBUG PrimaryStageWindow   - GameScene -> FXGLLoadingScene
14:18:49.098 [JavaFX Application Thread] DEBUG GameApplicationServi - Clearing previous game
14:18:49.098 [JavaFX Application Thread] DEBUG GameScene            - Clearing game scene
14:18:49.098 [JavaFX Application Thread] DEBUG GameWorld            - Clearing game world
14:18:49.099 [JavaFX Application Thread] DEBUG PhysicsWorld         - Clearing physics world
14:18:49.100 [FXGL Background Thread 2 ] DEBUG FXGLApplication      - Initializing game
14:18:49.101 [FXGL Background Thread 2 ] INFO  FXGLApplication      - Game initialization took: 0.002 sec
14:18:49.102 [JavaFX Application Thread] DEBUG Input                - Clearing active input actions
14:18:49.107 [JavaFX Application Thread] DEBUG GameApplicationServi - Removing overlay from FXGLLoadingScene and adding to GameScene
14:18:49.107 [JavaFX Application Thread] DEBUG PrimaryStageWindow   - FXGLLoadingScene -> GameScene
14:18:50.886 [JavaFX Application Thread] DEBUG PrimaryStageWindow   - Push state: DialogSubScene
14:18:50.886 [JavaFX Application Thread] DEBUG Input                - Clearing active input actions
14:18:50.887 [JavaFX Application Thread] DEBUG GameApplicationServi - Removing overlay from GameScene and adding to DialogSubScene
14:18:50.888 [JavaFX Application Thread] DEBUG PrimaryStageWindow   - GameScene -> DialogSubScene
14:18:59.999 [JavaFX Application Thread] DEBUG PrimaryStageWindow   - Pop state: DialogSubScene
14:18:59.999 [JavaFX Application Thread] DEBUG Input                - Clearing active input actions
14:18:59.999 [JavaFX Application Thread] DEBUG GameApplicationServi - Removing overlay from DialogSubScene and adding to GameScene
14:18:59.999 [JavaFX Application Thread] DEBUG PrimaryStageWindow   - GameScene <- DialogSubScene
14:18:59.999 [JavaFX Application Thread] DEBUG GameApplicationServi - Starting new game
14:18:59.999 [JavaFX Application Thread] DEBUG Input                - Clearing active input actions
14:19:00.002 [JavaFX Application Thread] DEBUG GameApplicationServi - Removing overlay from GameScene and adding to FXGLLoadingScene
14:19:00.003 [JavaFX Application Thread] DEBUG PrimaryStageWindow   - GameScene -> FXGLLoadingScene
14:19:00.003 [JavaFX Application Thread] DEBUG GameApplicationServi - Clearing previous game
14:19:00.003 [JavaFX Application Thread] DEBUG GameScene            - Clearing game scene
14:19:00.003 [JavaFX Application Thread] DEBUG GameWorld            - Clearing game world
14:19:00.004 [JavaFX Application Thread] DEBUG PhysicsWorld         - Clearing physics world
14:19:00.004 [FXGL Background Thread 2 ] DEBUG FXGLApplication      - Initializing game
14:19:00.006 [FXGL Background Thread 2 ] INFO  FXGLApplication      - Game initialization took: 0.002 sec
14:19:00.007 [JavaFX Application Thread] DEBUG Input                - Clearing active input actions
14:19:00.012 [JavaFX Application Thread] DEBUG GameApplicationServi - Removing overlay from FXGLLoadingScene and adding to GameScene
14:19:00.012 [JavaFX Application Thread] DEBUG PrimaryStageWindow   - FXGLLoadingScene -> GameScene
14:19:05.873 [JavaFX Application Thread] DEBUG PrimaryStageWindow   - Push state: DialogSubScene
14:19:05.873 [JavaFX Application Thread] DEBUG Input                - Clearing active input actions
14:19:05.874 [JavaFX Application Thread] DEBUG GameApplicationServi - Removing overlay from GameScene and adding to DialogSubScene
14:19:05.874 [JavaFX Application Thread] DEBUG PrimaryStageWindow   - GameScene -> DialogSubScene
14:19:07.359 [JavaFX Application Thread] DEBUG PrimaryStageWindow   - Pop state: DialogSubScene
14:19:07.359 [JavaFX Application Thread] DEBUG Input                - Clearing active input actions
14:19:07.360 [JavaFX Application Thread] DEBUG GameApplicationServi - Removing overlay from DialogSubScene and adding to GameScene
14:19:07.360 [JavaFX Application Thread] DEBUG PrimaryStageWindow   - GameScene <- DialogSubScene
14:19:07.360 [JavaFX Application Thread] DEBUG GameApplicationServi - Starting new game
14:19:07.360 [JavaFX Application Thread] DEBUG Input                - Clearing active input actions
14:19:07.363 [JavaFX Application Thread] DEBUG GameApplicationServi - Removing overlay from GameScene and adding to FXGLLoadingScene
14:19:07.363 [JavaFX Application Thread] DEBUG PrimaryStageWindow   - GameScene -> FXGLLoadingScene
14:19:07.363 [JavaFX Application Thread] DEBUG GameApplicationServi - Clearing previous game
14:19:07.363 [JavaFX Application Thread] DEBUG GameScene            - Clearing game scene
14:19:07.363 [JavaFX Application Thread] DEBUG GameWorld            - Clearing game world
14:19:07.364 [JavaFX Application Thread] DEBUG PhysicsWorld         - Clearing physics world
14:19:07.364 [FXGL Background Thread 2 ] DEBUG FXGLApplication      - Initializing game
14:19:07.366 [FXGL Background Thread 2 ] INFO  FXGLApplication      - Game initialization took: 0.002 sec
14:19:07.367 [JavaFX Application Thread] DEBUG Input                - Clearing active input actions
14:19:07.371 [JavaFX Application Thread] DEBUG GameApplicationServi - Removing overlay from FXGLLoadingScene and adding to GameScene
14:19:07.371 [JavaFX Application Thread] DEBUG PrimaryStageWindow   - FXGLLoadingScene -> GameScene
14:19:16.653 [JavaFX Application Thread] DEBUG PrimaryStageWindow   - Push state: DialogSubScene
14:19:16.654 [JavaFX Application Thread] DEBUG Input                - Clearing active input actions
14:19:16.654 [JavaFX Application Thread] DEBUG GameApplicationServi - Removing overlay from GameScene and adding to DialogSubScene
14:19:16.654 [JavaFX Application Thread] DEBUG PrimaryStageWindow   - GameScene -> DialogSubScene
14:19:50.151 [JavaFX Application Thread] DEBUG PrimaryStageWindow   - Pop state: DialogSubScene
14:19:50.151 [JavaFX Application Thread] DEBUG Input                - Clearing active input actions
14:19:50.152 [JavaFX Application Thread] DEBUG GameApplicationServi - Removing overlay from DialogSubScene and adding to GameScene
14:19:50.152 [JavaFX Application Thread] DEBUG PrimaryStageWindow   - GameScene <- DialogSubScene
14:19:50.152 [JavaFX Application Thread] DEBUG GameApplicationServi - Starting new game
14:19:50.152 [JavaFX Application Thread] DEBUG Input                - Clearing active input actions
14:19:50.155 [JavaFX Application Thread] DEBUG GameApplicationServi - Removing overlay from GameScene and adding to FXGLLoadingScene
14:19:50.155 [JavaFX Application Thread] DEBUG PrimaryStageWindow   - GameScene -> FXGLLoadingScene
14:19:50.155 [JavaFX Application Thread] DEBUG GameApplicationServi - Clearing previous game
14:19:50.155 [JavaFX Application Thread] DEBUG GameScene            - Clearing game scene
14:19:50.155 [JavaFX Application Thread] DEBUG GameWorld            - Clearing game world
14:19:50.156 [JavaFX Application Thread] DEBUG PhysicsWorld         - Clearing physics world
14:19:50.156 [FXGL Background Thread 2 ] DEBUG FXGLApplication      - Initializing game
14:19:50.158 [FXGL Background Thread 2 ] INFO  FXGLApplication      - Game initialization took: 0.002 sec
14:19:50.158 [JavaFX Application Thread] DEBUG Input                - Clearing active input actions
14:19:50.161 [JavaFX Application Thread] DEBUG GameApplicationServi - Removing overlay from FXGLLoadingScene and adding to GameScene
14:19:50.161 [JavaFX Application Thread] DEBUG PrimaryStageWindow   - FXGLLoadingScene -> GameScene
14:19:53.134 [JavaFX Application Thread] DEBUG PrimaryStageWindow   - Push state: DialogSubScene
14:19:53.134 [JavaFX Application Thread] DEBUG Input                - Clearing active input actions
14:19:53.135 [JavaFX Application Thread] DEBUG GameApplicationServi - Removing overlay from GameScene and adding to DialogSubScene
14:19:53.135 [JavaFX Application Thread] DEBUG PrimaryStageWindow   - GameScene -> DialogSubScene
14:19:54.148 [JavaFX Application Thread] DEBUG PrimaryStageWindow   - Pop state: DialogSubScene
14:19:54.149 [JavaFX Application Thread] DEBUG Input                - Clearing active input actions
14:19:54.149 [JavaFX Application Thread] DEBUG GameApplicationServi - Removing overlay from DialogSubScene and adding to GameScene
14:19:54.149 [JavaFX Application Thread] DEBUG PrimaryStageWindow   - GameScene <- DialogSubScene
14:19:54.149 [JavaFX Application Thread] DEBUG GameApplicationServi - Starting new game
14:19:54.149 [JavaFX Application Thread] DEBUG Input                - Clearing active input actions
14:19:54.152 [JavaFX Application Thread] DEBUG GameApplicationServi - Removing overlay from GameScene and adding to FXGLLoadingScene
14:19:54.152 [JavaFX Application Thread] DEBUG PrimaryStageWindow   - GameScene -> FXGLLoadingScene
14:19:54.152 [JavaFX Application Thread] DEBUG GameApplicationServi - Clearing previous game
14:19:54.152 [JavaFX Application Thread] DEBUG GameScene            - Clearing game scene
14:19:54.152 [JavaFX Application Thread] DEBUG GameWorld            - Clearing game world
14:19:54.153 [JavaFX Application Thread] DEBUG PhysicsWorld         - Clearing physics world
14:19:54.153 [FXGL Background Thread 2 ] DEBUG FXGLApplication      - Initializing game
14:19:54.154 [FXGL Background Thread 2 ] INFO  FXGLApplication      - Game initialization took: 0.001 sec
14:19:54.155 [JavaFX Application Thread] DEBUG Input                - Clearing active input actions
14:19:54.160 [JavaFX Application Thread] DEBUG GameApplicationServi - Removing overlay from FXGLLoadingScene and adding to GameScene
14:19:54.160 [JavaFX Application Thread] DEBUG PrimaryStageWindow   - FXGLLoadingScene -> GameScene
14:20:10.680 [JavaFX Application Thread] DEBUG PrimaryStageWindow   - Push state: DialogSubScene
14:20:10.680 [JavaFX Application Thread] DEBUG Input                - Clearing active input actions
14:20:10.681 [JavaFX Application Thread] DEBUG GameApplicationServi - Removing overlay from GameScene and adding to DialogSubScene
14:20:10.681 [JavaFX Application Thread] DEBUG PrimaryStageWindow   - GameScene -> DialogSubScene
14:20:34.683 [JavaFX Application Thread] DEBUG PrimaryStageWindow   - Pop state: DialogSubScene
14:20:34.683 [JavaFX Application Thread] DEBUG Input                - Clearing active input actions
14:20:34.683 [JavaFX Application Thread] DEBUG GameApplicationServi - Removing overlay from DialogSubScene and adding to GameScene
14:20:34.684 [JavaFX Application Thread] DEBUG PrimaryStageWindow   - GameScene <- DialogSubScene
14:20:34.684 [JavaFX Application Thread] DEBUG GameApplicationServi - Starting new game
14:20:34.684 [JavaFX Application Thread] DEBUG Input                - Clearing active input actions
14:20:34.687 [JavaFX Application Thread] DEBUG GameApplicationServi - Removing overlay from GameScene and adding to FXGLLoadingScene
14:20:34.687 [JavaFX Application Thread] DEBUG PrimaryStageWindow   - GameScene -> FXGLLoadingScene
14:20:34.687 [JavaFX Application Thread] DEBUG GameApplicationServi - Clearing previous game
14:20:34.687 [JavaFX Application Thread] DEBUG GameScene            - Clearing game scene
14:20:34.687 [JavaFX Application Thread] DEBUG GameWorld            - Clearing game world
14:20:34.688 [JavaFX Application Thread] DEBUG PhysicsWorld         - Clearing physics world
14:20:34.688 [FXGL Background Thread 2 ] DEBUG FXGLApplication      - Initializing game
14:20:34.690 [FXGL Background Thread 2 ] INFO  FXGLApplication      - Game initialization took: 0.002 sec
14:20:34.690 [JavaFX Application Thread] DEBUG Input                - Clearing active input actions
14:20:34.693 [JavaFX Application Thread] DEBUG GameApplicationServi - Removing overlay from FXGLLoadingScene and adding to GameScene
14:20:34.693 [JavaFX Application Thread] DEBUG PrimaryStageWindow   - FXGLLoadingScene -> GameScene
14:20:34.702 [JavaFX Application Thread] DEBUG PrimaryStageWindow   - Push state: DialogSubScene
14:20:34.702 [JavaFX Application Thread] DEBUG Input                - Clearing active input actions
14:20:34.703 [JavaFX Application Thread] DEBUG GameApplicationServi - Removing overlay from GameScene and adding to DialogSubScene
14:20:34.703 [JavaFX Application Thread] DEBUG PrimaryStageWindow   - GameScene -> DialogSubScene
14:20:36.334 [JavaFX Application Thread] DEBUG PrimaryStageWindow   - Pop state: DialogSubScene
14:20:36.334 [JavaFX Application Thread] DEBUG Input                - Clearing active input actions
14:20:36.335 [JavaFX Application Thread] DEBUG GameApplicationServi - Removing overlay from DialogSubScene and adding to GameScene
14:20:36.335 [JavaFX Application Thread] DEBUG PrimaryStageWindow   - GameScene <- DialogSubScene
14:20:36.335 [JavaFX Application Thread] DEBUG LoopRunner           - Resuming loop
14:20:41.695 [JavaFX Application Thread] DEBUG PrimaryStageWindow   - Push state: DialogSubScene
14:20:41.696 [JavaFX Application Thread] DEBUG Input                - Clearing active input actions
14:20:41.696 [JavaFX Application Thread] DEBUG GameApplicationServi - Removing overlay from GameScene and adding to DialogSubScene
14:20:41.697 [JavaFX Application Thread] DEBUG PrimaryStageWindow   - GameScene -> DialogSubScene
14:20:51.571 [JavaFX Application Thread] DEBUG PrimaryStageWindow   - Pop state: DialogSubScene
14:20:51.572 [JavaFX Application Thread] DEBUG Input                - Clearing active input actions
14:20:51.572 [JavaFX Application Thread] DEBUG GameApplicationServi - Removing overlay from DialogSubScene and adding to GameScene
14:20:51.572 [JavaFX Application Thread] DEBUG PrimaryStageWindow   - GameScene <- DialogSubScene
14:20:51.572 [JavaFX Application Thread] DEBUG GameApplicationServi - Starting new game
14:20:51.572 [JavaFX Application Thread] DEBUG Input                - Clearing active input actions
14:20:51.575 [JavaFX Application Thread] DEBUG GameApplicationServi - Removing overlay from GameScene and adding to FXGLLoadingScene
14:20:51.575 [JavaFX Application Thread] DEBUG PrimaryStageWindow   - GameScene -> FXGLLoadingScene
14:20:51.575 [JavaFX Application Thread] DEBUG GameApplicationServi - Clearing previous game
14:20:51.575 [JavaFX Application Thread] DEBUG GameScene            - Clearing game scene
14:20:51.575 [JavaFX Application Thread] DEBUG GameWorld            - Clearing game world
14:20:51.576 [JavaFX Application Thread] DEBUG PhysicsWorld         - Clearing physics world
14:20:51.576 [FXGL Background Thread 2 ] DEBUG FXGLApplication      - Initializing game
14:20:51.578 [FXGL Background Thread 2 ] INFO  FXGLApplication      - Game initialization took: 0.002 sec
14:20:51.579 [JavaFX Application Thread] DEBUG Input                - Clearing active input actions
14:20:51.583 [JavaFX Application Thread] DEBUG GameApplicationServi - Removing overlay from FXGLLoadingScene and adding to GameScene
14:20:51.583 [JavaFX Application Thread] DEBUG PrimaryStageWindow   - FXGLLoadingScene -> GameScene
14:20:52.792 [JavaFX Application Thread] DEBUG Input                - Mocking key press: Up
14:20:52.800 [JavaFX Application Thread] DEBUG PrimaryStageWindow   - Push state: DialogSubScene
14:20:52.800 [JavaFX Application Thread] DEBUG Input                - Clearing active input actions
14:20:52.800 [JavaFX Application Thread] DEBUG GameApplicationServi - Removing overlay from GameScene and adding to DialogSubScene
14:20:52.800 [JavaFX Application Thread] DEBUG PrimaryStageWindow   - GameScene -> DialogSubScene
14:20:52.870 [JavaFX Application Thread] DEBUG Input                - Mocking key release: Up
14:20:54.697 [JavaFX Application Thread] DEBUG PrimaryStageWindow   - Pop state: DialogSubScene
14:20:54.698 [JavaFX Application Thread] DEBUG Input                - Clearing active input actions
14:20:54.698 [JavaFX Application Thread] DEBUG GameApplicationServi - Removing overlay from DialogSubScene and adding to GameScene
14:20:54.698 [JavaFX Application Thread] DEBUG PrimaryStageWindow   - GameScene <- DialogSubScene
14:20:54.698 [JavaFX Application Thread] DEBUG GameApplicationServi - Starting new game
14:20:54.698 [JavaFX Application Thread] DEBUG Input                - Clearing active input actions
14:20:54.701 [JavaFX Application Thread] DEBUG GameApplicationServi - Removing overlay from GameScene and adding to FXGLLoadingScene
14:20:54.701 [JavaFX Application Thread] DEBUG PrimaryStageWindow   - GameScene -> FXGLLoadingScene
14:20:54.701 [JavaFX Application Thread] DEBUG GameApplicationServi - Clearing previous game
14:20:54.701 [JavaFX Application Thread] DEBUG GameScene            - Clearing game scene
14:20:54.701 [JavaFX Application Thread] DEBUG GameWorld            - Clearing game world
14:20:54.702 [JavaFX Application Thread] DEBUG PhysicsWorld         - Clearing physics world
14:20:54.702 [FXGL Background Thread 2 ] DEBUG FXGLApplication      - Initializing game
14:20:54.704 [FXGL Background Thread 2 ] INFO  FXGLApplication      - Game initialization took: 0.002 sec
14:20:54.704 [JavaFX Application Thread] DEBUG Input                - Clearing active input actions
14:20:54.707 [JavaFX Application Thread] DEBUG GameApplicationServi - Removing overlay from FXGLLoadingScene and adding to GameScene
14:20:54.707 [JavaFX Application Thread] DEBUG PrimaryStageWindow   - FXGLLoadingScene -> GameScene
14:20:55.442 [JavaFX Application Thread] DEBUG Input                - Mocking key press: Up
14:20:55.523 [JavaFX Application Thread] DEBUG Input                - Mocking key release: Up
14:20:55.599 [JavaFX Application Thread] DEBUG Input                - Mocking key press: Up
14:20:55.669 [JavaFX Application Thread] DEBUG Input                - Mocking key release: Up
14:20:55.756 [JavaFX Application Thread] DEBUG Input                - Mocking key press: Up
14:20:55.819 [JavaFX Application Thread] DEBUG Input                - Mocking key release: Up
14:20:56.716 [JavaFX Application Thread] DEBUG Input                - Mocking key press: Up
14:20:56.800 [JavaFX Application Thread] DEBUG Input                - Mocking key release: Up
14:20:56.901 [JavaFX Application Thread] DEBUG Input                - Mocking key press: Up
14:20:56.987 [JavaFX Application Thread] DEBUG Input                - Mocking key release: Up
14:20:57.103 [JavaFX Application Thread] DEBUG Input                - Mocking key press: Up
14:20:57.163 [JavaFX Application Thread] DEBUG Input                - Mocking key release: Up
14:20:57.243 [JavaFX Application Thread] DEBUG Input                - Mocking key press: Up
14:20:57.310 [JavaFX Application Thread] DEBUG Input                - Mocking key release: Up
14:20:57.387 [JavaFX Application Thread] DEBUG Input                - Mocking key press: Up
14:20:57.458 [JavaFX Application Thread] DEBUG Input                - Mocking key release: Up
14:20:57.725 [JavaFX Application Thread] DEBUG Input                - Mocking key press: Up
14:20:57.852 [JavaFX Application Thread] DEBUG Input                - Mocking key release: Up
14:20:58.899 [JavaFX Application Thread] DEBUG Input                - Mocking key press: Up
14:20:58.985 [JavaFX Application Thread] DEBUG Input                - Mocking key release: Up
14:20:59.052 [JavaFX Application Thread] DEBUG Input                - Mocking key press: Up
14:20:59.108 [JavaFX Application Thread] DEBUG Input                - Mocking key release: Up
14:21:00.001 [JavaFX Application Thread] DEBUG Input                - Mocking key press: Up
14:21:00.062 [JavaFX Application Thread] DEBUG Input                - Mocking key release: Up
14:21:00.149 [JavaFX Application Thread] DEBUG Input                - Mocking key press: Up
14:21:00.212 [JavaFX Application Thread] DEBUG Input                - Mocking key release: Up
14:21:00.437 [JavaFX Application Thread] DEBUG Input                - Mocking key press: Up
14:21:00.500 [JavaFX Application Thread] DEBUG Input                - Mocking key release: Up
14:21:01.771 [JavaFX Application Thread] DEBUG Input                - Mocking key press: Up
14:21:01.863 [JavaFX Application Thread] DEBUG Input                - Mocking key release: Up
14:21:02.084 [JavaFX Application Thread] DEBUG Input                - Mocking key press: Up
14:21:02.150 [JavaFX Application Thread] DEBUG Input                - Mocking key release: Up
14:21:02.421 [JavaFX Application Thread] DEBUG Input                - Mocking key press: Up
14:21:02.488 [JavaFX Application Thread] DEBUG Input                - Mocking key release: Up
14:21:02.859 [JavaFX Application Thread] DEBUG Input                - Mocking key press: Up
14:21:02.943 [JavaFX Application Thread] DEBUG Input                - Mocking key release: Up
14:21:03.872 [JavaFX Application Thread] DEBUG Input                - Mocking key press: Up
14:21:03.946 [JavaFX Application Thread] DEBUG Input                - Mocking key release: Up
14:21:04.449 [JavaFX Application Thread] DEBUG Input                - Mocking key press: Up
14:21:04.537 [JavaFX Application Thread] DEBUG Input                - Mocking key release: Up
14:21:04.907 [JavaFX Application Thread] DEBUG Input                - Mocking key press: Up
14:21:04.977 [JavaFX Application Thread] DEBUG Input                - Mocking key release: Up
14:21:05.324 [JavaFX Application Thread] DEBUG Input                - Mocking key press: Up
14:21:05.391 [JavaFX Application Thread] DEBUG Input                - Mocking key release: Up
14:21:05.885 [JavaFX Application Thread] DEBUG Input                - Mocking key press: Up
14:21:05.952 [JavaFX Application Thread] DEBUG Input                - Mocking key release: Up
14:21:06.319 [JavaFX Application Thread] DEBUG Input                - Mocking key press: Up
14:21:06.380 [JavaFX Application Thread] DEBUG Input                - Mocking key release: Up
14:21:07.305 [JavaFX Application Thread] DEBUG Input                - Mocking key press: Up
14:21:07.402 [JavaFX Application Thread] DEBUG Input                - Mocking key release: Up
14:21:07.726 [JavaFX Application Thread] DEBUG Input                - Mocking key press: Up
14:21:07.797 [JavaFX Application Thread] DEBUG Input                - Mocking key release: Up
14:21:08.204 [JavaFX Application Thread] DEBUG Input                - Mocking key press: Up
14:21:08.293 [JavaFX Application Thread] DEBUG Input                - Mocking key release: Up
14:21:08.394 [JavaFX Application Thread] DEBUG Input                - Mocking key press: Up
14:21:08.475 [JavaFX Application Thread] DEBUG Input                - Mocking key release: Up
14:21:08.573 [JavaFX Application Thread] DEBUG Input                - Mocking key press: Up
14:21:08.637 [JavaFX Application Thread] DEBUG Input                - Mocking key release: Up
14:21:08.720 [JavaFX Application Thread] DEBUG Input                - Mocking key press: Up
14:21:08.781 [JavaFX Application Thread] DEBUG Input                - Mocking key release: Up
14:21:09.181 [JavaFX Application Thread] DEBUG Input                - Mocking key press: Up
14:21:09.249 [JavaFX Application Thread] DEBUG Input                - Mocking key release: Up
14:21:10.143 [JavaFX Application Thread] DEBUG Input                - Mocking key press: Up
14:21:10.225 [JavaFX Application Thread] DEBUG Input                - Mocking key release: Up
14:21:10.612 [JavaFX Application Thread] DEBUG Input                - Mocking key press: Up
14:21:10.682 [JavaFX Application Thread] DEBUG Input                - Mocking key release: Up
14:21:10.941 [JavaFX Application Thread] DEBUG Input                - Mocking key press: Up
14:21:10.985 [JavaFX Application Thread] DEBUG Input                - Mocking key release: Up
14:21:11.924 [JavaFX Application Thread] DEBUG PrimaryStageWindow   - Push state: DialogSubScene
14:21:11.924 [JavaFX Application Thread] DEBUG Input                - Clearing active input actions
14:21:11.925 [JavaFX Application Thread] DEBUG GameApplicationServi - Removing overlay from GameScene and adding to DialogSubScene
14:21:11.925 [JavaFX Application Thread] DEBUG PrimaryStageWindow   - GameScene -> DialogSubScene
14:21:13.217 [JavaFX Application Thread] DEBUG PrimaryStageWindow   - Pop state: DialogSubScene
14:21:13.217 [JavaFX Application Thread] DEBUG Input                - Clearing active input actions
14:21:13.217 [JavaFX Application Thread] DEBUG GameApplicationServi - Removing overlay from DialogSubScene and adding to GameScene
14:21:13.217 [JavaFX Application Thread] DEBUG PrimaryStageWindow   - GameScene <- DialogSubScene
14:21:13.217 [JavaFX Application Thread] DEBUG GameApplicationServi - Starting new game
14:21:13.217 [JavaFX Application Thread] DEBUG Input                - Clearing active input actions
14:21:13.220 [JavaFX Application Thread] DEBUG GameApplicationServi - Removing overlay from GameScene and adding to FXGLLoadingScene
14:21:13.220 [JavaFX Application Thread] DEBUG PrimaryStageWindow   - GameScene -> FXGLLoadingScene
14:21:13.220 [JavaFX Application Thread] DEBUG GameApplicationServi - Clearing previous game
14:21:13.220 [JavaFX Application Thread] DEBUG GameScene            - Clearing game scene
14:21:13.220 [JavaFX Application Thread] DEBUG GameWorld            - Clearing game world
14:21:13.221 [JavaFX Application Thread] DEBUG PhysicsWorld         - Clearing physics world
14:21:13.221 [FXGL Background Thread 2 ] DEBUG FXGLApplication      - Initializing game
14:21:13.223 [FXGL Background Thread 2 ] INFO  FXGLApplication      - Game initialization took: 0.002 sec
14:21:13.224 [JavaFX Application Thread] DEBUG Input                - Clearing active input actions
14:21:13.228 [JavaFX Application Thread] DEBUG GameApplicationServi - Removing overlay from FXGLLoadingScene and adding to GameScene
14:21:13.228 [JavaFX Application Thread] DEBUG PrimaryStageWindow   - FXGLLoadingScene -> GameScene
14:21:32.471 [JavaFX Application Thread] DEBUG PrimaryStageWindow   - Push state: DialogSubScene
14:21:32.471 [JavaFX Application Thread] DEBUG Input                - Clearing active input actions
14:21:32.471 [JavaFX Application Thread] DEBUG GameApplicationServi - Removing overlay from GameScene and adding to DialogSubScene
14:21:32.471 [JavaFX Application Thread] DEBUG PrimaryStageWindow   - GameScene -> DialogSubScene
14:21:35.665 [JavaFX Application Thread] DEBUG PrimaryStageWindow   - Pop state: DialogSubScene
14:21:35.665 [JavaFX Application Thread] DEBUG Input                - Clearing active input actions
14:21:35.666 [JavaFX Application Thread] DEBUG GameApplicationServi - Removing overlay from DialogSubScene and adding to GameScene
14:21:35.666 [JavaFX Application Thread] DEBUG PrimaryStageWindow   - GameScene <- DialogSubScene
14:21:35.666 [JavaFX Application Thread] DEBUG GameApplicationServi - Starting new game
14:21:35.666 [JavaFX Application Thread] DEBUG Input                - Clearing active input actions
14:21:35.668 [JavaFX Application Thread] DEBUG GameApplicationServi - Removing overlay from GameScene and adding to FXGLLoadingScene
14:21:35.669 [JavaFX Application Thread] DEBUG PrimaryStageWindow   - GameScene -> FXGLLoadingScene
14:21:35.670 [JavaFX Application Thread] DEBUG GameApplicationServi - Clearing previous game
14:21:35.670 [JavaFX Application Thread] DEBUG GameScene            - Clearing game scene
14:21:35.670 [JavaFX Application Thread] DEBUG GameWorld            - Clearing game world
14:21:35.671 [JavaFX Application Thread] DEBUG PhysicsWorld         - Clearing physics world
14:21:35.671 [FXGL Background Thread 2 ] DEBUG FXGLApplication      - Initializing game
14:21:35.673 [FXGL Background Thread 2 ] INFO  FXGLApplication      - Game initialization took: 0.002 sec
14:21:35.674 [JavaFX Application Thread] DEBUG Input                - Clearing active input actions
14:21:35.678 [JavaFX Application Thread] DEBUG GameApplicationServi - Removing overlay from FXGLLoadingScene and adding to GameScene
14:21:35.678 [JavaFX Application Thread] DEBUG PrimaryStageWindow   - FXGLLoadingScene -> GameScene
14:21:35.695 [JavaFX Application Thread] DEBUG PrimaryStageWindow   - Push state: DialogSubScene
14:21:35.696 [JavaFX Application Thread] DEBUG Input                - Clearing active input actions
14:21:35.696 [JavaFX Application Thread] DEBUG GameApplicationServi - Removing overlay from GameScene and adding to DialogSubScene
14:21:35.696 [JavaFX Application Thread] DEBUG PrimaryStageWindow   - GameScene -> DialogSubScene
14:21:42.443 [JavaFX Application Thread] DEBUG PrimaryStageWindow   - Pop state: DialogSubScene
14:21:42.443 [JavaFX Application Thread] DEBUG Input                - Clearing active input actions
14:21:42.443 [JavaFX Application Thread] DEBUG GameApplicationServi - Removing overlay from DialogSubScene and adding to GameScene
14:21:42.443 [JavaFX Application Thread] DEBUG PrimaryStageWindow   - GameScene <- DialogSubScene
14:21:42.443 [JavaFX Application Thread] DEBUG LoopRunner           - Resuming loop
14:21:44.982 [JavaFX Application Thread] DEBUG PrimaryStageWindow   - Push state: DialogSubScene
14:21:44.983 [JavaFX Application Thread] DEBUG Input                - Clearing active input actions
14:21:44.983 [JavaFX Application Thread] DEBUG GameApplicationServi - Removing overlay from GameScene and adding to DialogSubScene
14:21:44.983 [JavaFX Application Thread] DEBUG PrimaryStageWindow   - GameScene -> DialogSubScene
14:21:53.559 [JavaFX Application Thread] DEBUG PrimaryStageWindow   - Pop state: DialogSubScene
14:21:53.560 [JavaFX Application Thread] DEBUG Input                - Clearing active input actions
14:21:53.560 [JavaFX Application Thread] DEBUG GameApplicationServi - Removing overlay from DialogSubScene and adding to GameScene
14:21:53.560 [JavaFX Application Thread] DEBUG PrimaryStageWindow   - GameScene <- DialogSubScene
14:21:53.560 [JavaFX Application Thread] DEBUG GameApplicationServi - Starting new game
14:21:53.560 [JavaFX Application Thread] DEBUG Input                - Clearing active input actions
14:21:53.562 [JavaFX Application Thread] DEBUG GameApplicationServi - Removing overlay from GameScene and adding to FXGLLoadingScene
14:21:53.563 [JavaFX Application Thread] DEBUG PrimaryStageWindow   - GameScene -> FXGLLoadingScene
14:21:53.563 [JavaFX Application Thread] DEBUG GameApplicationServi - Clearing previous game
14:21:53.563 [JavaFX Application Thread] DEBUG GameScene            - Clearing game scene
14:21:53.563 [JavaFX Application Thread] DEBUG GameWorld            - Clearing game world
14:21:53.564 [JavaFX Application Thread] DEBUG PhysicsWorld         - Clearing physics world
14:21:53.564 [FXGL Background Thread 2 ] DEBUG FXGLApplication      - Initializing game
14:21:53.566 [FXGL Background Thread 2 ] INFO  FXGLApplication      - Game initialization took: 0.002 sec
14:21:53.567 [JavaFX Application Thread] DEBUG Input                - Clearing active input actions
14:21:53.569 [JavaFX Application Thread] DEBUG GameApplicationServi - Removing overlay from FXGLLoadingScene and adding to GameScene
14:21:53.569 [JavaFX Application Thread] DEBUG PrimaryStageWindow   - FXGLLoadingScene -> GameScene
14:21:55.375 [JavaFX Application Thread] DEBUG PrimaryStageWindow   - Push state: DialogSubScene
14:21:55.375 [JavaFX Application Thread] DEBUG Input                - Clearing active input actions
14:21:55.376 [JavaFX Application Thread] DEBUG GameApplicationServi - Removing overlay from GameScene and adding to DialogSubScene
14:21:55.376 [JavaFX Application Thread] DEBUG PrimaryStageWindow   - GameScene -> DialogSubScene
14:21:56.509 [JavaFX Application Thread] DEBUG PrimaryStageWindow   - Pop state: DialogSubScene
14:21:56.509 [JavaFX Application Thread] DEBUG Input                - Clearing active input actions
14:21:56.509 [JavaFX Application Thread] DEBUG GameApplicationServi - Removing overlay from DialogSubScene and adding to GameScene
14:21:56.509 [JavaFX Application Thread] DEBUG PrimaryStageWindow   - GameScene <- DialogSubScene
14:21:56.509 [JavaFX Application Thread] DEBUG GameApplicationServi - Starting new game
14:21:56.509 [JavaFX Application Thread] DEBUG Input                - Clearing active input actions
14:21:56.511 [JavaFX Application Thread] DEBUG GameApplicationServi - Removing overlay from GameScene and adding to FXGLLoadingScene
14:21:56.512 [JavaFX Application Thread] DEBUG PrimaryStageWindow   - GameScene -> FXGLLoadingScene
14:21:56.512 [JavaFX Application Thread] DEBUG GameApplicationServi - Clearing previous game
14:21:56.512 [JavaFX Application Thread] DEBUG GameScene            - Clearing game scene
14:21:56.512 [JavaFX Application Thread] DEBUG GameWorld            - Clearing game world
14:21:56.513 [JavaFX Application Thread] DEBUG PhysicsWorld         - Clearing physics world
14:21:56.513 [FXGL Background Thread 2 ] DEBUG FXGLApplication      - Initializing game
14:21:56.517 [FXGL Background Thread 2 ] INFO  FXGLApplication      - Game initialization took: 0.003 sec
14:21:56.518 [JavaFX Application Thread] DEBUG Input                - Clearing active input actions
14:21:56.521 [JavaFX Application Thread] DEBUG GameApplicationServi - Removing overlay from FXGLLoadingScene and adding to GameScene
14:21:56.522 [JavaFX Application Thread] DEBUG PrimaryStageWindow   - FXGLLoadingScene -> GameScene
14:22:07.021 [JavaFX Application Thread] DEBUG PrimaryStageWindow   - Push state: DialogSubScene
14:22:07.021 [JavaFX Application Thread] DEBUG Input                - Clearing active input actions
14:22:07.022 [JavaFX Application Thread] DEBUG GameApplicationServi - Removing overlay from GameScene and adding to DialogSubScene
14:22:07.022 [JavaFX Application Thread] DEBUG PrimaryStageWindow   - GameScene -> DialogSubScene
14:22:14.389 [JavaFX Application Thread] DEBUG PrimaryStageWindow   - Pop state: DialogSubScene
14:22:14.390 [JavaFX Application Thread] DEBUG Input                - Clearing active input actions
14:22:14.390 [JavaFX Application Thread] DEBUG GameApplicationServi - Removing overlay from DialogSubScene and adding to GameScene
14:22:14.390 [JavaFX Application Thread] DEBUG PrimaryStageWindow   - GameScene <- DialogSubScene
14:22:14.390 [JavaFX Application Thread] DEBUG GameApplicationServi - Starting new game
14:22:14.390 [JavaFX Application Thread] DEBUG Input                - Clearing active input actions
14:22:14.392 [JavaFX Application Thread] DEBUG GameApplicationServi - Removing overlay from GameScene and adding to FXGLLoadingScene
14:22:14.392 [JavaFX Application Thread] DEBUG PrimaryStageWindow   - GameScene -> FXGLLoadingScene
14:22:14.392 [JavaFX Application Thread] DEBUG GameApplicationServi - Clearing previous game
14:22:14.392 [JavaFX Application Thread] DEBUG GameScene            - Clearing game scene
14:22:14.393 [JavaFX Application Thread] DEBUG GameWorld            - Clearing game world
14:22:14.394 [JavaFX Application Thread] DEBUG PhysicsWorld         - Clearing physics world
14:22:14.396 [FXGL Background Thread 2 ] DEBUG FXGLApplication      - Initializing game
14:22:14.398 [FXGL Background Thread 2 ] INFO  FXGLApplication      - Game initialization took: 0.003 sec
14:22:14.399 [JavaFX Application Thread] DEBUG Input                - Clearing active input actions
14:22:14.403 [JavaFX Application Thread] DEBUG GameApplicationServi - Removing overlay from FXGLLoadingScene and adding to GameScene
14:22:14.403 [JavaFX Application Thread] DEBUG PrimaryStageWindow   - FXGLLoadingScene -> GameScene
14:22:19.827 [JavaFX Application Thread] DEBUG PrimaryStageWindow   - Push state: DialogSubScene
14:22:19.827 [JavaFX Application Thread] DEBUG Input                - Clearing active input actions
14:22:19.827 [JavaFX Application Thread] DEBUG GameApplicationServi - Removing overlay from GameScene and adding to DialogSubScene
14:22:19.827 [JavaFX Application Thread] DEBUG PrimaryStageWindow   - GameScene -> DialogSubScene
14:22:20.324 [JavaFX Application Thread] DEBUG PrimaryStageWindow   - Pop state: DialogSubScene
14:22:20.324 [JavaFX Application Thread] DEBUG Input                - Clearing active input actions
14:22:20.324 [JavaFX Application Thread] DEBUG GameApplicationServi - Removing overlay from DialogSubScene and adding to GameScene
14:22:20.324 [JavaFX Application Thread] DEBUG PrimaryStageWindow   - GameScene <- DialogSubScene
14:22:20.324 [JavaFX Application Thread] DEBUG GameApplicationServi - Starting new game
14:22:20.324 [JavaFX Application Thread] DEBUG Input                - Clearing active input actions
14:22:20.327 [JavaFX Application Thread] DEBUG GameApplicationServi - Removing overlay from GameScene and adding to FXGLLoadingScene
14:22:20.327 [JavaFX Application Thread] DEBUG PrimaryStageWindow   - GameScene -> FXGLLoadingScene
14:22:20.327 [JavaFX Application Thread] DEBUG GameApplicationServi - Clearing previous game
14:22:20.327 [JavaFX Application Thread] DEBUG GameScene            - Clearing game scene
14:22:20.327 [JavaFX Application Thread] DEBUG GameWorld            - Clearing game world
14:22:20.328 [JavaFX Application Thread] DEBUG PhysicsWorld         - Clearing physics world
14:22:20.328 [FXGL Background Thread 2 ] DEBUG FXGLApplication      - Initializing game
14:22:20.330 [FXGL Background Thread 2 ] INFO  FXGLApplication      - Game initialization took: 0.001 sec
14:22:20.330 [JavaFX Application Thread] DEBUG Input                - Clearing active input actions
14:22:20.334 [JavaFX Application Thread] DEBUG GameApplicationServi - Removing overlay from FXGLLoadingScene and adding to GameScene
14:22:20.334 [JavaFX Application Thread] DEBUG PrimaryStageWindow   - FXGLLoadingScene -> GameScene
14:22:27.958 [JavaFX Application Thread] DEBUG PrimaryStageWindow   - Push state: DialogSubScene
14:22:27.959 [JavaFX Application Thread] DEBUG Input                - Clearing active input actions
14:22:27.960 [JavaFX Application Thread] DEBUG GameApplicationServi - Removing overlay from GameScene and adding to DialogSubScene
14:22:27.960 [JavaFX Application Thread] DEBUG PrimaryStageWindow   - GameScene -> DialogSubScene
14:22:28.705 [JavaFX Application Thread] DEBUG PrimaryStageWindow   - Pop state: DialogSubScene
14:22:28.705 [JavaFX Application Thread] DEBUG Input                - Clearing active input actions
14:22:28.705 [JavaFX Application Thread] DEBUG GameApplicationServi - Removing overlay from DialogSubScene and adding to GameScene
14:22:28.706 [JavaFX Application Thread] DEBUG PrimaryStageWindow   - GameScene <- DialogSubScene
14:22:28.706 [JavaFX Application Thread] DEBUG GameApplicationServi - Starting new game
14:22:28.706 [JavaFX Application Thread] DEBUG Input                - Clearing active input actions
14:22:28.709 [JavaFX Application Thread] DEBUG GameApplicationServi - Removing overlay from GameScene and adding to FXGLLoadingScene
14:22:28.710 [JavaFX Application Thread] DEBUG PrimaryStageWindow   - GameScene -> FXGLLoadingScene
14:22:28.710 [JavaFX Application Thread] DEBUG GameApplicationServi - Clearing previous game
14:22:28.710 [JavaFX Application Thread] DEBUG GameScene            - Clearing game scene
14:22:28.710 [JavaFX Application Thread] DEBUG GameWorld            - Clearing game world
14:22:28.711 [JavaFX Application Thread] DEBUG PhysicsWorld         - Clearing physics world
14:22:28.712 [FXGL Background Thread 2 ] DEBUG FXGLApplication      - Initializing game
14:22:28.713 [FXGL Background Thread 2 ] INFO  FXGLApplication      - Game initialization took: 0.001 sec
14:22:28.714 [JavaFX Application Thread] DEBUG Input                - Clearing active input actions
14:22:28.717 [JavaFX Application Thread] DEBUG GameApplicationServi - Removing overlay from FXGLLoadingScene and adding to GameScene
14:22:28.718 [JavaFX Application Thread] DEBUG PrimaryStageWindow   - FXGLLoadingScene -> GameScene
14:22:50.326 [JavaFX Application Thread] DEBUG PrimaryStageWindow   - Push state: DialogSubScene
14:22:50.326 [JavaFX Application Thread] DEBUG Input                - Clearing active input actions
14:22:50.326 [JavaFX Application Thread] DEBUG GameApplicationServi - Removing overlay from GameScene and adding to DialogSubScene
14:22:50.327 [JavaFX Application Thread] DEBUG PrimaryStageWindow   - GameScene -> DialogSubScene
14:22:51.365 [JavaFX Application Thread] DEBUG PrimaryStageWindow   - Pop state: DialogSubScene
14:22:51.365 [JavaFX Application Thread] DEBUG Input                - Clearing active input actions
14:22:51.365 [JavaFX Application Thread] DEBUG GameApplicationServi - Removing overlay from DialogSubScene and adding to GameScene
14:22:51.365 [JavaFX Application Thread] DEBUG PrimaryStageWindow   - GameScene <- DialogSubScene
14:22:51.365 [JavaFX Application Thread] DEBUG GameApplicationServi - Starting new game
14:22:51.365 [JavaFX Application Thread] DEBUG Input                - Clearing active input actions
14:22:51.368 [JavaFX Application Thread] DEBUG GameApplicationServi - Removing overlay from GameScene and adding to FXGLLoadingScene
14:22:51.368 [JavaFX Application Thread] DEBUG PrimaryStageWindow   - GameScene -> FXGLLoadingScene
14:22:51.368 [JavaFX Application Thread] DEBUG GameApplicationServi - Clearing previous game
14:22:51.368 [JavaFX Application Thread] DEBUG GameScene            - Clearing game scene
14:22:51.368 [JavaFX Application Thread] DEBUG GameWorld            - Clearing game world
14:22:51.369 [JavaFX Application Thread] DEBUG PhysicsWorld         - Clearing physics world
14:22:51.370 [FXGL Background Thread 2 ] DEBUG FXGLApplication      - Initializing game
14:22:51.372 [FXGL Background Thread 2 ] INFO  FXGLApplication      - Game initialization took: 0.002 sec
14:22:51.372 [JavaFX Application Thread] DEBUG Input                - Clearing active input actions
14:22:51.376 [JavaFX Application Thread] DEBUG GameApplicationServi - Removing overlay from FXGLLoadingScene and adding to GameScene
14:22:51.376 [JavaFX Application Thread] DEBUG PrimaryStageWindow   - FXGLLoadingScene -> GameScene
14:23:01.733 [JavaFX Application Thread] DEBUG PrimaryStageWindow   - Push state: DialogSubScene
14:23:01.733 [JavaFX Application Thread] DEBUG Input                - Clearing active input actions
14:23:01.734 [JavaFX Application Thread] DEBUG GameApplicationServi - Removing overlay from GameScene and adding to DialogSubScene
14:23:01.734 [JavaFX Application Thread] DEBUG PrimaryStageWindow   - GameScene -> DialogSubScene
14:23:02.666 [JavaFX Application Thread] DEBUG PrimaryStageWindow   - Pop state: DialogSubScene
14:23:02.666 [JavaFX Application Thread] DEBUG Input                - Clearing active input actions
14:23:02.666 [JavaFX Application Thread] DEBUG GameApplicationServi - Removing overlay from DialogSubScene and adding to GameScene
14:23:02.666 [JavaFX Application Thread] DEBUG PrimaryStageWindow   - GameScene <- DialogSubScene
14:23:02.666 [JavaFX Application Thread] DEBUG GameApplicationServi - Starting new game
14:23:02.667 [JavaFX Application Thread] DEBUG Input                - Clearing active input actions
14:23:02.669 [JavaFX Application Thread] DEBUG GameApplicationServi - Removing overlay from GameScene and adding to FXGLLoadingScene
14:23:02.669 [JavaFX Application Thread] DEBUG PrimaryStageWindow   - GameScene -> FXGLLoadingScene
14:23:02.669 [JavaFX Application Thread] DEBUG GameApplicationServi - Clearing previous game
14:23:02.669 [JavaFX Application Thread] DEBUG GameScene            - Clearing game scene
14:23:02.669 [JavaFX Application Thread] DEBUG GameWorld            - Clearing game world
14:23:02.670 [JavaFX Application Thread] DEBUG PhysicsWorld         - Clearing physics world
14:23:02.670 [FXGL Background Thread 2 ] DEBUG FXGLApplication      - Initializing game
14:23:02.671 [FXGL Background Thread 2 ] INFO  FXGLApplication      - Game initialization took: 0.001 sec
14:23:02.671 [JavaFX Application Thread] DEBUG Input                - Clearing active input actions
14:23:02.673 [JavaFX Application Thread] DEBUG GameApplicationServi - Removing overlay from FXGLLoadingScene and adding to GameScene
14:23:02.673 [JavaFX Application Thread] DEBUG PrimaryStageWindow   - FXGLLoadingScene -> GameScene
14:23:11.588 [JavaFX Application Thread] DEBUG PrimaryStageWindow   - Push state: DialogSubScene
14:23:11.588 [JavaFX Application Thread] DEBUG Input                - Clearing active input actions
14:23:11.589 [JavaFX Application Thread] DEBUG GameApplicationServi - Removing overlay from GameScene and adding to DialogSubScene
14:23:11.589 [JavaFX Application Thread] DEBUG PrimaryStageWindow   - GameScene -> DialogSubScene
14:23:12.371 [JavaFX Application Thread] DEBUG PrimaryStageWindow   - Pop state: DialogSubScene
14:23:12.371 [JavaFX Application Thread] DEBUG Input                - Clearing active input actions
14:23:12.371 [JavaFX Application Thread] DEBUG GameApplicationServi - Removing overlay from DialogSubScene and adding to GameScene
14:23:12.371 [JavaFX Application Thread] DEBUG PrimaryStageWindow   - GameScene <- DialogSubScene
14:23:12.371 [JavaFX Application Thread] DEBUG GameApplicationServi - Starting new game
14:23:12.372 [JavaFX Application Thread] DEBUG Input                - Clearing active input actions
14:23:12.374 [JavaFX Application Thread] DEBUG GameApplicationServi - Removing overlay from GameScene and adding to FXGLLoadingScene
14:23:12.374 [JavaFX Application Thread] DEBUG PrimaryStageWindow   - GameScene -> FXGLLoadingScene
14:23:12.374 [JavaFX Application Thread] DEBUG GameApplicationServi - Clearing previous game
14:23:12.374 [JavaFX Application Thread] DEBUG GameScene            - Clearing game scene
14:23:12.374 [JavaFX Application Thread] DEBUG GameWorld            - Clearing game world
14:23:12.375 [JavaFX Application Thread] DEBUG PhysicsWorld         - Clearing physics world
14:23:12.375 [FXGL Background Thread 2 ] DEBUG FXGLApplication      - Initializing game
14:23:12.376 [FXGL Background Thread 2 ] INFO  FXGLApplication      - Game initialization took: 0.001 sec
14:23:12.377 [JavaFX Application Thread] DEBUG Input                - Clearing active input actions
14:23:12.379 [JavaFX Application Thread] DEBUG GameApplicationServi - Removing overlay from FXGLLoadingScene and adding to GameScene
14:23:12.379 [JavaFX Application Thread] DEBUG PrimaryStageWindow   - FXGLLoadingScene -> GameScene
14:23:14.206 [JavaFX Application Thread] DEBUG PrimaryStageWindow   - Push state: DialogSubScene
14:23:14.206 [JavaFX Application Thread] DEBUG Input                - Clearing active input actions
14:23:14.206 [JavaFX Application Thread] DEBUG GameApplicationServi - Removing overlay from GameScene and adding to DialogSubScene
14:23:14.207 [JavaFX Application Thread] DEBUG PrimaryStageWindow   - GameScene -> DialogSubScene
14:23:15.003 [JavaFX Application Thread] DEBUG PrimaryStageWindow   - Pop state: DialogSubScene
14:23:15.003 [JavaFX Application Thread] DEBUG Input                - Clearing active input actions
14:23:15.003 [JavaFX Application Thread] DEBUG GameApplicationServi - Removing overlay from DialogSubScene and adding to GameScene
14:23:15.003 [JavaFX Application Thread] DEBUG PrimaryStageWindow   - GameScene <- DialogSubScene
14:23:15.003 [JavaFX Application Thread] DEBUG GameApplicationServi - Starting new game
14:23:15.003 [JavaFX Application Thread] DEBUG Input                - Clearing active input actions
14:23:15.006 [JavaFX Application Thread] DEBUG GameApplicationServi - Removing overlay from GameScene and adding to FXGLLoadingScene
14:23:15.006 [JavaFX Application Thread] DEBUG PrimaryStageWindow   - GameScene -> FXGLLoadingScene
14:23:15.006 [JavaFX Application Thread] DEBUG GameApplicationServi - Clearing previous game
14:23:15.006 [JavaFX Application Thread] DEBUG GameScene            - Clearing game scene
14:23:15.006 [JavaFX Application Thread] DEBUG GameWorld            - Clearing game world
14:23:15.007 [JavaFX Application Thread] DEBUG PhysicsWorld         - Clearing physics world
14:23:15.007 [FXGL Background Thread 2 ] DEBUG FXGLApplication      - Initializing game
14:23:15.008 [FXGL Background Thread 2 ] INFO  FXGLApplication      - Game initialization took: 0.001 sec
14:23:15.008 [JavaFX Application Thread] DEBUG Input                - Clearing active input actions
14:23:15.010 [JavaFX Application Thread] DEBUG GameApplicationServi - Removing overlay from FXGLLoadingScene and adding to GameScene
14:23:15.010 [JavaFX Application Thread] DEBUG PrimaryStageWindow   - FXGLLoadingScene -> GameScene
14:23:17.605 [JavaFX Application Thread] DEBUG PrimaryStageWindow   - Push state: DialogSubScene
14:23:17.605 [JavaFX Application Thread] DEBUG Input                - Clearing active input actions
14:23:17.607 [JavaFX Application Thread] DEBUG GameApplicationServi - Removing overlay from GameScene and adding to DialogSubScene
14:23:17.607 [JavaFX Application Thread] DEBUG PrimaryStageWindow   - GameScene -> DialogSubScene
14:23:18.330 [JavaFX Application Thread] DEBUG PrimaryStageWindow   - Pop state: DialogSubScene
14:23:18.330 [JavaFX Application Thread] DEBUG Input                - Clearing active input actions
14:23:18.330 [JavaFX Application Thread] DEBUG GameApplicationServi - Removing overlay from DialogSubScene and adding to GameScene
14:23:18.330 [JavaFX Application Thread] DEBUG PrimaryStageWindow   - GameScene <- DialogSubScene
14:23:18.330 [JavaFX Application Thread] DEBUG GameApplicationServi - Starting new game
14:23:18.330 [JavaFX Application Thread] DEBUG Input                - Clearing active input actions
14:23:18.333 [JavaFX Application Thread] DEBUG GameApplicationServi - Removing overlay from GameScene and adding to FXGLLoadingScene
14:23:18.333 [JavaFX Application Thread] DEBUG PrimaryStageWindow   - GameScene -> FXGLLoadingScene
14:23:18.333 [JavaFX Application Thread] DEBUG GameApplicationServi - Clearing previous game
14:23:18.333 [JavaFX Application Thread] DEBUG GameScene            - Clearing game scene
14:23:18.333 [JavaFX Application Thread] DEBUG GameWorld            - Clearing game world
14:23:18.334 [JavaFX Application Thread] DEBUG PhysicsWorld         - Clearing physics world
14:23:18.334 [FXGL Background Thread 2 ] DEBUG FXGLApplication      - Initializing game
14:23:18.335 [FXGL Background Thread 2 ] INFO  FXGLApplication      - Game initialization took: 0.001 sec
14:23:18.335 [JavaFX Application Thread] DEBUG Input                - Clearing active input actions
14:23:18.337 [JavaFX Application Thread] DEBUG GameApplicationServi - Removing overlay from FXGLLoadingScene and adding to GameScene
14:23:18.337 [JavaFX Application Thread] DEBUG PrimaryStageWindow   - FXGLLoadingScene -> GameScene
14:23:22.084 [JavaFX Application Thread] DEBUG PrimaryStageWindow   - Push state: DialogSubScene
14:23:22.084 [JavaFX Application Thread] DEBUG Input                - Clearing active input actions
14:23:22.084 [JavaFX Application Thread] DEBUG GameApplicationServi - Removing overlay from GameScene and adding to DialogSubScene
14:23:22.084 [JavaFX Application Thread] DEBUG PrimaryStageWindow   - GameScene -> DialogSubScene
14:23:22.531 [JavaFX Application Thread] DEBUG PrimaryStageWindow   - Pop state: DialogSubScene
14:23:22.531 [JavaFX Application Thread] DEBUG Input                - Clearing active input actions
14:23:22.531 [JavaFX Application Thread] DEBUG GameApplicationServi - Removing overlay from DialogSubScene and adding to GameScene
14:23:22.531 [JavaFX Application Thread] DEBUG PrimaryStageWindow   - GameScene <- DialogSubScene
14:23:22.531 [JavaFX Application Thread] DEBUG GameApplicationServi - Starting new game
14:23:22.531 [JavaFX Application Thread] DEBUG Input                - Clearing active input actions
14:23:22.533 [JavaFX Application Thread] DEBUG GameApplicationServi - Removing overlay from GameScene and adding to FXGLLoadingScene
14:23:22.533 [JavaFX Application Thread] DEBUG PrimaryStageWindow   - GameScene -> FXGLLoadingScene
14:23:22.533 [JavaFX Application Thread] DEBUG GameApplicationServi - Clearing previous game
14:23:22.533 [JavaFX Application Thread] DEBUG GameScene            - Clearing game scene
14:23:22.533 [JavaFX Application Thread] DEBUG GameWorld            - Clearing game world
14:23:22.534 [JavaFX Application Thread] DEBUG PhysicsWorld         - Clearing physics world
14:23:22.534 [FXGL Background Thread 2 ] DEBUG FXGLApplication      - Initializing game
14:23:22.536 [FXGL Background Thread 2 ] INFO  FXGLApplication      - Game initialization took: 0.002 sec
14:23:22.536 [JavaFX Application Thread] DEBUG Input                - Clearing active input actions
14:23:22.539 [JavaFX Application Thread] DEBUG GameApplicationServi - Removing overlay from FXGLLoadingScene and adding to GameScene
14:23:22.539 [JavaFX Application Thread] DEBUG PrimaryStageWindow   - FXGLLoadingScene -> GameScene
14:23:29.493 [JavaFX Application Thread] DEBUG PrimaryStageWindow   - Push state: DialogSubScene
14:23:29.494 [JavaFX Application Thread] DEBUG Input                - Clearing active input actions
14:23:29.495 [JavaFX Application Thread] DEBUG GameApplicationServi - Removing overlay from GameScene and adding to DialogSubScene
14:23:29.495 [JavaFX Application Thread] DEBUG PrimaryStageWindow   - GameScene -> DialogSubScene
14:23:30.399 [JavaFX Application Thread] DEBUG PrimaryStageWindow   - Pop state: DialogSubScene
14:23:30.399 [JavaFX Application Thread] DEBUG Input                - Clearing active input actions
14:23:30.399 [JavaFX Application Thread] DEBUG GameApplicationServi - Removing overlay from DialogSubScene and adding to GameScene
14:23:30.399 [JavaFX Application Thread] DEBUG PrimaryStageWindow   - GameScene <- DialogSubScene
14:23:30.399 [JavaFX Application Thread] DEBUG GameApplicationServi - Starting new game
14:23:30.399 [JavaFX Application Thread] DEBUG Input                - Clearing active input actions
14:23:30.401 [JavaFX Application Thread] DEBUG GameApplicationServi - Removing overlay from GameScene and adding to FXGLLoadingScene
14:23:30.401 [JavaFX Application Thread] DEBUG PrimaryStageWindow   - GameScene -> FXGLLoadingScene
14:23:30.401 [JavaFX Application Thread] DEBUG GameApplicationServi - Clearing previous game
14:23:30.401 [JavaFX Application Thread] DEBUG GameScene            - Clearing game scene
14:23:30.401 [JavaFX Application Thread] DEBUG GameWorld            - Clearing game world
14:23:30.402 [JavaFX Application Thread] DEBUG PhysicsWorld         - Clearing physics world
14:23:30.402 [FXGL Background Thread 2 ] DEBUG FXGLApplication      - Initializing game
14:23:30.404 [FXGL Background Thread 2 ] INFO  FXGLApplication      - Game initialization took: 0.001 sec
14:23:30.404 [JavaFX Application Thread] DEBUG Input                - Clearing active input actions
14:23:30.406 [JavaFX Application Thread] DEBUG GameApplicationServi - Removing overlay from FXGLLoadingScene and adding to GameScene
14:23:30.406 [JavaFX Application Thread] DEBUG PrimaryStageWindow   - FXGLLoadingScene -> GameScene
14:23:35.927 [JavaFX Application Thread] DEBUG PrimaryStageWindow   - Push state: DialogSubScene
14:23:35.927 [JavaFX Application Thread] DEBUG Input                - Clearing active input actions
14:23:35.928 [JavaFX Application Thread] DEBUG GameApplicationServi - Removing overlay from GameScene and adding to DialogSubScene
14:23:35.928 [JavaFX Application Thread] DEBUG PrimaryStageWindow   - GameScene -> DialogSubScene
14:23:36.609 [JavaFX Application Thread] DEBUG PrimaryStageWindow   - Pop state: DialogSubScene
14:23:36.610 [JavaFX Application Thread] DEBUG Input                - Clearing active input actions
14:23:36.610 [JavaFX Application Thread] DEBUG GameApplicationServi - Removing overlay from DialogSubScene and adding to GameScene
14:23:36.610 [JavaFX Application Thread] DEBUG PrimaryStageWindow   - GameScene <- DialogSubScene
14:23:36.610 [JavaFX Application Thread] DEBUG GameApplicationServi - Starting new game
14:23:36.610 [JavaFX Application Thread] DEBUG Input                - Clearing active input actions
14:23:36.612 [JavaFX Application Thread] DEBUG GameApplicationServi - Removing overlay from GameScene and adding to FXGLLoadingScene
14:23:36.612 [JavaFX Application Thread] DEBUG PrimaryStageWindow   - GameScene -> FXGLLoadingScene
14:23:36.612 [JavaFX Application Thread] DEBUG GameApplicationServi - Clearing previous game
14:23:36.612 [JavaFX Application Thread] DEBUG GameScene            - Clearing game scene
14:23:36.612 [JavaFX Application Thread] DEBUG GameWorld            - Clearing game world
14:23:36.613 [JavaFX Application Thread] DEBUG PhysicsWorld         - Clearing physics world
14:23:36.613 [FXGL Background Thread 2 ] DEBUG FXGLApplication      - Initializing game
14:23:36.614 [FXGL Background Thread 2 ] INFO  FXGLApplication      - Game initialization took: 0.001 sec
14:23:36.615 [JavaFX Application Thread] DEBUG Input                - Clearing active input actions
14:23:36.617 [JavaFX Application Thread] DEBUG GameApplicationServi - Removing overlay from FXGLLoadingScene and adding to GameScene
14:23:36.618 [JavaFX Application Thread] DEBUG PrimaryStageWindow   - FXGLLoadingScene -> GameScene
14:23:44.627 [JavaFX Application Thread] DEBUG PrimaryStageWindow   - Push state: DialogSubScene
14:23:44.627 [JavaFX Application Thread] DEBUG Input                - Clearing active input actions
14:23:44.627 [JavaFX Application Thread] DEBUG GameApplicationServi - Removing overlay from GameScene and adding to DialogSubScene
14:23:44.627 [JavaFX Application Thread] DEBUG PrimaryStageWindow   - GameScene -> DialogSubScene
14:23:45.467 [JavaFX Application Thread] DEBUG PrimaryStageWindow   - Pop state: DialogSubScene
14:23:45.467 [JavaFX Application Thread] DEBUG Input                - Clearing active input actions
14:23:45.467 [JavaFX Application Thread] DEBUG GameApplicationServi - Removing overlay from DialogSubScene and adding to GameScene
14:23:45.467 [JavaFX Application Thread] DEBUG PrimaryStageWindow   - GameScene <- DialogSubScene
14:23:45.467 [JavaFX Application Thread] DEBUG GameApplicationServi - Starting new game
14:23:45.467 [JavaFX Application Thread] DEBUG Input                - Clearing active input actions
14:23:45.469 [JavaFX Application Thread] DEBUG GameApplicationServi - Removing overlay from GameScene and adding to FXGLLoadingScene
14:23:45.469 [JavaFX Application Thread] DEBUG PrimaryStageWindow   - GameScene -> FXGLLoadingScene
14:23:45.469 [JavaFX Application Thread] DEBUG GameApplicationServi - Clearing previous game
14:23:45.469 [JavaFX Application Thread] DEBUG GameScene            - Clearing game scene
14:23:45.469 [JavaFX Application Thread] DEBUG GameWorld            - Clearing game world
14:23:45.470 [JavaFX Application Thread] DEBUG PhysicsWorld         - Clearing physics world
14:23:45.470 [FXGL Background Thread 2 ] DEBUG FXGLApplication      - Initializing game
14:23:45.471 [FXGL Background Thread 2 ] INFO  FXGLApplication      - Game initialization took: 0.001 sec
14:23:45.472 [JavaFX Application Thread] DEBUG Input                - Clearing active input actions
14:23:45.474 [JavaFX Application Thread] DEBUG GameApplicationServi - Removing overlay from FXGLLoadingScene and adding to GameScene
14:23:45.474 [JavaFX Application Thread] DEBUG PrimaryStageWindow   - FXGLLoadingScene -> GameScene
14:23:55.685 [JavaFX Application Thread] DEBUG PrimaryStageWindow   - Push state: DialogSubScene
14:23:55.685 [JavaFX Application Thread] DEBUG Input                - Clearing active input actions
14:23:55.685 [JavaFX Application Thread] DEBUG GameApplicationServi - Removing overlay from GameScene and adding to DialogSubScene
14:23:55.685 [JavaFX Application Thread] DEBUG PrimaryStageWindow   - GameScene -> DialogSubScene
14:23:56.494 [JavaFX Application Thread] DEBUG PrimaryStageWindow   - Pop state: DialogSubScene
14:23:56.494 [JavaFX Application Thread] DEBUG Input                - Clearing active input actions
14:23:56.495 [JavaFX Application Thread] DEBUG GameApplicationServi - Removing overlay from DialogSubScene and adding to GameScene
14:23:56.495 [JavaFX Application Thread] DEBUG PrimaryStageWindow   - GameScene <- DialogSubScene
14:23:56.495 [JavaFX Application Thread] DEBUG GameApplicationServi - Starting new game
14:23:56.495 [JavaFX Application Thread] DEBUG Input                - Clearing active input actions
14:23:56.497 [JavaFX Application Thread] DEBUG GameApplicationServi - Removing overlay from GameScene and adding to FXGLLoadingScene
14:23:56.497 [JavaFX Application Thread] DEBUG PrimaryStageWindow   - GameScene -> FXGLLoadingScene
14:23:56.497 [JavaFX Application Thread] DEBUG GameApplicationServi - Clearing previous game
14:23:56.497 [JavaFX Application Thread] DEBUG GameScene            - Clearing game scene
14:23:56.497 [JavaFX Application Thread] DEBUG GameWorld            - Clearing game world
14:23:56.498 [JavaFX Application Thread] DEBUG PhysicsWorld         - Clearing physics world
14:23:56.498 [FXGL Background Thread 2 ] DEBUG FXGLApplication      - Initializing game
14:23:56.499 [FXGL Background Thread 2 ] INFO  FXGLApplication      - Game initialization took: 0.001 sec
14:23:56.499 [JavaFX Application Thread] DEBUG Input                - Clearing active input actions
14:23:56.501 [JavaFX Application Thread] DEBUG GameApplicationServi - Removing overlay from FXGLLoadingScene and adding to GameScene
14:23:56.501 [JavaFX Application Thread] DEBUG PrimaryStageWindow   - FXGLLoadingScene -> GameScene
14:24:17.895 [JavaFX Application Thread] DEBUG PrimaryStageWindow   - Push state: DialogSubScene
14:24:17.895 [JavaFX Application Thread] DEBUG Input                - Clearing active input actions
14:24:17.895 [JavaFX Application Thread] DEBUG GameApplicationServi - Removing overlay from GameScene and adding to DialogSubScene
14:24:17.895 [JavaFX Application Thread] DEBUG PrimaryStageWindow   - GameScene -> DialogSubScene
14:24:38.853 [JavaFX Application Thread] DEBUG PrimaryStageWindow   - Pop state: DialogSubScene
14:24:38.854 [JavaFX Application Thread] DEBUG Input                - Clearing active input actions
14:24:38.854 [JavaFX Application Thread] DEBUG GameApplicationServi - Removing overlay from DialogSubScene and adding to GameScene
14:24:38.854 [JavaFX Application Thread] DEBUG PrimaryStageWindow   - GameScene <- DialogSubScene
14:24:38.854 [JavaFX Application Thread] DEBUG Input                - Clearing active input actions
14:24:38.856 [JavaFX Application Thread] DEBUG GameApplicationServi - Removing overlay from GameScene and adding to FXGLMainMenuDummyScene
14:24:38.856 [JavaFX Application Thread] DEBUG PrimaryStageWindow   - GameScene -> FXGLMainMenuDummyScene
14:24:38.856 [JavaFX Application Thread] DEBUG PrimaryStageWindow   - Push state: FXGLDefaultMenu
14:24:38.856 [JavaFX Application Thread] DEBUG Input                - Clearing active input actions
14:24:38.857 [JavaFX Application Thread] DEBUG GameApplicationServi - Removing overlay from FXGLMainMenuDummyScene and adding to FXGLDefaultMenu
14:24:38.858 [JavaFX Application Thread] DEBUG PrimaryStageWindow   - FXGLMainMenuDummyScene -> FXGLDefaultMenu
14:24:41.921 [JavaFX Application Thread] DEBUG Menu                 - fireNewGame()
14:24:41.921 [JavaFX Application Thread] DEBUG GameApplicationServi - Starting new game
14:24:41.921 [JavaFX Application Thread] DEBUG PrimaryStageWindow   - Pop state: FXGLDefaultMenu
14:24:41.921 [JavaFX Application Thread] DEBUG Input                - Clearing active input actions
14:24:41.921 [JavaFX Application Thread] DEBUG GameApplicationServi - Removing overlay from FXGLDefaultMenu and adding to FXGLMainMenuDummyScene
14:24:41.921 [JavaFX Application Thread] DEBUG PrimaryStageWindow   - FXGLMainMenuDummyScene <- FXGLDefaultMenu
14:24:41.921 [JavaFX Application Thread] DEBUG Input                - Clearing active input actions
14:24:41.925 [JavaFX Application Thread] DEBUG GameApplicationServi - Removing overlay from FXGLMainMenuDummyScene and adding to FXGLLoadingScene
14:24:41.925 [JavaFX Application Thread] DEBUG PrimaryStageWindow   - FXGLMainMenuDummyScene -> FXGLLoadingScene
14:24:41.925 [JavaFX Application Thread] DEBUG GameApplicationServi - Clearing previous game
14:24:41.925 [JavaFX Application Thread] DEBUG GameScene            - Clearing game scene
14:24:41.925 [JavaFX Application Thread] DEBUG GameWorld            - Clearing game world
14:24:41.928 [JavaFX Application Thread] DEBUG PhysicsWorld         - Clearing physics world
14:24:41.928 [FXGL Background Thread 2 ] DEBUG FXGLApplication      - Initializing game
14:24:41.930 [FXGL Background Thread 2 ] INFO  FXGLApplication      - Game initialization took: 0.001 sec
14:24:41.931 [JavaFX Application Thread] DEBUG Input                - Clearing active input actions
14:24:41.936 [JavaFX Application Thread] DEBUG GameApplicationServi - Removing overlay from FXGLLoadingScene and adding to GameScene
14:24:41.936 [JavaFX Application Thread] DEBUG PrimaryStageWindow   - FXGLLoadingScene -> GameScene
14:24:41.946 [JavaFX Application Thread] DEBUG PrimaryStageWindow   - Push state: DialogSubScene
14:24:41.946 [JavaFX Application Thread] DEBUG Input                - Clearing active input actions
14:24:41.947 [JavaFX Application Thread] DEBUG GameApplicationServi - Removing overlay from GameScene and adding to DialogSubScene
14:24:41.947 [JavaFX Application Thread] DEBUG PrimaryStageWindow   - GameScene -> DialogSubScene
14:24:43.892 [JavaFX Application Thread] DEBUG PrimaryStageWindow   - Pop state: DialogSubScene
14:24:43.892 [JavaFX Application Thread] DEBUG Input                - Clearing active input actions
14:24:43.893 [JavaFX Application Thread] DEBUG GameApplicationServi - Removing overlay from DialogSubScene and adding to GameScene
14:24:43.893 [JavaFX Application Thread] DEBUG PrimaryStageWindow   - GameScene <- DialogSubScene
14:24:43.893 [JavaFX Application Thread] DEBUG LoopRunner           - Resuming loop
14:24:47.428 [JavaFX Application Thread] DEBUG PrimaryStageWindow   - Push state: FXGLDefaultMenu
14:24:47.428 [JavaFX Application Thread] DEBUG Input                - Clearing active input actions
14:24:47.428 [JavaFX Application Thread] DEBUG GameApplicationServi - Removing overlay from GameScene and adding to FXGLDefaultMenu
14:24:47.428 [JavaFX Application Thread] DEBUG PrimaryStageWindow   - GameScene -> FXGLDefaultMenu
14:24:51.306 [JavaFX Application Thread] DEBUG Menu                 - fireResume()
14:24:51.306 [JavaFX Application Thread] DEBUG PrimaryStageWindow   - Pop state: FXGLDefaultMenu
14:24:51.306 [JavaFX Application Thread] DEBUG Input                - Clearing active input actions
14:24:51.306 [JavaFX Application Thread] DEBUG GameApplicationServi - Removing overlay from FXGLDefaultMenu and adding to GameScene
14:24:51.306 [JavaFX Application Thread] DEBUG PrimaryStageWindow   - GameScene <- FXGLDefaultMenu
14:24:53.571 [JavaFX Application Thread] DEBUG PrimaryStageWindow   - Push state: DialogSubScene
14:24:53.571 [JavaFX Application Thread] DEBUG Input                - Clearing active input actions
14:24:53.571 [JavaFX Application Thread] DEBUG GameApplicationServi - Removing overlay from GameScene and adding to DialogSubScene
14:24:53.571 [JavaFX Application Thread] DEBUG PrimaryStageWindow   - GameScene -> DialogSubScene
14:24:57.901 [JavaFX Application Thread] DEBUG FXGLApplication      - Exiting FXGL
14:24:57.901 [JavaFX Application Thread] DEBUG LoopRunner           - Stopping loop
14:24:57.901 [JavaFX Application Thread] DEBUG SystemBundleService  - Saving FXGL system data
14:24:57.903 [JavaFX Application Thread] DEBUG FileSystemAccess     - Writing to: C:\Users\Karan\Documents\School\M359\Animation Project\system\fxgl.bundle
14:24:57.904 [JavaFX Application Thread] DEBUG Async                - Shutting down background threads
14:24:57.904 [JavaFX Application Thread] DEBUG PrimaryStageWindow   - Closing main window
14:24:57.915 [JavaFX Application Thread] DEBUG Logger               - Closing Logger
