14:15:02.019 [main                     ] DEBUG Logger               - Configured Logger
14:15:02.033 [main                     ] DEBUG GameApplication      - Logging settings
Title: Flappy Bird
Version: 
Width: 1600
Height: 900
Fullscreen: false
Intro: false
Profiling: false
Single step:false
App Mode: DEVELOPER
Menu Key: ESCAPE
Stage Style: DECORATED
Scene Factory: class com.almasb.fxgl.app.scene.SceneFactory

14:15:03.152 [JavaFX Application Thread] DEBUG FXGLApplication      - Initializing FXGL
14:15:03.156 [JavaFX Application Thread] INFO  Engine               - FXGL-dev-SNAPSHOT (14.03.2021 13.40) on WINDOWS (J:14.0.2 FX:15)
14:15:03.157 [JavaFX Application Thread] DEBUG Engine               - JRE Vendor Name: Oracle Corporation
14:15:03.157 [JavaFX Application Thread] DEBUG Engine               - Running on OS: Windows 10 version 10.0
14:15:03.157 [JavaFX Application Thread] DEBUG Engine               - Architecture: amd64
14:15:03.157 [JavaFX Application Thread] INFO  Engine               - Source code and latest versions at: https://github.com/AlmasB/FXGL
14:15:03.157 [JavaFX Application Thread] INFO  Engine               -              Join the FXGL chat at: https://gitter.im/AlmasB/FXGL
14:15:03.548 [JavaFX Application Thread] DEBUG PrimaryStageWindow   - Creating a JavaFX scene
14:15:03.712 [JavaFX Application Thread] DEBUG PrimaryStageWindow   - Target settings size: 1600.0 x 900.0
14:15:03.722 [JavaFX Application Thread] DEBUG PrimaryStageWindow   - Scaled scene size:    1600.0 x 900.0
14:15:03.722 [JavaFX Application Thread] DEBUG PrimaryStageWindow   - Scaled ratio: (1.0, 1.0)
14:15:03.728 [JavaFX Application Thread] DEBUG PrimaryStageWindow   - Set initial scene to FXGLStartupScene
14:15:03.738 [JavaFX Application Thread] DEBUG PrimaryStageWindow   - Opening main window
14:15:03.950 [JavaFX Application Thread] DEBUG PrimaryStageWindow   - Window border size: (16.0, 39.0)
14:15:03.950 [JavaFX Application Thread] DEBUG PrimaryStageWindow   - Scaled size: 1600.0 x 900.0
14:15:03.950 [JavaFX Application Thread] DEBUG PrimaryStageWindow   - Scaled ratio: (1.0, 1.0)
14:15:03.951 [JavaFX Application Thread] DEBUG PrimaryStageWindow   - Scene size: 1600.0 x 900.0
14:15:03.951 [JavaFX Application Thread] DEBUG PrimaryStageWindow   - Stage size: 1616.0 x 939.0
14:15:04.110 [FXGL Background Thread 1 ] DEBUG Engine               - Initializing environment variables
14:15:04.267 [FXGL Background Thread 1 ] DEBUG FXGLAssetLoaderServi - User app class for loading assets: class com.almasb.fxglgames.flappy.FlappyBirdApp
14:15:04.267 [FXGL Background Thread 1 ] DEBUG GameApplicationServi - Applying CSS: fxgl_dark.css
14:15:04.271 [FXGL Background Thread 1 ] DEBUG FXGLAssetLoaderServi - Loading from file system: jar:file:/C:/Users/Karan/.m2/repository/com/github/almasb/fxgl/dev-SNAPSHOT/fxgl-dev-20210314.134109-1706.jar!/fxglassets/ui/css/fxgl_dark.css
14:15:04.414 [FXGL Background Thread 1 ] DEBUG GameApplicationServi - Initializing application scenes
14:15:04.549 [FXGL Background Thread 1 ] DEBUG GameWorld            - Game world initialized
14:15:04.679 [FXGL Background Thread 1 ] DEBUG PhysicsWorld         - Physics world initialized: appHeight=900, physics.ppm=50.0
14:15:04.679 [FXGL Background Thread 1 ] DEBUG PhysicsWorld         - Using strategy: BRUTE_FORCE
14:15:04.683 [FXGL Background Thread 1 ] DEBUG GameScene            - Game scene initialized: 1600x900
14:15:04.806 [FXGL Background Thread 1 ] DEBUG FXGLAssetLoaderServi - Loading from file system: jar:file:/C:/Users/Karan/.m2/repository/com/github/almasb/fxgl/dev-SNAPSHOT/fxgl-dev-20210314.134109-1706.jar!/fxglassets/textures/particles/trace_horizontal.png
14:15:04.964 [FXGL Background Thread 1 ] DEBUG FXGL.DefaultMenu     - createMenuBodyMainMenu()
14:15:05.019 [FXGL Background Thread 1 ] DEBUG FXGL.DefaultMenu     - createOptionsMenu()
14:15:05.047 [FXGL Background Thread 1 ] DEBUG FXGLAssetLoaderServi - Loading from file system: jar:file:/C:/Users/Karan/.m2/repository/com/github/almasb/fxgl/dev-SNAPSHOT/fxgl-dev-20210314.134109-1706.jar!/fxglassets/textures/particles/smoke.png
14:15:05.199 [FXGL Background Thread 1 ] DEBUG FXGL.DefaultMenu     - createMenuBodyGameMenu()
14:15:05.203 [FXGL Background Thread 1 ] DEBUG FXGL.DefaultMenu     - createOptionsMenu()
14:15:05.252 [FXGL Background Thread 1 ] DEBUG GameApplicationServi - Application scenes initialized
14:15:05.287 [FXGL Background Thread 1 ] DEBUG SystemBundleService  - Loading FXGL system data
14:15:05.293 [FXGL Background Thread 1 ] DEBUG FileSystemAccess     - Reading from: C:\Users\Karan\Documents\School\M359\Animation Project\system\fxgl.bundle
14:15:05.304 [FXGL Background Thread 1 ] DEBUG SystemBundleService  - Bundle FXGL: {}
14:15:05.304 [FXGL Background Thread 1 ] DEBUG UpdaterService       - Checking for updates
14:15:05.323 [FXGL Background Thread 1 ] DEBUG FXGLApplication      - Loading default localization
14:15:05.324 [FXGL Background Thread 1 ] DEBUG FXGLAssetLoaderServi - Loading from file system: jar:file:/C:/Users/Karan/.m2/repository/com/github/almasb/fxgl/dev-SNAPSHOT/fxgl-dev-20210314.134109-1706.jar!/fxglassets/languages/english.lang
14:15:05.330 [FXGL Background Thread 4 ] DEBUG FXGLApplication      - Loading fonts
14:15:05.331 [FXGL Background Thread 4 ] DEBUG FXGLAssetLoaderServi - Loading from file system: jar:file:/C:/Users/Karan/.m2/repository/com/github/almasb/fxgl/dev-SNAPSHOT/fxgl-dev-20210314.134109-1706.jar!/fxglassets/ui/fonts/VarelaRound-Regular.ttf
14:15:05.353 [FXGL Background Thread 1 ] INFO  FXGLApplication      - FXGL initialization took: 1.243 sec
14:15:05.376 [JavaFX Application Thread] DEBUG Input                - Registered new binding: Jump - Up
14:15:05.377 [JavaFX Application Thread] DEBUG FXGLAssetLoaderServi - Loading from file system: file:/C:/Users/Karan/Documents/School/M359/Animation%20Project/target/classes/assets/music/bgm.mp3
14:15:05.489 [FXGL Background Thread 4 ] DEBUG FXGLAssetLoaderServi - Loading from file system: jar:file:/C:/Users/Karan/.m2/repository/com/github/almasb/fxgl/dev-SNAPSHOT/fxgl-dev-20210314.134109-1706.jar!/fxglassets/ui/fonts/Abel-Regular.ttf
14:15:05.496 [FXGL Background Thread 4 ] DEBUG FXGLAssetLoaderServi - Loading from file system: jar:file:/C:/Users/Karan/.m2/repository/com/github/almasb/fxgl/dev-SNAPSHOT/fxgl-dev-20210314.134109-1706.jar!/fxglassets/ui/fonts/lucida_console.ttf
14:15:05.509 [FXGL Background Thread 4 ] DEBUG FXGLAssetLoaderServi - Loading from file system: jar:file:/C:/Users/Karan/.m2/repository/com/github/almasb/fxgl/dev-SNAPSHOT/fxgl-dev-20210314.134109-1706.jar!/fxglassets/ui/fonts/Courier-Prime.ttf
14:15:05.777 [JavaFX Application Thread] DEBUG AudioPlayer          - Playing music com.almasb.fxgl.audio.Music@4f1e1ba2
14:15:05.780 [JavaFX Application Thread] DEBUG FXGLAssetLoaderServi - Loading from file system: jar:file:/C:/Users/Karan/.m2/repository/com/github/almasb/fxgl/dev-SNAPSHOT/fxgl-dev-20210314.134109-1706.jar!/fxglassets/textures/fxgl_icon.png
14:15:05.829 [JavaFX Application Thread] DEBUG FXGLAssetLoaderServi - Loading from file system: jar:file:/C:/Users/Karan/.m2/repository/com/github/almasb/fxgl/dev-SNAPSHOT/fxgl-dev-20210314.134109-1706.jar!/fxglassets/ui/cursors/fxgl_default.png
14:15:05.831 [JavaFX Application Thread] DEBUG Input                - Registered new binding: Screenshot - P
14:15:05.831 [JavaFX Application Thread] DEBUG Input                - Registered new binding: System info dump - CTRL+9
14:15:05.832 [JavaFX Application Thread] DEBUG Input                - Registered new binding: Restart - CTRL+R
14:15:05.832 [JavaFX Application Thread] DEBUG Input                - Registered new binding: Toggle Debug Camera - CTRL+C
14:15:05.836 [JavaFX Application Thread] DEBUG LoopRunner           - Starting loop
14:15:05.836 [JavaFX Application Thread] DEBUG LoopRunner           - Initializing JavaFX AnimationTimerLoop
14:15:05.840 [JavaFX Application Thread] DEBUG Input                - Clearing active input actions
14:15:05.850 [JavaFX Application Thread] DEBUG GameApplicationServi - Removing overlay from FXGLStartupScene and adding to FXGLMainMenuDummyScene
14:15:05.851 [JavaFX Application Thread] DEBUG PrimaryStageWindow   - FXGLStartupScene -> FXGLMainMenuDummyScene
14:15:05.852 [JavaFX Application Thread] DEBUG PrimaryStageWindow   - Push state: FXGLDefaultMenu
14:15:05.866 [JavaFX Application Thread] DEBUG Input                - Clearing active input actions
14:15:05.917 [JavaFX Application Thread] DEBUG GameApplicationServi - Removing overlay from FXGLMainMenuDummyScene and adding to FXGLDefaultMenu
14:15:05.918 [JavaFX Application Thread] DEBUG PrimaryStageWindow   - FXGLMainMenuDummyScene -> FXGLDefaultMenu
14:15:05.970 [JavaFX Application Thread] DEBUG FXGLApplication      - Registering font factories with UI factory
14:15:06.105 [FXGL Background Thread 2 ] INFO  UpdaterService       - Your current version:  dev-SNAPSHOT
14:15:06.105 [FXGL Background Thread 2 ] INFO  UpdaterService       - Latest stable version: 11.14
14:15:07.351 [JavaFX Application Thread] DEBUG Menu                 - fireNewGame()
14:15:07.351 [JavaFX Application Thread] DEBUG GameApplicationServi - Starting new game
14:15:07.356 [JavaFX Application Thread] DEBUG PrimaryStageWindow   - Pop state: FXGLDefaultMenu
14:15:07.357 [JavaFX Application Thread] DEBUG Input                - Clearing active input actions
14:15:07.357 [JavaFX Application Thread] DEBUG GameApplicationServi - Removing overlay from FXGLDefaultMenu and adding to FXGLMainMenuDummyScene
14:15:07.358 [JavaFX Application Thread] DEBUG PrimaryStageWindow   - FXGLMainMenuDummyScene <- FXGLDefaultMenu
14:15:07.358 [JavaFX Application Thread] DEBUG Input                - Clearing active input actions
14:15:07.369 [JavaFX Application Thread] DEBUG GameApplicationServi - Removing overlay from FXGLMainMenuDummyScene and adding to FXGLLoadingScene
14:15:07.370 [JavaFX Application Thread] DEBUG PrimaryStageWindow   - FXGLMainMenuDummyScene -> FXGLLoadingScene
14:15:07.370 [JavaFX Application Thread] DEBUG GameApplicationServi - Clearing previous game
14:15:07.370 [JavaFX Application Thread] DEBUG GameScene            - Clearing game scene
14:15:07.370 [JavaFX Application Thread] DEBUG GameWorld            - Clearing game world
14:15:07.371 [JavaFX Application Thread] DEBUG PhysicsWorld         - Clearing physics world
14:15:07.376 [FXGL Background Thread 2 ] DEBUG FXGLApplication      - Initializing game
14:15:07.391 [FXGL Background Thread 2 ] DEBUG FXGLAssetLoaderServi - Loading from file system: file:/C:/Users/Karan/Documents/School/M359/Animation%20Project/target/classes/assets/textures/bird.png
14:15:07.415 [FXGL Background Thread 2 ] DEBUG FXGLAssetLoaderServi - Loading from file system: file:/C:/Users/Karan/Documents/School/M359/Animation%20Project/target/classes/assets/textures/life.png
14:15:07.546 [FXGL Background Thread 2 ] INFO  FXGLApplication      - Game initialization took: 0.169 sec
14:15:07.549 [JavaFX Application Thread] DEBUG Input                - Clearing active input actions
14:15:07.562 [JavaFX Application Thread] DEBUG GameApplicationServi - Removing overlay from FXGLLoadingScene and adding to GameScene
14:15:07.565 [JavaFX Application Thread] DEBUG PrimaryStageWindow   - FXGLLoadingScene -> GameScene
14:15:07.572 [JavaFX Application Thread] DEBUG FXGLAssetLoaderServi - Loading from file system: file:/C:/Users/Karan/Documents/School/M359/Animation%20Project/target/classes/assets/textures/slow.png
14:15:07.597 [JavaFX Application Thread] DEBUG FXGLAssetLoaderServi - Loading from file system: file:/C:/Users/Karan/Documents/School/M359/Animation%20Project/target/classes/assets/textures/finish.jpg
14:15:07.628 [JavaFX Application Thread] DEBUG PrimaryStageWindow   - Push state: DialogSubScene
14:15:07.628 [JavaFX Application Thread] DEBUG Input                - Clearing active input actions
14:15:07.632 [JavaFX Application Thread] DEBUG GameApplicationServi - Removing overlay from GameScene and adding to DialogSubScene
14:15:07.632 [JavaFX Application Thread] DEBUG PrimaryStageWindow   - GameScene -> DialogSubScene
14:15:08.311 [FXGL Background Thread 3 ] DEBUG Engine               - Logging environment variables
14:15:08.311 [FXGL Background Thread 3 ] DEBUG Engine               - achievements: []
14:15:08.312 [FXGL Background Thread 3 ] DEBUG Engine               - actualHeight: 900.0
14:15:08.312 [FXGL Background Thread 3 ] DEBUG Engine               - actualHeightProperty: ReadOnlyDoubleProperty [value: 900.0]
14:15:08.312 [FXGL Background Thread 3 ] DEBUG Engine               - actualWidth: 1600.0
14:15:08.312 [FXGL Background Thread 3 ] DEBUG Engine               - actualWidthProperty: ReadOnlyDoubleProperty [value: 1600.0]
14:15:08.312 [FXGL Background Thread 3 ] DEBUG Engine               - appIcon: fxgl_icon.png
14:15:08.312 [FXGL Background Thread 3 ] DEBUG Engine               - applicationMode: DEVELOPER
14:15:08.312 [FXGL Background Thread 3 ] DEBUG Engine               - cSSList: [fxgl_dark.css]
14:15:08.312 [FXGL Background Thread 3 ] DEBUG Engine               - collisionDetectionStrategy: BRUTE_FORCE
14:15:08.313 [FXGL Background Thread 3 ] DEBUG Engine               - configClass: Optional.empty
14:15:08.313 [FXGL Background Thread 3 ] DEBUG Engine               - credits: []
14:15:08.313 [FXGL Background Thread 3 ] DEBUG Engine               - devBBoxColorProperty: ObjectProperty [value: 0xff0000ff]
14:15:08.313 [FXGL Background Thread 3 ] DEBUG Engine               - devEnableDebugCameraProperty: BooleanProperty [value: false]
14:15:08.313 [FXGL Background Thread 3 ] DEBUG Engine               - devSensorColorProperty: ObjectProperty [value: 0xffff00ff]
14:15:08.313 [FXGL Background Thread 3 ] DEBUG Engine               - devShowBBoxProperty: BooleanProperty [value: false]
14:15:08.313 [FXGL Background Thread 3 ] DEBUG Engine               - devShowPositionProperty: BooleanProperty [value: false]
14:15:08.313 [FXGL Background Thread 3 ] DEBUG Engine               - enabledMenuItems: []
14:15:08.313 [FXGL Background Thread 3 ] DEBUG Engine               - engineServices: [class com.almasb.fxgl.app.services.FXGLAssetLoaderService, class com.almasb.fxgl.app.FXGLApplication$GameApplicationService, class com.almasb.fxgl.app.services.FXGLDialogService, class com.almasb.fxgl.app.services.IOTaskExecutorService, class com.almasb.fxgl.event.EventBusService, class com.almasb.fxgl.io.FileSystemService, class com.almasb.fxgl.localization.LocalizationService, class com.almasb.fxgl.app.services.SystemBundleService, class com.almasb.fxgl.profile.SaveLoadService, class com.almasb.fxgl.ui.FXGLUIFactoryServiceProvider, class com.almasb.fxgl.ui.FXGLDialogFactoryServiceProvider, class com.almasb.fxgl.audio.AudioPlayer, class com.almasb.fxgl.notification.impl.NotificationServiceProvider, class com.almasb.fxgl.achievement.AchievementService, class com.almasb.fxgl.cutscene.CutsceneService, class com.almasb.fxgl.minigames.MiniGameService, class com.almasb.fxgl.net.NetService, class com.almasb.fxgl.app.services.UpdaterService, class com.almasb.fxgl.dev.DevService]
14:15:08.314 [FXGL Background Thread 3 ] DEBUG Engine               - fontGame: Abel-Regular.ttf
14:15:08.314 [FXGL Background Thread 3 ] DEBUG Engine               - fontMono: lucida_console.ttf
14:15:08.314 [FXGL Background Thread 3 ] DEBUG Engine               - fontText: Courier-Prime.ttf
14:15:08.314 [FXGL Background Thread 3 ] DEBUG Engine               - fontUI: VarelaRound-Regular.ttf
14:15:08.314 [FXGL Background Thread 3 ] DEBUG Engine               - fullScreen: BooleanProperty [value: false]
14:15:08.314 [FXGL Background Thread 3 ] DEBUG Engine               - gameDifficulty: MEDIUM
14:15:08.314 [FXGL Background Thread 3 ] DEBUG Engine               - gameDifficultyProperty: ObjectProperty [value: MEDIUM]
14:15:08.314 [FXGL Background Thread 3 ] DEBUG Engine               - globalMusicVolume: 0.5
14:15:08.314 [FXGL Background Thread 3 ] DEBUG Engine               - globalMusicVolumeProperty: DoubleProperty [value: 0.5]
14:15:08.314 [FXGL Background Thread 3 ] DEBUG Engine               - globalSoundVolume: 0.5
14:15:08.314 [FXGL Background Thread 3 ] DEBUG Engine               - globalSoundVolumeProperty: DoubleProperty [value: 0.5]
14:15:08.314 [FXGL Background Thread 3 ] DEBUG Engine               - height: 900
14:15:08.314 [FXGL Background Thread 3 ] DEBUG Engine               - isAndroid: false
14:15:08.315 [FXGL Background Thread 3 ] DEBUG Engine               - isBrowser: false
14:15:08.315 [FXGL Background Thread 3 ] DEBUG Engine               - isClickFeedbackEnabled: false
14:15:08.315 [FXGL Background Thread 3 ] DEBUG Engine               - isCloseConfirmation: false
14:15:08.315 [FXGL Background Thread 3 ] DEBUG Engine               - isDesktop: true
14:15:08.315 [FXGL Background Thread 3 ] DEBUG Engine               - isDeveloperMenuEnabled: false
14:15:08.315 [FXGL Background Thread 3 ] DEBUG Engine               - isEntityPreloadEnabled: true
14:15:08.316 [FXGL Background Thread 3 ] DEBUG Engine               - isExperimental3D: false
14:15:08.316 [FXGL Background Thread 3 ] DEBUG Engine               - isExperimentalNative: false
14:15:08.316 [FXGL Background Thread 3 ] DEBUG Engine               - isExperimentalTiledLargeMap: false
14:15:08.316 [FXGL Background Thread 3 ] DEBUG Engine               - isFileSystemWriteAllowed: true
14:15:08.316 [FXGL Background Thread 3 ] DEBUG Engine               - isFullScreenAllowed: false
14:15:08.316 [FXGL Background Thread 3 ] DEBUG Engine               - isFullScreenFromStart: false
14:15:08.316 [FXGL Background Thread 3 ] DEBUG Engine               - isGameMenuEnabled: true
14:15:08.316 [FXGL Background Thread 3 ] DEBUG Engine               - isIOS: false
14:15:08.316 [FXGL Background Thread 3 ] DEBUG Engine               - isIntroEnabled: false
14:15:08.316 [FXGL Background Thread 3 ] DEBUG Engine               - isLinux: false
14:15:08.316 [FXGL Background Thread 3 ] DEBUG Engine               - isMac: false
14:15:08.316 [FXGL Background Thread 3 ] DEBUG Engine               - isMainMenuEnabled: true
14:15:08.316 [FXGL Background Thread 3 ] DEBUG Engine               - isManualResizeEnabled: false
14:15:08.316 [FXGL Background Thread 3 ] DEBUG Engine               - isMobile: false
14:15:08.316 [FXGL Background Thread 3 ] DEBUG Engine               - isPreserveResizeRatio: false
14:15:08.316 [FXGL Background Thread 3 ] DEBUG Engine               - isProfilingEnabled: false
14:15:08.316 [FXGL Background Thread 3 ] DEBUG Engine               - isScaleAffectedOnResize: true
14:15:08.317 [FXGL Background Thread 3 ] DEBUG Engine               - isSingleStep: false
14:15:08.317 [FXGL Background Thread 3 ] DEBUG Engine               - isUserProfileEnabled: false
14:15:08.317 [FXGL Background Thread 3 ] DEBUG Engine               - isWindows: true
14:15:08.317 [FXGL Background Thread 3 ] DEBUG Engine               - language: ObjectProperty [value: ENGLISH]
14:15:08.317 [FXGL Background Thread 3 ] DEBUG Engine               - menuKey: ESCAPE
14:15:08.317 [FXGL Background Thread 3 ] DEBUG Engine               - notificationViewClass: class com.almasb.fxgl.notification.view.XboxNotificationView
14:15:08.317 [FXGL Background Thread 3 ] DEBUG Engine               - pixelsPerMeter: 50.0
14:15:08.317 [FXGL Background Thread 3 ] DEBUG Engine               - platform: WINDOWS
14:15:08.317 [FXGL Background Thread 3 ] DEBUG Engine               - prefHeightProperty: ReadOnlyDoubleProperty [value: 900.0]
14:15:08.317 [FXGL Background Thread 3 ] DEBUG Engine               - prefWidthProperty: ReadOnlyDoubleProperty [value: 1600.0]
14:15:08.317 [FXGL Background Thread 3 ] DEBUG Engine               - profileDir: profiles/
14:15:08.317 [FXGL Background Thread 3 ] DEBUG Engine               - profileName: StringProperty [value: DEFAULT]
14:15:08.317 [FXGL Background Thread 3 ] DEBUG Engine               - randomSeed: -1
14:15:08.317 [FXGL Background Thread 3 ] DEBUG Engine               - runtimeInfo: RuntimeInfo(platform=WINDOWS, version=dev-SNAPSHOT, build=14.03.2021 13.40)
14:15:08.317 [FXGL Background Thread 3 ] DEBUG Engine               - saveFileExt: sav
14:15:08.317 [FXGL Background Thread 3 ] DEBUG Engine               - scaledHeightProp$fxgl: DoubleProperty [bound, value: 900.0]
14:15:08.318 [FXGL Background Thread 3 ] DEBUG Engine               - scaledWidthProp$fxgl: DoubleProperty [bound, value: 1600.0]
14:15:08.318 [FXGL Background Thread 3 ] DEBUG Engine               - sceneFactory: com.almasb.fxgl.app.scene.SceneFactory@1541cb0d
14:15:08.318 [FXGL Background Thread 3 ] DEBUG Engine               - secondsIn24h: 60
14:15:08.318 [FXGL Background Thread 3 ] DEBUG Engine               - soundMenuBack: menu/back.wav
14:15:08.318 [FXGL Background Thread 3 ] DEBUG Engine               - soundMenuPress: menu/press.wav
14:15:08.318 [FXGL Background Thread 3 ] DEBUG Engine               - soundMenuSelect: menu/select.wav
14:15:08.318 [FXGL Background Thread 3 ] DEBUG Engine               - soundNotification: core/notification.wav
14:15:08.318 [FXGL Background Thread 3 ] DEBUG Engine               - stageStyle: DECORATED
14:15:08.318 [FXGL Background Thread 3 ] DEBUG Engine               - supportedLanguages: [ENGLISH, FRENCH, GERMAN, HUNGARIAN, RUSSIAN]
14:15:08.318 [FXGL Background Thread 3 ] DEBUG Engine               - ticksPerSecond: -1
14:15:08.318 [FXGL Background Thread 3 ] DEBUG Engine               - title: Flappy Bird
14:15:08.318 [FXGL Background Thread 3 ] DEBUG Engine               - urlGithub: https://github.com/AlmasB/FXGL
14:15:08.318 [FXGL Background Thread 3 ] DEBUG Engine               - urlLeaderboard: http://fxgl-top.herokuapp.com/
14:15:08.318 [FXGL Background Thread 3 ] DEBUG Engine               - urlPOM: https://raw.githubusercontent.com/AlmasB/FXGL/release/README.md
14:15:08.318 [FXGL Background Thread 3 ] DEBUG Engine               - userAppClass: class com.almasb.fxglgames.flappy.FlappyBirdApp
14:15:08.318 [FXGL Background Thread 3 ] DEBUG Engine               - version: 
14:15:08.318 [FXGL Background Thread 3 ] DEBUG Engine               - versionCheckDays: 7
14:15:08.318 [FXGL Background Thread 3 ] DEBUG Engine               - width: 1600
14:15:08.319 [FXGL Background Thread 3 ] DEBUG Engine               - Logging services
14:15:08.319 [FXGL Background Thread 3 ] DEBUG Engine               - class com.almasb.fxgl.app.services.FXGLAssetLoaderService
14:15:08.319 [FXGL Background Thread 3 ] DEBUG Engine               - class com.almasb.fxgl.app.FXGLApplication$GameApplicationService
14:15:08.319 [FXGL Background Thread 3 ] DEBUG Engine               - class com.almasb.fxgl.app.services.FXGLDialogService
14:15:08.319 [FXGL Background Thread 3 ] DEBUG Engine               - class com.almasb.fxgl.app.services.IOTaskExecutorService
14:15:08.319 [FXGL Background Thread 3 ] DEBUG Engine               - class com.almasb.fxgl.event.EventBusService
14:15:08.319 [FXGL Background Thread 3 ] DEBUG Engine               - class com.almasb.fxgl.io.FileSystemService
14:15:08.319 [FXGL Background Thread 3 ] DEBUG Engine               - class com.almasb.fxgl.localization.LocalizationService
14:15:08.319 [FXGL Background Thread 3 ] DEBUG Engine               - class com.almasb.fxgl.app.services.SystemBundleService
14:15:08.319 [FXGL Background Thread 3 ] DEBUG Engine               - class com.almasb.fxgl.profile.SaveLoadService
14:15:08.319 [FXGL Background Thread 3 ] DEBUG Engine               - class com.almasb.fxgl.ui.FXGLUIFactoryServiceProvider
14:15:08.319 [FXGL Background Thread 3 ] DEBUG Engine               - class com.almasb.fxgl.ui.FXGLDialogFactoryServiceProvider
14:15:08.319 [FXGL Background Thread 3 ] DEBUG Engine               - class com.almasb.fxgl.audio.AudioPlayer
14:15:08.319 [FXGL Background Thread 3 ] DEBUG Engine               - class com.almasb.fxgl.notification.impl.NotificationServiceProvider
14:15:08.319 [FXGL Background Thread 3 ] DEBUG Engine               - class com.almasb.fxgl.achievement.AchievementService
14:15:08.319 [FXGL Background Thread 3 ] DEBUG Engine               - class com.almasb.fxgl.cutscene.CutsceneService
14:15:08.320 [FXGL Background Thread 3 ] DEBUG Engine               - class com.almasb.fxgl.minigames.MiniGameService
14:15:08.320 [FXGL Background Thread 3 ] DEBUG Engine               - class com.almasb.fxgl.net.NetService
14:15:08.320 [FXGL Background Thread 3 ] DEBUG Engine               - class com.almasb.fxgl.app.services.UpdaterService
14:15:08.320 [FXGL Background Thread 3 ] DEBUG Engine               - class com.almasb.fxgl.dev.DevService
14:15:09.677 [JavaFX Application Thread] DEBUG PrimaryStageWindow   - Pop state: DialogSubScene
14:15:09.677 [JavaFX Application Thread] DEBUG Input                - Clearing active input actions
14:15:09.678 [JavaFX Application Thread] DEBUG GameApplicationServi - Removing overlay from DialogSubScene and adding to GameScene
14:15:09.679 [JavaFX Application Thread] DEBUG PrimaryStageWindow   - GameScene <- DialogSubScene
14:15:09.679 [JavaFX Application Thread] DEBUG LoopRunner           - Resuming loop
14:15:10.210 [JavaFX Application Thread] DEBUG FXGLAssetLoaderServi - Loading from file system: file:/C:/Users/Karan/Documents/School/M359/Animation%20Project/target/classes/assets/sounds/jump.wav
14:15:15.435 [JavaFX Application Thread] DEBUG FXGLApplication      - Exiting FXGL
14:15:15.435 [JavaFX Application Thread] DEBUG LoopRunner           - Stopping loop
14:15:15.435 [JavaFX Application Thread] DEBUG SystemBundleService  - Saving FXGL system data
14:15:15.437 [JavaFX Application Thread] DEBUG FileSystemAccess     - Writing to: C:\Users\Karan\Documents\School\M359\Animation Project\system\fxgl.bundle
14:15:15.441 [JavaFX Application Thread] DEBUG Async                - Shutting down background threads
14:15:15.442 [JavaFX Application Thread] DEBUG PrimaryStageWindow   - Closing main window
14:15:15.456 [JavaFX Application Thread] DEBUG Logger               - Closing Logger
