13:54:28.075 [main                     ] DEBUG Logger               - Configured Logger
13:54:28.084 [main                     ] DEBUG GameApplication      - Logging settings
Title: Flappy Bird
Version: 
Width: 1600
Height: 900
Fullscreen: false
Intro: false
Profiling: false
Single step:false
App Mode: DEVELOPER
Menu Key: ESCAPE
Stage Style: DECORATED
Scene Factory: class com.almasb.fxgl.app.scene.SceneFactory

13:54:28.704 [JavaFX Application Thread] DEBUG FXGLApplication      - Initializing FXGL
13:54:28.707 [JavaFX Application Thread] INFO  Engine               - FXGL-dev-SNAPSHOT (14.03.2021 13.40) on WINDOWS (J:14.0.2 FX:15)
13:54:28.707 [JavaFX Application Thread] DEBUG Engine               - JRE Vendor Name: Oracle Corporation
13:54:28.707 [JavaFX Application Thread] DEBUG Engine               - Running on OS: Windows 10 version 10.0
13:54:28.707 [JavaFX Application Thread] DEBUG Engine               - Architecture: amd64
13:54:28.707 [JavaFX Application Thread] INFO  Engine               - Source code and latest versions at: https://github.com/AlmasB/FXGL
13:54:28.708 [JavaFX Application Thread] INFO  Engine               -              Join the FXGL chat at: https://gitter.im/AlmasB/FXGL
13:54:28.930 [JavaFX Application Thread] DEBUG PrimaryStageWindow   - Creating a JavaFX scene
13:54:29.016 [JavaFX Application Thread] DEBUG PrimaryStageWindow   - Target settings size: 1600.0 x 900.0
13:54:29.017 [JavaFX Application Thread] DEBUG PrimaryStageWindow   - Scaled scene size:    1600.0 x 900.0
13:54:29.017 [JavaFX Application Thread] DEBUG PrimaryStageWindow   - Scaled ratio: (1.0, 1.0)
13:54:29.018 [JavaFX Application Thread] DEBUG PrimaryStageWindow   - Set initial scene to FXGLStartupScene
13:54:29.029 [JavaFX Application Thread] DEBUG PrimaryStageWindow   - Opening main window
13:54:29.157 [JavaFX Application Thread] DEBUG PrimaryStageWindow   - Window border size: (16.0, 39.0)
13:54:29.157 [JavaFX Application Thread] DEBUG PrimaryStageWindow   - Scaled size: 1600.0 x 900.0
13:54:29.157 [JavaFX Application Thread] DEBUG PrimaryStageWindow   - Scaled ratio: (1.0, 1.0)
13:54:29.157 [JavaFX Application Thread] DEBUG PrimaryStageWindow   - Scene size: 1600.0 x 900.0
13:54:29.157 [JavaFX Application Thread] DEBUG PrimaryStageWindow   - Stage size: 1616.0 x 939.0
13:54:29.347 [FXGL Background Thread 1 ] DEBUG Engine               - Initializing environment variables
13:54:29.435 [FXGL Background Thread 1 ] DEBUG FXGLAssetLoaderServi - User app class for loading assets: class com.almasb.fxglgames.flappy.FlappyBirdApp
13:54:29.436 [FXGL Background Thread 1 ] DEBUG GameApplicationServi - Applying CSS: fxgl_dark.css
13:54:29.437 [FXGL Background Thread 1 ] DEBUG FXGLAssetLoaderServi - Loading from file system: jar:file:/C:/Users/Karan/.m2/repository/com/github/almasb/fxgl/dev-SNAPSHOT/fxgl-dev-20210314.134109-1706.jar!/fxglassets/ui/css/fxgl_dark.css
13:54:29.558 [FXGL Background Thread 1 ] DEBUG GameApplicationServi - Initializing application scenes
13:54:29.659 [FXGL Background Thread 1 ] DEBUG GameWorld            - Game world initialized
13:54:29.744 [FXGL Background Thread 1 ] DEBUG PhysicsWorld         - Physics world initialized: appHeight=900, physics.ppm=50.0
13:54:29.745 [FXGL Background Thread 1 ] DEBUG PhysicsWorld         - Using strategy: BRUTE_FORCE
13:54:29.748 [FXGL Background Thread 1 ] DEBUG GameScene            - Game scene initialized: 1600x900
13:54:29.795 [FXGL Background Thread 1 ] DEBUG FXGLAssetLoaderServi - Loading from file system: jar:file:/C:/Users/Karan/.m2/repository/com/github/almasb/fxgl/dev-SNAPSHOT/fxgl-dev-20210314.134109-1706.jar!/fxglassets/textures/particles/trace_horizontal.png
13:54:29.868 [FXGL Background Thread 1 ] DEBUG FXGL.DefaultMenu     - createMenuBodyMainMenu()
13:54:29.892 [FXGL Background Thread 1 ] DEBUG FXGL.DefaultMenu     - createOptionsMenu()
13:54:29.901 [FXGL Background Thread 1 ] DEBUG FXGLAssetLoaderServi - Loading from file system: jar:file:/C:/Users/Karan/.m2/repository/com/github/almasb/fxgl/dev-SNAPSHOT/fxgl-dev-20210314.134109-1706.jar!/fxglassets/textures/particles/smoke.png
13:54:29.994 [FXGL Background Thread 1 ] DEBUG FXGL.DefaultMenu     - createMenuBodyGameMenu()
13:54:29.996 [FXGL Background Thread 1 ] DEBUG FXGL.DefaultMenu     - createOptionsMenu()
13:54:30.014 [FXGL Background Thread 1 ] DEBUG GameApplicationServi - Application scenes initialized
13:54:30.028 [FXGL Background Thread 1 ] DEBUG SystemBundleService  - Loading FXGL system data
13:54:30.036 [FXGL Background Thread 1 ] DEBUG FileSystemAccess     - Reading from: C:\Users\Karan\Documents\School\M359\Animation Project\system\fxgl.bundle
13:54:30.048 [FXGL Background Thread 1 ] DEBUG SystemBundleService  - Bundle FXGL: {}
13:54:30.048 [FXGL Background Thread 1 ] DEBUG UpdaterService       - Checking for updates
13:54:30.055 [FXGL Background Thread 1 ] DEBUG FXGLApplication      - Loading default localization
13:54:30.056 [FXGL Background Thread 1 ] DEBUG FXGLAssetLoaderServi - Loading from file system: jar:file:/C:/Users/Karan/.m2/repository/com/github/almasb/fxgl/dev-SNAPSHOT/fxgl-dev-20210314.134109-1706.jar!/fxglassets/languages/english.lang
13:54:30.075 [FXGL Background Thread 4 ] DEBUG FXGLApplication      - Loading fonts
13:54:30.078 [FXGL Background Thread 4 ] DEBUG FXGLAssetLoaderServi - Loading from file system: jar:file:/C:/Users/Karan/.m2/repository/com/github/almasb/fxgl/dev-SNAPSHOT/fxgl-dev-20210314.134109-1706.jar!/fxglassets/ui/fonts/VarelaRound-Regular.ttf
13:54:30.079 [FXGL Background Thread 1 ] INFO  FXGLApplication      - FXGL initialization took: 0.731 sec
13:54:30.092 [JavaFX Application Thread] DEBUG Input                - Registered new binding: Jump - Up
13:54:30.092 [JavaFX Application Thread] DEBUG FXGLAssetLoaderServi - Loading from file system: file:/C:/Users/Karan/Documents/School/M359/Animation%20Project/target/classes/assets/music/bgm.mp3
13:54:30.192 [FXGL Background Thread 4 ] DEBUG FXGLAssetLoaderServi - Loading from file system: jar:file:/C:/Users/Karan/.m2/repository/com/github/almasb/fxgl/dev-SNAPSHOT/fxgl-dev-20210314.134109-1706.jar!/fxglassets/ui/fonts/Abel-Regular.ttf
13:54:30.197 [FXGL Background Thread 4 ] DEBUG FXGLAssetLoaderServi - Loading from file system: jar:file:/C:/Users/Karan/.m2/repository/com/github/almasb/fxgl/dev-SNAPSHOT/fxgl-dev-20210314.134109-1706.jar!/fxglassets/ui/fonts/lucida_console.ttf
13:54:30.217 [FXGL Background Thread 4 ] DEBUG FXGLAssetLoaderServi - Loading from file system: jar:file:/C:/Users/Karan/.m2/repository/com/github/almasb/fxgl/dev-SNAPSHOT/fxgl-dev-20210314.134109-1706.jar!/fxglassets/ui/fonts/Courier-Prime.ttf
13:54:30.352 [JavaFX Application Thread] DEBUG AudioPlayer          - Playing music com.almasb.fxgl.audio.Music@14c75f07
13:54:30.364 [JavaFX Application Thread] DEBUG FXGLAssetLoaderServi - Loading from file system: jar:file:/C:/Users/Karan/.m2/repository/com/github/almasb/fxgl/dev-SNAPSHOT/fxgl-dev-20210314.134109-1706.jar!/fxglassets/textures/fxgl_icon.png
13:54:30.394 [JavaFX Application Thread] DEBUG FXGLAssetLoaderServi - Loading from file system: jar:file:/C:/Users/Karan/.m2/repository/com/github/almasb/fxgl/dev-SNAPSHOT/fxgl-dev-20210314.134109-1706.jar!/fxglassets/ui/cursors/fxgl_default.png
13:54:30.396 [JavaFX Application Thread] DEBUG Input                - Registered new binding: Screenshot - P
13:54:30.397 [JavaFX Application Thread] DEBUG Input                - Registered new binding: System info dump - CTRL+9
13:54:30.397 [JavaFX Application Thread] DEBUG Input                - Registered new binding: Restart - CTRL+R
13:54:30.398 [JavaFX Application Thread] DEBUG Input                - Registered new binding: Toggle Debug Camera - CTRL+C
13:54:30.405 [JavaFX Application Thread] DEBUG LoopRunner           - Starting loop
13:54:30.405 [JavaFX Application Thread] DEBUG LoopRunner           - Initializing JavaFX AnimationTimerLoop
13:54:30.409 [JavaFX Application Thread] DEBUG Input                - Clearing active input actions
13:54:30.422 [JavaFX Application Thread] DEBUG GameApplicationServi - Removing overlay from FXGLStartupScene and adding to FXGLMainMenuDummyScene
13:54:30.422 [JavaFX Application Thread] DEBUG PrimaryStageWindow   - FXGLStartupScene -> FXGLMainMenuDummyScene
13:54:30.423 [JavaFX Application Thread] DEBUG PrimaryStageWindow   - Push state: FXGLDefaultMenu
13:54:30.427 [JavaFX Application Thread] DEBUG Input                - Clearing active input actions
13:54:30.463 [JavaFX Application Thread] DEBUG GameApplicationServi - Removing overlay from FXGLMainMenuDummyScene and adding to FXGLDefaultMenu
13:54:30.464 [JavaFX Application Thread] DEBUG PrimaryStageWindow   - FXGLMainMenuDummyScene -> FXGLDefaultMenu
13:54:30.475 [JavaFX Application Thread] DEBUG FXGLApplication      - Registering font factories with UI factory
13:54:30.934 [FXGL Background Thread 2 ] INFO  UpdaterService       - Your current version:  dev-SNAPSHOT
13:54:30.934 [FXGL Background Thread 2 ] INFO  UpdaterService       - Latest stable version: 11.14
13:54:31.281 [JavaFX Application Thread] DEBUG Menu                 - fireNewGame()
13:54:31.281 [JavaFX Application Thread] DEBUG GameApplicationServi - Starting new game
13:54:31.286 [JavaFX Application Thread] DEBUG PrimaryStageWindow   - Pop state: FXGLDefaultMenu
13:54:31.286 [JavaFX Application Thread] DEBUG Input                - Clearing active input actions
13:54:31.287 [JavaFX Application Thread] DEBUG GameApplicationServi - Removing overlay from FXGLDefaultMenu and adding to FXGLMainMenuDummyScene
13:54:31.287 [JavaFX Application Thread] DEBUG PrimaryStageWindow   - FXGLMainMenuDummyScene <- FXGLDefaultMenu
13:54:31.287 [JavaFX Application Thread] DEBUG Input                - Clearing active input actions
13:54:31.294 [JavaFX Application Thread] DEBUG GameApplicationServi - Removing overlay from FXGLMainMenuDummyScene and adding to FXGLLoadingScene
13:54:31.294 [JavaFX Application Thread] DEBUG PrimaryStageWindow   - FXGLMainMenuDummyScene -> FXGLLoadingScene
13:54:31.294 [JavaFX Application Thread] DEBUG GameApplicationServi - Clearing previous game
13:54:31.295 [JavaFX Application Thread] DEBUG GameScene            - Clearing game scene
13:54:31.295 [JavaFX Application Thread] DEBUG GameWorld            - Clearing game world
13:54:31.295 [JavaFX Application Thread] DEBUG PhysicsWorld         - Clearing physics world
13:54:31.297 [FXGL Background Thread 2 ] DEBUG FXGLApplication      - Initializing game
13:54:31.310 [FXGL Background Thread 2 ] DEBUG FXGLAssetLoaderServi - Loading from file system: file:/C:/Users/Karan/Documents/School/M359/Animation%20Project/target/classes/assets/textures/bird.png
13:54:31.326 [FXGL Background Thread 2 ] DEBUG FXGLAssetLoaderServi - Loading from file system: file:/C:/Users/Karan/Documents/School/M359/Animation%20Project/target/classes/assets/textures/life.png
13:54:31.396 [FXGL Background Thread 2 ] INFO  FXGLApplication      - Game initialization took: 0.099 sec
13:54:31.404 [JavaFX Application Thread] DEBUG Input                - Clearing active input actions
13:54:31.415 [JavaFX Application Thread] DEBUG GameApplicationServi - Removing overlay from FXGLLoadingScene and adding to GameScene
13:54:31.415 [JavaFX Application Thread] DEBUG PrimaryStageWindow   - FXGLLoadingScene -> GameScene
13:54:31.425 [JavaFX Application Thread] DEBUG FXGLAssetLoaderServi - Loading from file system: file:/C:/Users/Karan/Documents/School/M359/Animation%20Project/target/classes/assets/textures/slow.png
13:54:31.448 [JavaFX Application Thread] DEBUG FXGLAssetLoaderServi - Loading from file system: file:/C:/Users/Karan/Documents/School/M359/Animation%20Project/target/classes/assets/textures/finish.jpg
13:54:31.476 [JavaFX Application Thread] DEBUG PrimaryStageWindow   - Push state: DialogSubScene
13:54:31.476 [JavaFX Application Thread] DEBUG Input                - Clearing active input actions
13:54:31.477 [JavaFX Application Thread] DEBUG GameApplicationServi - Removing overlay from GameScene and adding to DialogSubScene
13:54:31.477 [JavaFX Application Thread] DEBUG PrimaryStageWindow   - GameScene -> DialogSubScene
13:54:33.054 [FXGL Background Thread 3 ] DEBUG Engine               - Logging environment variables
13:54:33.054 [FXGL Background Thread 3 ] DEBUG Engine               - achievements: []
13:54:33.054 [FXGL Background Thread 3 ] DEBUG Engine               - actualHeight: 900.0
13:54:33.054 [FXGL Background Thread 3 ] DEBUG Engine               - actualHeightProperty: ReadOnlyDoubleProperty [value: 900.0]
13:54:33.054 [FXGL Background Thread 3 ] DEBUG Engine               - actualWidth: 1600.0
13:54:33.055 [FXGL Background Thread 3 ] DEBUG Engine               - actualWidthProperty: ReadOnlyDoubleProperty [value: 1600.0]
13:54:33.055 [FXGL Background Thread 3 ] DEBUG Engine               - appIcon: fxgl_icon.png
13:54:33.055 [FXGL Background Thread 3 ] DEBUG Engine               - applicationMode: DEVELOPER
13:54:33.055 [FXGL Background Thread 3 ] DEBUG Engine               - cSSList: [fxgl_dark.css]
13:54:33.055 [FXGL Background Thread 3 ] DEBUG Engine               - collisionDetectionStrategy: BRUTE_FORCE
13:54:33.055 [FXGL Background Thread 3 ] DEBUG Engine               - configClass: Optional.empty
13:54:33.055 [FXGL Background Thread 3 ] DEBUG Engine               - credits: []
13:54:33.055 [FXGL Background Thread 3 ] DEBUG Engine               - devBBoxColorProperty: ObjectProperty [value: 0xff0000ff]
13:54:33.055 [FXGL Background Thread 3 ] DEBUG Engine               - devEnableDebugCameraProperty: BooleanProperty [value: false]
13:54:33.056 [FXGL Background Thread 3 ] DEBUG Engine               - devSensorColorProperty: ObjectProperty [value: 0xffff00ff]
13:54:33.056 [FXGL Background Thread 3 ] DEBUG Engine               - devShowBBoxProperty: BooleanProperty [value: false]
13:54:33.056 [FXGL Background Thread 3 ] DEBUG Engine               - devShowPositionProperty: BooleanProperty [value: false]
13:54:33.056 [FXGL Background Thread 3 ] DEBUG Engine               - enabledMenuItems: []
13:54:33.056 [FXGL Background Thread 3 ] DEBUG Engine               - engineServices: [class com.almasb.fxgl.app.services.FXGLAssetLoaderService, class com.almasb.fxgl.app.FXGLApplication$GameApplicationService, class com.almasb.fxgl.app.services.FXGLDialogService, class com.almasb.fxgl.app.services.IOTaskExecutorService, class com.almasb.fxgl.event.EventBusService, class com.almasb.fxgl.io.FileSystemService, class com.almasb.fxgl.localization.LocalizationService, class com.almasb.fxgl.app.services.SystemBundleService, class com.almasb.fxgl.profile.SaveLoadService, class com.almasb.fxgl.ui.FXGLUIFactoryServiceProvider, class com.almasb.fxgl.ui.FXGLDialogFactoryServiceProvider, class com.almasb.fxgl.audio.AudioPlayer, class com.almasb.fxgl.notification.impl.NotificationServiceProvider, class com.almasb.fxgl.achievement.AchievementService, class com.almasb.fxgl.cutscene.CutsceneService, class com.almasb.fxgl.minigames.MiniGameService, class com.almasb.fxgl.net.NetService, class com.almasb.fxgl.app.services.UpdaterService, class com.almasb.fxgl.dev.DevService]
13:54:33.056 [FXGL Background Thread 3 ] DEBUG Engine               - fontGame: Abel-Regular.ttf
13:54:33.056 [FXGL Background Thread 3 ] DEBUG Engine               - fontMono: lucida_console.ttf
13:54:33.056 [FXGL Background Thread 3 ] DEBUG Engine               - fontText: Courier-Prime.ttf
13:54:33.056 [FXGL Background Thread 3 ] DEBUG Engine               - fontUI: VarelaRound-Regular.ttf
13:54:33.056 [FXGL Background Thread 3 ] DEBUG Engine               - fullScreen: BooleanProperty [value: false]
13:54:33.057 [FXGL Background Thread 3 ] DEBUG Engine               - gameDifficulty: MEDIUM
13:54:33.057 [FXGL Background Thread 3 ] DEBUG Engine               - gameDifficultyProperty: ObjectProperty [value: MEDIUM]
13:54:33.057 [FXGL Background Thread 3 ] DEBUG Engine               - globalMusicVolume: 0.5
13:54:33.057 [FXGL Background Thread 3 ] DEBUG Engine               - globalMusicVolumeProperty: DoubleProperty [value: 0.5]
13:54:33.057 [FXGL Background Thread 3 ] DEBUG Engine               - globalSoundVolume: 0.5
13:54:33.057 [FXGL Background Thread 3 ] DEBUG Engine               - globalSoundVolumeProperty: DoubleProperty [value: 0.5]
13:54:33.057 [FXGL Background Thread 3 ] DEBUG Engine               - height: 900
13:54:33.057 [FXGL Background Thread 3 ] DEBUG Engine               - isAndroid: false
13:54:33.057 [FXGL Background Thread 3 ] DEBUG Engine               - isBrowser: false
13:54:33.057 [FXGL Background Thread 3 ] DEBUG Engine               - isClickFeedbackEnabled: false
13:54:33.057 [FXGL Background Thread 3 ] DEBUG Engine               - isCloseConfirmation: false
13:54:33.057 [FXGL Background Thread 3 ] DEBUG Engine               - isDesktop: true
13:54:33.057 [FXGL Background Thread 3 ] DEBUG Engine               - isDeveloperMenuEnabled: false
13:54:33.058 [FXGL Background Thread 3 ] DEBUG Engine               - isEntityPreloadEnabled: true
13:54:33.058 [FXGL Background Thread 3 ] DEBUG Engine               - isExperimental3D: false
13:54:33.058 [FXGL Background Thread 3 ] DEBUG Engine               - isExperimentalNative: false
13:54:33.058 [FXGL Background Thread 3 ] DEBUG Engine               - isExperimentalTiledLargeMap: false
13:54:33.058 [FXGL Background Thread 3 ] DEBUG Engine               - isFileSystemWriteAllowed: true
13:54:33.058 [FXGL Background Thread 3 ] DEBUG Engine               - isFullScreenAllowed: false
13:54:33.058 [FXGL Background Thread 3 ] DEBUG Engine               - isFullScreenFromStart: false
13:54:33.058 [FXGL Background Thread 3 ] DEBUG Engine               - isGameMenuEnabled: true
13:54:33.058 [FXGL Background Thread 3 ] DEBUG Engine               - isIOS: false
13:54:33.058 [FXGL Background Thread 3 ] DEBUG Engine               - isIntroEnabled: false
13:54:33.058 [FXGL Background Thread 3 ] DEBUG Engine               - isLinux: false
13:54:33.059 [FXGL Background Thread 3 ] DEBUG Engine               - isMac: false
13:54:33.059 [FXGL Background Thread 3 ] DEBUG Engine               - isMainMenuEnabled: true
13:54:33.059 [FXGL Background Thread 3 ] DEBUG Engine               - isManualResizeEnabled: false
13:54:33.059 [FXGL Background Thread 3 ] DEBUG Engine               - isMobile: false
13:54:33.059 [FXGL Background Thread 3 ] DEBUG Engine               - isPreserveResizeRatio: false
13:54:33.059 [FXGL Background Thread 3 ] DEBUG Engine               - isProfilingEnabled: false
13:54:33.059 [FXGL Background Thread 3 ] DEBUG Engine               - isScaleAffectedOnResize: true
13:54:33.059 [FXGL Background Thread 3 ] DEBUG Engine               - isSingleStep: false
13:54:33.059 [FXGL Background Thread 3 ] DEBUG Engine               - isUserProfileEnabled: false
13:54:33.059 [FXGL Background Thread 3 ] DEBUG Engine               - isWindows: true
13:54:33.059 [FXGL Background Thread 3 ] DEBUG Engine               - language: ObjectProperty [value: ENGLISH]
13:54:33.059 [FXGL Background Thread 3 ] DEBUG Engine               - menuKey: ESCAPE
13:54:33.059 [FXGL Background Thread 3 ] DEBUG Engine               - notificationViewClass: class com.almasb.fxgl.notification.view.XboxNotificationView
13:54:33.059 [FXGL Background Thread 3 ] DEBUG Engine               - pixelsPerMeter: 50.0
13:54:33.059 [FXGL Background Thread 3 ] DEBUG Engine               - platform: WINDOWS
13:54:33.059 [FXGL Background Thread 3 ] DEBUG Engine               - prefHeightProperty: ReadOnlyDoubleProperty [value: 900.0]
13:54:33.060 [FXGL Background Thread 3 ] DEBUG Engine               - prefWidthProperty: ReadOnlyDoubleProperty [value: 1600.0]
13:54:33.060 [FXGL Background Thread 3 ] DEBUG Engine               - profileDir: profiles/
13:54:33.060 [FXGL Background Thread 3 ] DEBUG Engine               - profileName: StringProperty [value: DEFAULT]
13:54:33.060 [FXGL Background Thread 3 ] DEBUG Engine               - randomSeed: -1
13:54:33.060 [FXGL Background Thread 3 ] DEBUG Engine               - runtimeInfo: RuntimeInfo(platform=WINDOWS, version=dev-SNAPSHOT, build=14.03.2021 13.40)
13:54:33.060 [FXGL Background Thread 3 ] DEBUG Engine               - saveFileExt: sav
13:54:33.060 [FXGL Background Thread 3 ] DEBUG Engine               - scaledHeightProp$fxgl: DoubleProperty [bound, value: 900.0]
13:54:33.060 [FXGL Background Thread 3 ] DEBUG Engine               - scaledWidthProp$fxgl: DoubleProperty [bound, value: 1600.0]
13:54:33.060 [FXGL Background Thread 3 ] DEBUG Engine               - sceneFactory: com.almasb.fxgl.app.scene.SceneFactory@81e6d00
13:54:33.060 [FXGL Background Thread 3 ] DEBUG Engine               - secondsIn24h: 60
13:54:33.060 [FXGL Background Thread 3 ] DEBUG Engine               - soundMenuBack: menu/back.wav
13:54:33.060 [FXGL Background Thread 3 ] DEBUG Engine               - soundMenuPress: menu/press.wav
13:54:33.060 [FXGL Background Thread 3 ] DEBUG Engine               - soundMenuSelect: menu/select.wav
13:54:33.060 [FXGL Background Thread 3 ] DEBUG Engine               - soundNotification: core/notification.wav
13:54:33.060 [FXGL Background Thread 3 ] DEBUG Engine               - stageStyle: DECORATED
13:54:33.060 [FXGL Background Thread 3 ] DEBUG Engine               - supportedLanguages: [ENGLISH, FRENCH, GERMAN, HUNGARIAN, RUSSIAN]
13:54:33.061 [FXGL Background Thread 3 ] DEBUG Engine               - ticksPerSecond: -1
13:54:33.061 [FXGL Background Thread 3 ] DEBUG Engine               - title: Flappy Bird
13:54:33.061 [FXGL Background Thread 3 ] DEBUG Engine               - urlGithub: https://github.com/AlmasB/FXGL
13:54:33.061 [FXGL Background Thread 3 ] DEBUG Engine               - urlLeaderboard: http://fxgl-top.herokuapp.com/
13:54:33.061 [FXGL Background Thread 3 ] DEBUG Engine               - urlPOM: https://raw.githubusercontent.com/AlmasB/FXGL/release/README.md
13:54:33.061 [FXGL Background Thread 3 ] DEBUG Engine               - userAppClass: class com.almasb.fxglgames.flappy.FlappyBirdApp
13:54:33.061 [FXGL Background Thread 3 ] DEBUG Engine               - version: 
13:54:33.061 [FXGL Background Thread 3 ] DEBUG Engine               - versionCheckDays: 7
13:54:33.061 [FXGL Background Thread 3 ] DEBUG Engine               - width: 1600
13:54:33.061 [FXGL Background Thread 3 ] DEBUG Engine               - Logging services
13:54:33.061 [FXGL Background Thread 3 ] DEBUG Engine               - class com.almasb.fxgl.app.services.FXGLAssetLoaderService
13:54:33.061 [FXGL Background Thread 3 ] DEBUG Engine               - class com.almasb.fxgl.app.FXGLApplication$GameApplicationService
13:54:33.061 [FXGL Background Thread 3 ] DEBUG Engine               - class com.almasb.fxgl.app.services.FXGLDialogService
13:54:33.061 [FXGL Background Thread 3 ] DEBUG Engine               - class com.almasb.fxgl.app.services.IOTaskExecutorService
13:54:33.061 [FXGL Background Thread 3 ] DEBUG Engine               - class com.almasb.fxgl.event.EventBusService
13:54:33.061 [FXGL Background Thread 3 ] DEBUG Engine               - class com.almasb.fxgl.io.FileSystemService
13:54:33.062 [FXGL Background Thread 3 ] DEBUG Engine               - class com.almasb.fxgl.localization.LocalizationService
13:54:33.062 [FXGL Background Thread 3 ] DEBUG Engine               - class com.almasb.fxgl.app.services.SystemBundleService
13:54:33.062 [FXGL Background Thread 3 ] DEBUG Engine               - class com.almasb.fxgl.profile.SaveLoadService
13:54:33.062 [FXGL Background Thread 3 ] DEBUG Engine               - class com.almasb.fxgl.ui.FXGLUIFactoryServiceProvider
13:54:33.062 [FXGL Background Thread 3 ] DEBUG Engine               - class com.almasb.fxgl.ui.FXGLDialogFactoryServiceProvider
13:54:33.062 [FXGL Background Thread 3 ] DEBUG Engine               - class com.almasb.fxgl.audio.AudioPlayer
13:54:33.062 [FXGL Background Thread 3 ] DEBUG Engine               - class com.almasb.fxgl.notification.impl.NotificationServiceProvider
13:54:33.062 [FXGL Background Thread 3 ] DEBUG Engine               - class com.almasb.fxgl.achievement.AchievementService
13:54:33.062 [FXGL Background Thread 3 ] DEBUG Engine               - class com.almasb.fxgl.cutscene.CutsceneService
13:54:33.062 [FXGL Background Thread 3 ] DEBUG Engine               - class com.almasb.fxgl.minigames.MiniGameService
13:54:33.062 [FXGL Background Thread 3 ] DEBUG Engine               - class com.almasb.fxgl.net.NetService
13:54:33.062 [FXGL Background Thread 3 ] DEBUG Engine               - class com.almasb.fxgl.app.services.UpdaterService
13:54:33.062 [FXGL Background Thread 3 ] DEBUG Engine               - class com.almasb.fxgl.dev.DevService
13:54:34.977 [JavaFX Application Thread] DEBUG FXGLApplication      - Exiting FXGL
13:54:34.977 [JavaFX Application Thread] DEBUG LoopRunner           - Stopping loop
13:54:34.977 [JavaFX Application Thread] DEBUG SystemBundleService  - Saving FXGL system data
13:54:34.980 [JavaFX Application Thread] DEBUG FileSystemAccess     - Writing to: C:\Users\Karan\Documents\School\M359\Animation Project\system\fxgl.bundle
13:54:34.981 [JavaFX Application Thread] DEBUG Async                - Shutting down background threads
13:54:34.981 [JavaFX Application Thread] DEBUG PrimaryStageWindow   - Closing main window
13:54:35.033 [JavaFX Application Thread] DEBUG Logger               - Closing Logger
